[2024-02-14T11:25:45.544+0500] {processor.py:161} INFO - Started process (PID=29027) to work on /Users/syedmuneebhussain/Documents/Personal/Projects/airflow_project/airflow_dir/dags/dummy_dag.py
[2024-02-14T11:25:45.545+0500] {processor.py:830} INFO - Processing file /Users/syedmuneebhussain/Documents/Personal/Projects/airflow_project/airflow_dir/dags/dummy_dag.py for tasks to queue
[2024-02-14T11:25:45.546+0500] {logging_mixin.py:188} INFO - [2024-02-14T11:25:45.545+0500] {dagbag.py:538} INFO - Filling up the DagBag from /Users/syedmuneebhussain/Documents/Personal/Projects/airflow_project/airflow_dir/dags/dummy_dag.py
[2024-02-14T11:25:45.563+0500] {processor.py:840} INFO - DAG(s) 'my_dag' retrieved from /Users/syedmuneebhussain/Documents/Personal/Projects/airflow_project/airflow_dir/dags/dummy_dag.py
[2024-02-14T11:25:45.707+0500] {logging_mixin.py:188} INFO - [2024-02-14T11:25:45.706+0500] {dag.py:3036} INFO - Sync 1 DAGs
[2024-02-14T11:25:45.724+0500] {logging_mixin.py:188} INFO - [2024-02-14T11:25:45.724+0500] {dag.py:3823} INFO - Setting next_dagrun for my_dag to 2023-01-01 00:00:00+00:00, run_after=2023-01-02 00:00:00+00:00
[2024-02-14T11:25:45.738+0500] {processor.py:183} INFO - Processing /Users/syedmuneebhussain/Documents/Personal/Projects/airflow_project/airflow_dir/dags/dummy_dag.py took 0.194 seconds
[2024-02-14T11:26:29.492+0500] {processor.py:161} INFO - Started process (PID=29150) to work on /Users/syedmuneebhussain/Documents/Personal/Projects/airflow_project/airflow_dir/dags/dummy_dag.py
[2024-02-14T11:26:29.494+0500] {processor.py:830} INFO - Processing file /Users/syedmuneebhussain/Documents/Personal/Projects/airflow_project/airflow_dir/dags/dummy_dag.py for tasks to queue
[2024-02-14T11:26:29.494+0500] {logging_mixin.py:188} INFO - [2024-02-14T11:26:29.494+0500] {dagbag.py:538} INFO - Filling up the DagBag from /Users/syedmuneebhussain/Documents/Personal/Projects/airflow_project/airflow_dir/dags/dummy_dag.py
[2024-02-14T11:26:29.511+0500] {processor.py:840} INFO - DAG(s) 'my_dag' retrieved from /Users/syedmuneebhussain/Documents/Personal/Projects/airflow_project/airflow_dir/dags/dummy_dag.py
[2024-02-14T11:26:29.596+0500] {logging_mixin.py:188} INFO - [2024-02-14T11:26:29.596+0500] {dag.py:3036} INFO - Sync 1 DAGs
[2024-02-14T11:26:29.615+0500] {logging_mixin.py:188} INFO - [2024-02-14T11:26:29.615+0500] {dag.py:3823} INFO - Setting next_dagrun for my_dag to 2023-01-01 00:00:00+00:00, run_after=2023-01-02 00:00:00+00:00
[2024-02-14T11:26:29.628+0500] {processor.py:183} INFO - Processing /Users/syedmuneebhussain/Documents/Personal/Projects/airflow_project/airflow_dir/dags/dummy_dag.py took 0.136 seconds
[2024-02-14T11:27:32.787+0500] {processor.py:161} INFO - Started process (PID=29266) to work on /Users/syedmuneebhussain/Documents/Personal/Projects/airflow_project/airflow_dir/dags/dummy_dag.py
[2024-02-14T11:27:32.788+0500] {processor.py:830} INFO - Processing file /Users/syedmuneebhussain/Documents/Personal/Projects/airflow_project/airflow_dir/dags/dummy_dag.py for tasks to queue
[2024-02-14T11:27:32.789+0500] {logging_mixin.py:188} INFO - [2024-02-14T11:27:32.788+0500] {dagbag.py:538} INFO - Filling up the DagBag from /Users/syedmuneebhussain/Documents/Personal/Projects/airflow_project/airflow_dir/dags/dummy_dag.py
[2024-02-14T11:27:32.809+0500] {processor.py:840} INFO - DAG(s) 'my_dag' retrieved from /Users/syedmuneebhussain/Documents/Personal/Projects/airflow_project/airflow_dir/dags/dummy_dag.py
[2024-02-14T11:27:32.939+0500] {logging_mixin.py:188} INFO - [2024-02-14T11:27:32.939+0500] {dag.py:3036} INFO - Sync 1 DAGs
[2024-02-14T11:27:32.958+0500] {logging_mixin.py:188} INFO - [2024-02-14T11:27:32.958+0500] {dag.py:3823} INFO - Setting next_dagrun for my_dag to 2023-01-01 00:00:00+00:00, run_after=2023-01-02 00:00:00+00:00
[2024-02-14T11:27:32.974+0500] {processor.py:183} INFO - Processing /Users/syedmuneebhussain/Documents/Personal/Projects/airflow_project/airflow_dir/dags/dummy_dag.py took 0.188 seconds
[2024-02-14T11:28:05.076+0500] {processor.py:161} INFO - Started process (PID=29304) to work on /Users/syedmuneebhussain/Documents/Personal/Projects/airflow_project/airflow_dir/dags/dummy_dag.py
[2024-02-14T11:28:05.077+0500] {processor.py:830} INFO - Processing file /Users/syedmuneebhussain/Documents/Personal/Projects/airflow_project/airflow_dir/dags/dummy_dag.py for tasks to queue
[2024-02-14T11:28:05.077+0500] {logging_mixin.py:188} INFO - [2024-02-14T11:28:05.077+0500] {dagbag.py:538} INFO - Filling up the DagBag from /Users/syedmuneebhussain/Documents/Personal/Projects/airflow_project/airflow_dir/dags/dummy_dag.py
[2024-02-14T11:28:05.100+0500] {processor.py:840} INFO - DAG(s) 'my_dag' retrieved from /Users/syedmuneebhussain/Documents/Personal/Projects/airflow_project/airflow_dir/dags/dummy_dag.py
[2024-02-14T11:28:05.324+0500] {logging_mixin.py:188} INFO - [2024-02-14T11:28:05.323+0500] {dag.py:3036} INFO - Sync 1 DAGs
[2024-02-14T11:28:05.345+0500] {logging_mixin.py:188} INFO - [2024-02-14T11:28:05.345+0500] {dag.py:3823} INFO - Setting next_dagrun for my_dag to 2023-01-01 00:00:00+00:00, run_after=2023-01-02 00:00:00+00:00
[2024-02-14T11:28:05.359+0500] {processor.py:183} INFO - Processing /Users/syedmuneebhussain/Documents/Personal/Projects/airflow_project/airflow_dir/dags/dummy_dag.py took 0.284 seconds
[2024-02-14T11:28:37.429+0500] {processor.py:161} INFO - Started process (PID=29339) to work on /Users/syedmuneebhussain/Documents/Personal/Projects/airflow_project/airflow_dir/dags/dummy_dag.py
[2024-02-14T11:28:37.430+0500] {processor.py:830} INFO - Processing file /Users/syedmuneebhussain/Documents/Personal/Projects/airflow_project/airflow_dir/dags/dummy_dag.py for tasks to queue
[2024-02-14T11:28:37.431+0500] {logging_mixin.py:188} INFO - [2024-02-14T11:28:37.430+0500] {dagbag.py:538} INFO - Filling up the DagBag from /Users/syedmuneebhussain/Documents/Personal/Projects/airflow_project/airflow_dir/dags/dummy_dag.py
[2024-02-14T11:28:37.451+0500] {processor.py:840} INFO - DAG(s) 'my_dag' retrieved from /Users/syedmuneebhussain/Documents/Personal/Projects/airflow_project/airflow_dir/dags/dummy_dag.py
[2024-02-14T11:28:37.559+0500] {logging_mixin.py:188} INFO - [2024-02-14T11:28:37.559+0500] {dag.py:3036} INFO - Sync 1 DAGs
[2024-02-14T11:28:37.581+0500] {logging_mixin.py:188} INFO - [2024-02-14T11:28:37.581+0500] {dag.py:3823} INFO - Setting next_dagrun for my_dag to 2023-01-01 00:00:00+00:00, run_after=2023-01-02 00:00:00+00:00
[2024-02-14T11:28:37.597+0500] {processor.py:183} INFO - Processing /Users/syedmuneebhussain/Documents/Personal/Projects/airflow_project/airflow_dir/dags/dummy_dag.py took 0.168 seconds
[2024-02-14T11:29:09.483+0500] {processor.py:161} INFO - Started process (PID=29361) to work on /Users/syedmuneebhussain/Documents/Personal/Projects/airflow_project/airflow_dir/dags/dummy_dag.py
[2024-02-14T11:29:09.484+0500] {processor.py:830} INFO - Processing file /Users/syedmuneebhussain/Documents/Personal/Projects/airflow_project/airflow_dir/dags/dummy_dag.py for tasks to queue
[2024-02-14T11:29:09.485+0500] {logging_mixin.py:188} INFO - [2024-02-14T11:29:09.485+0500] {dagbag.py:538} INFO - Filling up the DagBag from /Users/syedmuneebhussain/Documents/Personal/Projects/airflow_project/airflow_dir/dags/dummy_dag.py
[2024-02-14T11:29:09.506+0500] {processor.py:840} INFO - DAG(s) 'my_dag' retrieved from /Users/syedmuneebhussain/Documents/Personal/Projects/airflow_project/airflow_dir/dags/dummy_dag.py
[2024-02-14T11:29:09.602+0500] {logging_mixin.py:188} INFO - [2024-02-14T11:29:09.602+0500] {dag.py:3036} INFO - Sync 1 DAGs
[2024-02-14T11:29:09.623+0500] {logging_mixin.py:188} INFO - [2024-02-14T11:29:09.623+0500] {dag.py:3823} INFO - Setting next_dagrun for my_dag to 2023-01-01 00:00:00+00:00, run_after=2023-01-02 00:00:00+00:00
[2024-02-14T11:29:09.636+0500] {processor.py:183} INFO - Processing /Users/syedmuneebhussain/Documents/Personal/Projects/airflow_project/airflow_dir/dags/dummy_dag.py took 0.154 seconds
[2024-02-14T11:29:41.839+0500] {processor.py:161} INFO - Started process (PID=29379) to work on /Users/syedmuneebhussain/Documents/Personal/Projects/airflow_project/airflow_dir/dags/dummy_dag.py
[2024-02-14T11:29:41.841+0500] {processor.py:830} INFO - Processing file /Users/syedmuneebhussain/Documents/Personal/Projects/airflow_project/airflow_dir/dags/dummy_dag.py for tasks to queue
[2024-02-14T11:29:41.841+0500] {logging_mixin.py:188} INFO - [2024-02-14T11:29:41.841+0500] {dagbag.py:538} INFO - Filling up the DagBag from /Users/syedmuneebhussain/Documents/Personal/Projects/airflow_project/airflow_dir/dags/dummy_dag.py
[2024-02-14T11:29:41.869+0500] {processor.py:840} INFO - DAG(s) 'my_dag' retrieved from /Users/syedmuneebhussain/Documents/Personal/Projects/airflow_project/airflow_dir/dags/dummy_dag.py
[2024-02-14T11:29:41.980+0500] {logging_mixin.py:188} INFO - [2024-02-14T11:29:41.979+0500] {dag.py:3036} INFO - Sync 1 DAGs
[2024-02-14T11:29:42.020+0500] {logging_mixin.py:188} INFO - [2024-02-14T11:29:42.020+0500] {dag.py:3823} INFO - Setting next_dagrun for my_dag to 2023-01-01 00:00:00+00:00, run_after=2023-01-02 00:00:00+00:00
[2024-02-14T11:29:42.045+0500] {processor.py:183} INFO - Processing /Users/syedmuneebhussain/Documents/Personal/Projects/airflow_project/airflow_dir/dags/dummy_dag.py took 0.207 seconds
[2024-02-14T11:31:04.845+0500] {processor.py:161} INFO - Started process (PID=29539) to work on /Users/syedmuneebhussain/Documents/Personal/Projects/airflow_project/airflow_dir/dags/dummy_dag.py
[2024-02-14T11:31:04.846+0500] {processor.py:830} INFO - Processing file /Users/syedmuneebhussain/Documents/Personal/Projects/airflow_project/airflow_dir/dags/dummy_dag.py for tasks to queue
[2024-02-14T11:31:04.846+0500] {logging_mixin.py:188} INFO - [2024-02-14T11:31:04.846+0500] {dagbag.py:538} INFO - Filling up the DagBag from /Users/syedmuneebhussain/Documents/Personal/Projects/airflow_project/airflow_dir/dags/dummy_dag.py
[2024-02-14T11:31:04.863+0500] {processor.py:840} INFO - DAG(s) 'my_dag' retrieved from /Users/syedmuneebhussain/Documents/Personal/Projects/airflow_project/airflow_dir/dags/dummy_dag.py
[2024-02-14T11:31:04.950+0500] {logging_mixin.py:188} INFO - [2024-02-14T11:31:04.950+0500] {dag.py:3036} INFO - Sync 1 DAGs
[2024-02-14T11:31:04.968+0500] {logging_mixin.py:188} INFO - [2024-02-14T11:31:04.968+0500] {dag.py:3823} INFO - Setting next_dagrun for my_dag to 2023-01-01 00:00:00+00:00, run_after=2023-01-02 00:00:00+00:00
[2024-02-14T11:31:04.980+0500] {processor.py:183} INFO - Processing /Users/syedmuneebhussain/Documents/Personal/Projects/airflow_project/airflow_dir/dags/dummy_dag.py took 0.136 seconds
[2024-02-14T11:31:51.360+0500] {processor.py:161} INFO - Started process (PID=29685) to work on /Users/syedmuneebhussain/Documents/Personal/Projects/airflow_project/airflow_dir/dags/dummy_dag.py
[2024-02-14T11:31:51.361+0500] {processor.py:830} INFO - Processing file /Users/syedmuneebhussain/Documents/Personal/Projects/airflow_project/airflow_dir/dags/dummy_dag.py for tasks to queue
[2024-02-14T11:31:51.361+0500] {logging_mixin.py:188} INFO - [2024-02-14T11:31:51.361+0500] {dagbag.py:538} INFO - Filling up the DagBag from /Users/syedmuneebhussain/Documents/Personal/Projects/airflow_project/airflow_dir/dags/dummy_dag.py
[2024-02-14T11:31:51.378+0500] {processor.py:840} INFO - DAG(s) 'my_dag' retrieved from /Users/syedmuneebhussain/Documents/Personal/Projects/airflow_project/airflow_dir/dags/dummy_dag.py
[2024-02-14T11:31:51.462+0500] {logging_mixin.py:188} INFO - [2024-02-14T11:31:51.461+0500] {dag.py:3036} INFO - Sync 1 DAGs
[2024-02-14T11:31:51.480+0500] {logging_mixin.py:188} INFO - [2024-02-14T11:31:51.479+0500] {dag.py:3823} INFO - Setting next_dagrun for my_dag to 2023-01-01 00:00:00+00:00, run_after=2023-01-02 00:00:00+00:00
[2024-02-14T11:31:51.494+0500] {processor.py:183} INFO - Processing /Users/syedmuneebhussain/Documents/Personal/Projects/airflow_project/airflow_dir/dags/dummy_dag.py took 0.134 seconds
[2024-02-14T11:32:31.545+0500] {processor.py:161} INFO - Started process (PID=29794) to work on /Users/syedmuneebhussain/Documents/Personal/Projects/airflow_project/airflow_dir/dags/dummy_dag.py
[2024-02-14T11:32:31.547+0500] {processor.py:830} INFO - Processing file /Users/syedmuneebhussain/Documents/Personal/Projects/airflow_project/airflow_dir/dags/dummy_dag.py for tasks to queue
[2024-02-14T11:32:31.547+0500] {logging_mixin.py:188} INFO - [2024-02-14T11:32:31.547+0500] {dagbag.py:538} INFO - Filling up the DagBag from /Users/syedmuneebhussain/Documents/Personal/Projects/airflow_project/airflow_dir/dags/dummy_dag.py
[2024-02-14T11:32:31.563+0500] {processor.py:840} INFO - DAG(s) 'my_dag' retrieved from /Users/syedmuneebhussain/Documents/Personal/Projects/airflow_project/airflow_dir/dags/dummy_dag.py
[2024-02-14T11:32:31.646+0500] {logging_mixin.py:188} INFO - [2024-02-14T11:32:31.645+0500] {dag.py:3036} INFO - Sync 1 DAGs
[2024-02-14T11:32:31.665+0500] {logging_mixin.py:188} INFO - [2024-02-14T11:32:31.664+0500] {dag.py:3823} INFO - Setting next_dagrun for my_dag to 2023-01-01 00:00:00+00:00, run_after=2023-01-02 00:00:00+00:00
[2024-02-14T11:32:31.678+0500] {processor.py:183} INFO - Processing /Users/syedmuneebhussain/Documents/Personal/Projects/airflow_project/airflow_dir/dags/dummy_dag.py took 0.133 seconds
[2024-02-14T11:33:11.634+0500] {processor.py:161} INFO - Started process (PID=29916) to work on /Users/syedmuneebhussain/Documents/Personal/Projects/airflow_project/airflow_dir/dags/dummy_dag.py
[2024-02-14T11:33:11.635+0500] {processor.py:830} INFO - Processing file /Users/syedmuneebhussain/Documents/Personal/Projects/airflow_project/airflow_dir/dags/dummy_dag.py for tasks to queue
[2024-02-14T11:33:11.636+0500] {logging_mixin.py:188} INFO - [2024-02-14T11:33:11.635+0500] {dagbag.py:538} INFO - Filling up the DagBag from /Users/syedmuneebhussain/Documents/Personal/Projects/airflow_project/airflow_dir/dags/dummy_dag.py
[2024-02-14T11:33:11.652+0500] {processor.py:840} INFO - DAG(s) 'my_dag' retrieved from /Users/syedmuneebhussain/Documents/Personal/Projects/airflow_project/airflow_dir/dags/dummy_dag.py
[2024-02-14T11:33:11.738+0500] {logging_mixin.py:188} INFO - [2024-02-14T11:33:11.738+0500] {dag.py:3036} INFO - Sync 1 DAGs
[2024-02-14T11:33:11.758+0500] {logging_mixin.py:188} INFO - [2024-02-14T11:33:11.758+0500] {dag.py:3823} INFO - Setting next_dagrun for my_dag to 2023-01-01 00:00:00+00:00, run_after=2023-01-02 00:00:00+00:00
[2024-02-14T11:33:11.771+0500] {processor.py:183} INFO - Processing /Users/syedmuneebhussain/Documents/Personal/Projects/airflow_project/airflow_dir/dags/dummy_dag.py took 0.139 seconds
[2024-02-14T11:33:51.637+0500] {processor.py:161} INFO - Started process (PID=30042) to work on /Users/syedmuneebhussain/Documents/Personal/Projects/airflow_project/airflow_dir/dags/dummy_dag.py
[2024-02-14T11:33:51.638+0500] {processor.py:830} INFO - Processing file /Users/syedmuneebhussain/Documents/Personal/Projects/airflow_project/airflow_dir/dags/dummy_dag.py for tasks to queue
[2024-02-14T11:33:51.638+0500] {logging_mixin.py:188} INFO - [2024-02-14T11:33:51.638+0500] {dagbag.py:538} INFO - Filling up the DagBag from /Users/syedmuneebhussain/Documents/Personal/Projects/airflow_project/airflow_dir/dags/dummy_dag.py
[2024-02-14T11:33:51.655+0500] {processor.py:840} INFO - DAG(s) 'my_dag' retrieved from /Users/syedmuneebhussain/Documents/Personal/Projects/airflow_project/airflow_dir/dags/dummy_dag.py
[2024-02-14T11:33:51.739+0500] {logging_mixin.py:188} INFO - [2024-02-14T11:33:51.739+0500] {dag.py:3036} INFO - Sync 1 DAGs
[2024-02-14T11:33:51.772+0500] {logging_mixin.py:188} INFO - [2024-02-14T11:33:51.772+0500] {dag.py:3823} INFO - Setting next_dagrun for my_dag to 2023-01-01 00:00:00+00:00, run_after=2023-01-02 00:00:00+00:00
[2024-02-14T11:33:51.784+0500] {processor.py:183} INFO - Processing /Users/syedmuneebhussain/Documents/Personal/Projects/airflow_project/airflow_dir/dags/dummy_dag.py took 0.148 seconds
[2024-02-14T11:34:33.346+0500] {processor.py:161} INFO - Started process (PID=30202) to work on /Users/syedmuneebhussain/Documents/Personal/Projects/airflow_project/airflow_dir/dags/dummy_dag.py
[2024-02-14T11:34:33.347+0500] {processor.py:830} INFO - Processing file /Users/syedmuneebhussain/Documents/Personal/Projects/airflow_project/airflow_dir/dags/dummy_dag.py for tasks to queue
[2024-02-14T11:34:33.348+0500] {logging_mixin.py:188} INFO - [2024-02-14T11:34:33.347+0500] {dagbag.py:538} INFO - Filling up the DagBag from /Users/syedmuneebhussain/Documents/Personal/Projects/airflow_project/airflow_dir/dags/dummy_dag.py
[2024-02-14T11:34:33.367+0500] {processor.py:840} INFO - DAG(s) 'my_dag' retrieved from /Users/syedmuneebhussain/Documents/Personal/Projects/airflow_project/airflow_dir/dags/dummy_dag.py
[2024-02-14T11:34:33.565+0500] {logging_mixin.py:188} INFO - [2024-02-14T11:34:33.565+0500] {dag.py:3036} INFO - Sync 1 DAGs
[2024-02-14T11:34:33.581+0500] {logging_mixin.py:188} INFO - [2024-02-14T11:34:33.581+0500] {dag.py:3823} INFO - Setting next_dagrun for my_dag to 2023-01-01 00:00:00+00:00, run_after=2023-01-02 00:00:00+00:00
[2024-02-14T11:34:33.597+0500] {processor.py:183} INFO - Processing /Users/syedmuneebhussain/Documents/Personal/Projects/airflow_project/airflow_dir/dags/dummy_dag.py took 0.251 seconds
[2024-02-14T11:35:18.654+0500] {processor.py:161} INFO - Started process (PID=30334) to work on /Users/syedmuneebhussain/Documents/Personal/Projects/airflow_project/airflow_dir/dags/dummy_dag.py
[2024-02-14T11:35:18.655+0500] {processor.py:830} INFO - Processing file /Users/syedmuneebhussain/Documents/Personal/Projects/airflow_project/airflow_dir/dags/dummy_dag.py for tasks to queue
[2024-02-14T11:35:18.656+0500] {logging_mixin.py:188} INFO - [2024-02-14T11:35:18.655+0500] {dagbag.py:538} INFO - Filling up the DagBag from /Users/syedmuneebhussain/Documents/Personal/Projects/airflow_project/airflow_dir/dags/dummy_dag.py
[2024-02-14T11:35:18.672+0500] {processor.py:840} INFO - DAG(s) 'my_dag' retrieved from /Users/syedmuneebhussain/Documents/Personal/Projects/airflow_project/airflow_dir/dags/dummy_dag.py
[2024-02-14T11:35:18.768+0500] {logging_mixin.py:188} INFO - [2024-02-14T11:35:18.768+0500] {dag.py:3036} INFO - Sync 1 DAGs
[2024-02-14T11:35:18.785+0500] {logging_mixin.py:188} INFO - [2024-02-14T11:35:18.785+0500] {dag.py:3823} INFO - Setting next_dagrun for my_dag to 2023-01-01 00:00:00+00:00, run_after=2023-01-02 00:00:00+00:00
[2024-02-14T11:35:18.798+0500] {processor.py:183} INFO - Processing /Users/syedmuneebhussain/Documents/Personal/Projects/airflow_project/airflow_dir/dags/dummy_dag.py took 0.145 seconds
[2024-02-14T11:35:58.904+0500] {processor.py:161} INFO - Started process (PID=30444) to work on /Users/syedmuneebhussain/Documents/Personal/Projects/airflow_project/airflow_dir/dags/dummy_dag.py
[2024-02-14T11:35:58.905+0500] {processor.py:830} INFO - Processing file /Users/syedmuneebhussain/Documents/Personal/Projects/airflow_project/airflow_dir/dags/dummy_dag.py for tasks to queue
[2024-02-14T11:35:58.906+0500] {logging_mixin.py:188} INFO - [2024-02-14T11:35:58.906+0500] {dagbag.py:538} INFO - Filling up the DagBag from /Users/syedmuneebhussain/Documents/Personal/Projects/airflow_project/airflow_dir/dags/dummy_dag.py
[2024-02-14T11:35:58.921+0500] {processor.py:840} INFO - DAG(s) 'my_dag' retrieved from /Users/syedmuneebhussain/Documents/Personal/Projects/airflow_project/airflow_dir/dags/dummy_dag.py
[2024-02-14T11:35:59.012+0500] {logging_mixin.py:188} INFO - [2024-02-14T11:35:59.011+0500] {dag.py:3036} INFO - Sync 1 DAGs
[2024-02-14T11:35:59.033+0500] {logging_mixin.py:188} INFO - [2024-02-14T11:35:59.032+0500] {dag.py:3823} INFO - Setting next_dagrun for my_dag to 2023-01-01 00:00:00+00:00, run_after=2023-01-02 00:00:00+00:00
[2024-02-14T11:35:59.045+0500] {processor.py:183} INFO - Processing /Users/syedmuneebhussain/Documents/Personal/Projects/airflow_project/airflow_dir/dags/dummy_dag.py took 0.141 seconds
[2024-02-14T11:36:39.055+0500] {processor.py:161} INFO - Started process (PID=30556) to work on /Users/syedmuneebhussain/Documents/Personal/Projects/airflow_project/airflow_dir/dags/dummy_dag.py
[2024-02-14T11:36:39.056+0500] {processor.py:830} INFO - Processing file /Users/syedmuneebhussain/Documents/Personal/Projects/airflow_project/airflow_dir/dags/dummy_dag.py for tasks to queue
[2024-02-14T11:36:39.057+0500] {logging_mixin.py:188} INFO - [2024-02-14T11:36:39.057+0500] {dagbag.py:538} INFO - Filling up the DagBag from /Users/syedmuneebhussain/Documents/Personal/Projects/airflow_project/airflow_dir/dags/dummy_dag.py
[2024-02-14T11:36:39.073+0500] {processor.py:840} INFO - DAG(s) 'my_dag' retrieved from /Users/syedmuneebhussain/Documents/Personal/Projects/airflow_project/airflow_dir/dags/dummy_dag.py
[2024-02-14T11:36:39.166+0500] {logging_mixin.py:188} INFO - [2024-02-14T11:36:39.166+0500] {dag.py:3036} INFO - Sync 1 DAGs
[2024-02-14T11:36:39.184+0500] {logging_mixin.py:188} INFO - [2024-02-14T11:36:39.184+0500] {dag.py:3823} INFO - Setting next_dagrun for my_dag to 2023-01-01 00:00:00+00:00, run_after=2023-01-02 00:00:00+00:00
[2024-02-14T11:36:39.195+0500] {processor.py:183} INFO - Processing /Users/syedmuneebhussain/Documents/Personal/Projects/airflow_project/airflow_dir/dags/dummy_dag.py took 0.141 seconds
[2024-02-14T11:37:19.226+0500] {processor.py:161} INFO - Started process (PID=30666) to work on /Users/syedmuneebhussain/Documents/Personal/Projects/airflow_project/airflow_dir/dags/dummy_dag.py
[2024-02-14T11:37:19.227+0500] {processor.py:830} INFO - Processing file /Users/syedmuneebhussain/Documents/Personal/Projects/airflow_project/airflow_dir/dags/dummy_dag.py for tasks to queue
[2024-02-14T11:37:19.227+0500] {logging_mixin.py:188} INFO - [2024-02-14T11:37:19.227+0500] {dagbag.py:538} INFO - Filling up the DagBag from /Users/syedmuneebhussain/Documents/Personal/Projects/airflow_project/airflow_dir/dags/dummy_dag.py
[2024-02-14T11:37:19.244+0500] {processor.py:840} INFO - DAG(s) 'my_dag' retrieved from /Users/syedmuneebhussain/Documents/Personal/Projects/airflow_project/airflow_dir/dags/dummy_dag.py
[2024-02-14T11:37:19.328+0500] {logging_mixin.py:188} INFO - [2024-02-14T11:37:19.327+0500] {dag.py:3036} INFO - Sync 1 DAGs
[2024-02-14T11:37:19.347+0500] {logging_mixin.py:188} INFO - [2024-02-14T11:37:19.346+0500] {dag.py:3823} INFO - Setting next_dagrun for my_dag to 2023-01-01 00:00:00+00:00, run_after=2023-01-02 00:00:00+00:00
[2024-02-14T11:37:19.360+0500] {processor.py:183} INFO - Processing /Users/syedmuneebhussain/Documents/Personal/Projects/airflow_project/airflow_dir/dags/dummy_dag.py took 0.135 seconds
[2024-02-14T11:37:59.328+0500] {processor.py:161} INFO - Started process (PID=30780) to work on /Users/syedmuneebhussain/Documents/Personal/Projects/airflow_project/airflow_dir/dags/dummy_dag.py
[2024-02-14T11:37:59.329+0500] {processor.py:830} INFO - Processing file /Users/syedmuneebhussain/Documents/Personal/Projects/airflow_project/airflow_dir/dags/dummy_dag.py for tasks to queue
[2024-02-14T11:37:59.329+0500] {logging_mixin.py:188} INFO - [2024-02-14T11:37:59.329+0500] {dagbag.py:538} INFO - Filling up the DagBag from /Users/syedmuneebhussain/Documents/Personal/Projects/airflow_project/airflow_dir/dags/dummy_dag.py
[2024-02-14T11:37:59.345+0500] {processor.py:840} INFO - DAG(s) 'my_dag' retrieved from /Users/syedmuneebhussain/Documents/Personal/Projects/airflow_project/airflow_dir/dags/dummy_dag.py
[2024-02-14T11:37:59.429+0500] {logging_mixin.py:188} INFO - [2024-02-14T11:37:59.429+0500] {dag.py:3036} INFO - Sync 1 DAGs
[2024-02-14T11:37:59.446+0500] {logging_mixin.py:188} INFO - [2024-02-14T11:37:59.446+0500] {dag.py:3823} INFO - Setting next_dagrun for my_dag to 2023-01-01 00:00:00+00:00, run_after=2023-01-02 00:00:00+00:00
[2024-02-14T11:37:59.459+0500] {processor.py:183} INFO - Processing /Users/syedmuneebhussain/Documents/Personal/Projects/airflow_project/airflow_dir/dags/dummy_dag.py took 0.132 seconds
[2024-02-14T11:38:39.678+0500] {processor.py:161} INFO - Started process (PID=30894) to work on /Users/syedmuneebhussain/Documents/Personal/Projects/airflow_project/airflow_dir/dags/dummy_dag.py
[2024-02-14T11:38:39.679+0500] {processor.py:830} INFO - Processing file /Users/syedmuneebhussain/Documents/Personal/Projects/airflow_project/airflow_dir/dags/dummy_dag.py for tasks to queue
[2024-02-14T11:38:39.679+0500] {logging_mixin.py:188} INFO - [2024-02-14T11:38:39.679+0500] {dagbag.py:538} INFO - Filling up the DagBag from /Users/syedmuneebhussain/Documents/Personal/Projects/airflow_project/airflow_dir/dags/dummy_dag.py
[2024-02-14T11:38:39.695+0500] {processor.py:840} INFO - DAG(s) 'my_dag' retrieved from /Users/syedmuneebhussain/Documents/Personal/Projects/airflow_project/airflow_dir/dags/dummy_dag.py
[2024-02-14T11:38:39.787+0500] {logging_mixin.py:188} INFO - [2024-02-14T11:38:39.787+0500] {dag.py:3036} INFO - Sync 1 DAGs
[2024-02-14T11:38:39.810+0500] {logging_mixin.py:188} INFO - [2024-02-14T11:38:39.809+0500] {dag.py:3823} INFO - Setting next_dagrun for my_dag to 2023-01-01 00:00:00+00:00, run_after=2023-01-02 00:00:00+00:00
[2024-02-14T11:38:39.823+0500] {processor.py:183} INFO - Processing /Users/syedmuneebhussain/Documents/Personal/Projects/airflow_project/airflow_dir/dags/dummy_dag.py took 0.146 seconds
[2024-02-14T11:39:23.391+0500] {processor.py:161} INFO - Started process (PID=31015) to work on /Users/syedmuneebhussain/Documents/Personal/Projects/airflow_project/airflow_dir/dags/dummy_dag.py
[2024-02-14T11:39:23.392+0500] {processor.py:830} INFO - Processing file /Users/syedmuneebhussain/Documents/Personal/Projects/airflow_project/airflow_dir/dags/dummy_dag.py for tasks to queue
[2024-02-14T11:39:23.393+0500] {logging_mixin.py:188} INFO - [2024-02-14T11:39:23.392+0500] {dagbag.py:538} INFO - Filling up the DagBag from /Users/syedmuneebhussain/Documents/Personal/Projects/airflow_project/airflow_dir/dags/dummy_dag.py
[2024-02-14T11:39:23.410+0500] {processor.py:840} INFO - DAG(s) 'my_dag' retrieved from /Users/syedmuneebhussain/Documents/Personal/Projects/airflow_project/airflow_dir/dags/dummy_dag.py
[2024-02-14T11:39:23.501+0500] {logging_mixin.py:188} INFO - [2024-02-14T11:39:23.501+0500] {dag.py:3036} INFO - Sync 1 DAGs
[2024-02-14T11:39:23.520+0500] {logging_mixin.py:188} INFO - [2024-02-14T11:39:23.520+0500] {dag.py:3823} INFO - Setting next_dagrun for my_dag to 2023-01-01 00:00:00+00:00, run_after=2023-01-02 00:00:00+00:00
[2024-02-14T11:39:23.536+0500] {processor.py:183} INFO - Processing /Users/syedmuneebhussain/Documents/Personal/Projects/airflow_project/airflow_dir/dags/dummy_dag.py took 0.145 seconds
[2024-02-14T11:40:13.253+0500] {processor.py:161} INFO - Started process (PID=31162) to work on /Users/syedmuneebhussain/Documents/Personal/Projects/airflow_project/airflow_dir/dags/dummy_dag.py
[2024-02-14T11:40:13.254+0500] {processor.py:830} INFO - Processing file /Users/syedmuneebhussain/Documents/Personal/Projects/airflow_project/airflow_dir/dags/dummy_dag.py for tasks to queue
[2024-02-14T11:40:13.254+0500] {logging_mixin.py:188} INFO - [2024-02-14T11:40:13.254+0500] {dagbag.py:538} INFO - Filling up the DagBag from /Users/syedmuneebhussain/Documents/Personal/Projects/airflow_project/airflow_dir/dags/dummy_dag.py
[2024-02-14T11:40:13.270+0500] {processor.py:840} INFO - DAG(s) 'my_dag' retrieved from /Users/syedmuneebhussain/Documents/Personal/Projects/airflow_project/airflow_dir/dags/dummy_dag.py
[2024-02-14T11:40:13.357+0500] {logging_mixin.py:188} INFO - [2024-02-14T11:40:13.357+0500] {dag.py:3036} INFO - Sync 1 DAGs
[2024-02-14T11:40:13.378+0500] {logging_mixin.py:188} INFO - [2024-02-14T11:40:13.378+0500] {dag.py:3823} INFO - Setting next_dagrun for my_dag to 2023-01-01 00:00:00+00:00, run_after=2023-01-02 00:00:00+00:00
[2024-02-14T11:40:13.395+0500] {processor.py:183} INFO - Processing /Users/syedmuneebhussain/Documents/Personal/Projects/airflow_project/airflow_dir/dags/dummy_dag.py took 0.143 seconds
[2024-02-14T11:41:01.713+0500] {processor.py:161} INFO - Started process (PID=31296) to work on /Users/syedmuneebhussain/Documents/Personal/Projects/airflow_project/airflow_dir/dags/dummy_dag.py
[2024-02-14T11:41:01.715+0500] {processor.py:830} INFO - Processing file /Users/syedmuneebhussain/Documents/Personal/Projects/airflow_project/airflow_dir/dags/dummy_dag.py for tasks to queue
[2024-02-14T11:41:01.715+0500] {logging_mixin.py:188} INFO - [2024-02-14T11:41:01.715+0500] {dagbag.py:538} INFO - Filling up the DagBag from /Users/syedmuneebhussain/Documents/Personal/Projects/airflow_project/airflow_dir/dags/dummy_dag.py
[2024-02-14T11:41:01.734+0500] {processor.py:840} INFO - DAG(s) 'my_dag' retrieved from /Users/syedmuneebhussain/Documents/Personal/Projects/airflow_project/airflow_dir/dags/dummy_dag.py
[2024-02-14T11:41:01.821+0500] {logging_mixin.py:188} INFO - [2024-02-14T11:41:01.820+0500] {dag.py:3036} INFO - Sync 1 DAGs
[2024-02-14T11:41:01.846+0500] {logging_mixin.py:188} INFO - [2024-02-14T11:41:01.846+0500] {dag.py:3823} INFO - Setting next_dagrun for my_dag to 2023-01-01 00:00:00+00:00, run_after=2023-01-02 00:00:00+00:00
[2024-02-14T11:41:01.868+0500] {processor.py:183} INFO - Processing /Users/syedmuneebhussain/Documents/Personal/Projects/airflow_project/airflow_dir/dags/dummy_dag.py took 0.156 seconds
[2024-02-14T11:41:50.336+0500] {processor.py:161} INFO - Started process (PID=31433) to work on /Users/syedmuneebhussain/Documents/Personal/Projects/airflow_project/airflow_dir/dags/dummy_dag.py
[2024-02-14T11:41:50.337+0500] {processor.py:830} INFO - Processing file /Users/syedmuneebhussain/Documents/Personal/Projects/airflow_project/airflow_dir/dags/dummy_dag.py for tasks to queue
[2024-02-14T11:41:50.338+0500] {logging_mixin.py:188} INFO - [2024-02-14T11:41:50.338+0500] {dagbag.py:538} INFO - Filling up the DagBag from /Users/syedmuneebhussain/Documents/Personal/Projects/airflow_project/airflow_dir/dags/dummy_dag.py
[2024-02-14T11:41:50.355+0500] {processor.py:840} INFO - DAG(s) 'my_dag' retrieved from /Users/syedmuneebhussain/Documents/Personal/Projects/airflow_project/airflow_dir/dags/dummy_dag.py
[2024-02-14T11:41:50.448+0500] {logging_mixin.py:188} INFO - [2024-02-14T11:41:50.447+0500] {dag.py:3036} INFO - Sync 1 DAGs
[2024-02-14T11:41:50.481+0500] {logging_mixin.py:188} INFO - [2024-02-14T11:41:50.481+0500] {dag.py:3823} INFO - Setting next_dagrun for my_dag to 2023-01-01 00:00:00+00:00, run_after=2023-01-02 00:00:00+00:00
[2024-02-14T11:41:50.509+0500] {processor.py:183} INFO - Processing /Users/syedmuneebhussain/Documents/Personal/Projects/airflow_project/airflow_dir/dags/dummy_dag.py took 0.174 seconds
[2024-02-14T11:42:38.235+0500] {processor.py:161} INFO - Started process (PID=31566) to work on /Users/syedmuneebhussain/Documents/Personal/Projects/airflow_project/airflow_dir/dags/dummy_dag.py
[2024-02-14T11:42:38.236+0500] {processor.py:830} INFO - Processing file /Users/syedmuneebhussain/Documents/Personal/Projects/airflow_project/airflow_dir/dags/dummy_dag.py for tasks to queue
[2024-02-14T11:42:38.236+0500] {logging_mixin.py:188} INFO - [2024-02-14T11:42:38.236+0500] {dagbag.py:538} INFO - Filling up the DagBag from /Users/syedmuneebhussain/Documents/Personal/Projects/airflow_project/airflow_dir/dags/dummy_dag.py
[2024-02-14T11:42:38.253+0500] {processor.py:840} INFO - DAG(s) 'my_dag' retrieved from /Users/syedmuneebhussain/Documents/Personal/Projects/airflow_project/airflow_dir/dags/dummy_dag.py
[2024-02-14T11:42:38.338+0500] {logging_mixin.py:188} INFO - [2024-02-14T11:42:38.338+0500] {dag.py:3036} INFO - Sync 1 DAGs
[2024-02-14T11:42:38.366+0500] {logging_mixin.py:188} INFO - [2024-02-14T11:42:38.366+0500] {dag.py:3823} INFO - Setting next_dagrun for my_dag to 2023-01-01 00:00:00+00:00, run_after=2023-01-02 00:00:00+00:00
[2024-02-14T11:42:38.382+0500] {processor.py:183} INFO - Processing /Users/syedmuneebhussain/Documents/Personal/Projects/airflow_project/airflow_dir/dags/dummy_dag.py took 0.147 seconds
[2024-02-14T11:43:23.404+0500] {processor.py:161} INFO - Started process (PID=31686) to work on /Users/syedmuneebhussain/Documents/Personal/Projects/airflow_project/airflow_dir/dags/dummy_dag.py
[2024-02-14T11:43:23.405+0500] {processor.py:830} INFO - Processing file /Users/syedmuneebhussain/Documents/Personal/Projects/airflow_project/airflow_dir/dags/dummy_dag.py for tasks to queue
[2024-02-14T11:43:23.405+0500] {logging_mixin.py:188} INFO - [2024-02-14T11:43:23.405+0500] {dagbag.py:538} INFO - Filling up the DagBag from /Users/syedmuneebhussain/Documents/Personal/Projects/airflow_project/airflow_dir/dags/dummy_dag.py
[2024-02-14T11:43:23.422+0500] {processor.py:840} INFO - DAG(s) 'my_dag' retrieved from /Users/syedmuneebhussain/Documents/Personal/Projects/airflow_project/airflow_dir/dags/dummy_dag.py
[2024-02-14T11:43:23.514+0500] {logging_mixin.py:188} INFO - [2024-02-14T11:43:23.514+0500] {dag.py:3036} INFO - Sync 1 DAGs
[2024-02-14T11:43:23.545+0500] {logging_mixin.py:188} INFO - [2024-02-14T11:43:23.545+0500] {dag.py:3823} INFO - Setting next_dagrun for my_dag to 2023-01-01 00:00:00+00:00, run_after=2023-01-02 00:00:00+00:00
[2024-02-14T11:43:23.561+0500] {processor.py:183} INFO - Processing /Users/syedmuneebhussain/Documents/Personal/Projects/airflow_project/airflow_dir/dags/dummy_dag.py took 0.157 seconds
[2024-02-14T11:44:09.634+0500] {processor.py:161} INFO - Started process (PID=31810) to work on /Users/syedmuneebhussain/Documents/Personal/Projects/airflow_project/airflow_dir/dags/dummy_dag.py
[2024-02-14T11:44:09.634+0500] {processor.py:830} INFO - Processing file /Users/syedmuneebhussain/Documents/Personal/Projects/airflow_project/airflow_dir/dags/dummy_dag.py for tasks to queue
[2024-02-14T11:44:09.635+0500] {logging_mixin.py:188} INFO - [2024-02-14T11:44:09.635+0500] {dagbag.py:538} INFO - Filling up the DagBag from /Users/syedmuneebhussain/Documents/Personal/Projects/airflow_project/airflow_dir/dags/dummy_dag.py
[2024-02-14T11:44:09.652+0500] {processor.py:840} INFO - DAG(s) 'my_dag' retrieved from /Users/syedmuneebhussain/Documents/Personal/Projects/airflow_project/airflow_dir/dags/dummy_dag.py
[2024-02-14T11:44:09.736+0500] {logging_mixin.py:188} INFO - [2024-02-14T11:44:09.735+0500] {dag.py:3036} INFO - Sync 1 DAGs
[2024-02-14T11:44:09.756+0500] {logging_mixin.py:188} INFO - [2024-02-14T11:44:09.756+0500] {dag.py:3823} INFO - Setting next_dagrun for my_dag to 2023-01-01 00:00:00+00:00, run_after=2023-01-02 00:00:00+00:00
[2024-02-14T11:44:09.770+0500] {processor.py:183} INFO - Processing /Users/syedmuneebhussain/Documents/Personal/Projects/airflow_project/airflow_dir/dags/dummy_dag.py took 0.136 seconds
[2024-02-14T11:44:57.601+0500] {processor.py:161} INFO - Started process (PID=31949) to work on /Users/syedmuneebhussain/Documents/Personal/Projects/airflow_project/airflow_dir/dags/dummy_dag.py
[2024-02-14T11:44:57.601+0500] {processor.py:830} INFO - Processing file /Users/syedmuneebhussain/Documents/Personal/Projects/airflow_project/airflow_dir/dags/dummy_dag.py for tasks to queue
[2024-02-14T11:44:57.602+0500] {logging_mixin.py:188} INFO - [2024-02-14T11:44:57.602+0500] {dagbag.py:538} INFO - Filling up the DagBag from /Users/syedmuneebhussain/Documents/Personal/Projects/airflow_project/airflow_dir/dags/dummy_dag.py
[2024-02-14T11:44:57.620+0500] {processor.py:840} INFO - DAG(s) 'my_dag' retrieved from /Users/syedmuneebhussain/Documents/Personal/Projects/airflow_project/airflow_dir/dags/dummy_dag.py
[2024-02-14T11:44:57.710+0500] {logging_mixin.py:188} INFO - [2024-02-14T11:44:57.709+0500] {dag.py:3036} INFO - Sync 1 DAGs
[2024-02-14T11:44:57.728+0500] {logging_mixin.py:188} INFO - [2024-02-14T11:44:57.728+0500] {dag.py:3823} INFO - Setting next_dagrun for my_dag to 2023-01-01 00:00:00+00:00, run_after=2023-01-02 00:00:00+00:00
[2024-02-14T11:44:57.748+0500] {processor.py:183} INFO - Processing /Users/syedmuneebhussain/Documents/Personal/Projects/airflow_project/airflow_dir/dags/dummy_dag.py took 0.148 seconds
[2024-02-14T11:45:44.448+0500] {processor.py:161} INFO - Started process (PID=32072) to work on /Users/syedmuneebhussain/Documents/Personal/Projects/airflow_project/airflow_dir/dags/dummy_dag.py
[2024-02-14T11:45:44.450+0500] {processor.py:830} INFO - Processing file /Users/syedmuneebhussain/Documents/Personal/Projects/airflow_project/airflow_dir/dags/dummy_dag.py for tasks to queue
[2024-02-14T11:45:44.450+0500] {logging_mixin.py:188} INFO - [2024-02-14T11:45:44.450+0500] {dagbag.py:538} INFO - Filling up the DagBag from /Users/syedmuneebhussain/Documents/Personal/Projects/airflow_project/airflow_dir/dags/dummy_dag.py
[2024-02-14T11:45:44.467+0500] {processor.py:840} INFO - DAG(s) 'my_dag' retrieved from /Users/syedmuneebhussain/Documents/Personal/Projects/airflow_project/airflow_dir/dags/dummy_dag.py
[2024-02-14T11:45:44.554+0500] {logging_mixin.py:188} INFO - [2024-02-14T11:45:44.553+0500] {dag.py:3036} INFO - Sync 1 DAGs
[2024-02-14T11:45:44.573+0500] {logging_mixin.py:188} INFO - [2024-02-14T11:45:44.573+0500] {dag.py:3823} INFO - Setting next_dagrun for my_dag to 2023-01-01 00:00:00+00:00, run_after=2023-01-02 00:00:00+00:00
[2024-02-14T11:45:44.589+0500] {processor.py:183} INFO - Processing /Users/syedmuneebhussain/Documents/Personal/Projects/airflow_project/airflow_dir/dags/dummy_dag.py took 0.141 seconds
[2024-02-14T11:46:32.445+0500] {processor.py:161} INFO - Started process (PID=32204) to work on /Users/syedmuneebhussain/Documents/Personal/Projects/airflow_project/airflow_dir/dags/dummy_dag.py
[2024-02-14T11:46:32.446+0500] {processor.py:830} INFO - Processing file /Users/syedmuneebhussain/Documents/Personal/Projects/airflow_project/airflow_dir/dags/dummy_dag.py for tasks to queue
[2024-02-14T11:46:32.446+0500] {logging_mixin.py:188} INFO - [2024-02-14T11:46:32.446+0500] {dagbag.py:538} INFO - Filling up the DagBag from /Users/syedmuneebhussain/Documents/Personal/Projects/airflow_project/airflow_dir/dags/dummy_dag.py
[2024-02-14T11:46:32.464+0500] {processor.py:840} INFO - DAG(s) 'my_dag' retrieved from /Users/syedmuneebhussain/Documents/Personal/Projects/airflow_project/airflow_dir/dags/dummy_dag.py
[2024-02-14T11:46:32.551+0500] {logging_mixin.py:188} INFO - [2024-02-14T11:46:32.551+0500] {dag.py:3036} INFO - Sync 1 DAGs
[2024-02-14T11:46:32.574+0500] {logging_mixin.py:188} INFO - [2024-02-14T11:46:32.574+0500] {dag.py:3823} INFO - Setting next_dagrun for my_dag to 2023-01-01 00:00:00+00:00, run_after=2023-01-02 00:00:00+00:00
[2024-02-14T11:46:32.604+0500] {processor.py:183} INFO - Processing /Users/syedmuneebhussain/Documents/Personal/Projects/airflow_project/airflow_dir/dags/dummy_dag.py took 0.159 seconds
[2024-02-14T11:47:22.886+0500] {processor.py:161} INFO - Started process (PID=32347) to work on /Users/syedmuneebhussain/Documents/Personal/Projects/airflow_project/airflow_dir/dags/dummy_dag.py
[2024-02-14T11:47:22.887+0500] {processor.py:830} INFO - Processing file /Users/syedmuneebhussain/Documents/Personal/Projects/airflow_project/airflow_dir/dags/dummy_dag.py for tasks to queue
[2024-02-14T11:47:22.887+0500] {logging_mixin.py:188} INFO - [2024-02-14T11:47:22.887+0500] {dagbag.py:538} INFO - Filling up the DagBag from /Users/syedmuneebhussain/Documents/Personal/Projects/airflow_project/airflow_dir/dags/dummy_dag.py
[2024-02-14T11:47:22.904+0500] {processor.py:840} INFO - DAG(s) 'my_dag' retrieved from /Users/syedmuneebhussain/Documents/Personal/Projects/airflow_project/airflow_dir/dags/dummy_dag.py
[2024-02-14T11:47:22.995+0500] {logging_mixin.py:188} INFO - [2024-02-14T11:47:22.995+0500] {dag.py:3036} INFO - Sync 1 DAGs
[2024-02-14T11:47:23.024+0500] {logging_mixin.py:188} INFO - [2024-02-14T11:47:23.024+0500] {dag.py:3823} INFO - Setting next_dagrun for my_dag to 2023-01-01 00:00:00+00:00, run_after=2023-01-02 00:00:00+00:00
[2024-02-14T11:47:23.042+0500] {processor.py:183} INFO - Processing /Users/syedmuneebhussain/Documents/Personal/Projects/airflow_project/airflow_dir/dags/dummy_dag.py took 0.157 seconds
[2024-02-14T11:48:06.439+0500] {processor.py:161} INFO - Started process (PID=32476) to work on /Users/syedmuneebhussain/Documents/Personal/Projects/airflow_project/airflow_dir/dags/dummy_dag.py
[2024-02-14T11:48:06.440+0500] {processor.py:830} INFO - Processing file /Users/syedmuneebhussain/Documents/Personal/Projects/airflow_project/airflow_dir/dags/dummy_dag.py for tasks to queue
[2024-02-14T11:48:06.440+0500] {logging_mixin.py:188} INFO - [2024-02-14T11:48:06.440+0500] {dagbag.py:538} INFO - Filling up the DagBag from /Users/syedmuneebhussain/Documents/Personal/Projects/airflow_project/airflow_dir/dags/dummy_dag.py
[2024-02-14T11:48:06.457+0500] {processor.py:840} INFO - DAG(s) 'my_dag' retrieved from /Users/syedmuneebhussain/Documents/Personal/Projects/airflow_project/airflow_dir/dags/dummy_dag.py
[2024-02-14T11:48:06.560+0500] {logging_mixin.py:188} INFO - [2024-02-14T11:48:06.560+0500] {dag.py:3036} INFO - Sync 1 DAGs
[2024-02-14T11:48:06.581+0500] {logging_mixin.py:188} INFO - [2024-02-14T11:48:06.581+0500] {dag.py:3823} INFO - Setting next_dagrun for my_dag to 2023-01-01 00:00:00+00:00, run_after=2023-01-02 00:00:00+00:00
[2024-02-14T11:48:06.594+0500] {processor.py:183} INFO - Processing /Users/syedmuneebhussain/Documents/Personal/Projects/airflow_project/airflow_dir/dags/dummy_dag.py took 0.156 seconds
[2024-02-14T11:48:50.565+0500] {processor.py:161} INFO - Started process (PID=32608) to work on /Users/syedmuneebhussain/Documents/Personal/Projects/airflow_project/airflow_dir/dags/dummy_dag.py
[2024-02-14T11:48:50.567+0500] {processor.py:830} INFO - Processing file /Users/syedmuneebhussain/Documents/Personal/Projects/airflow_project/airflow_dir/dags/dummy_dag.py for tasks to queue
[2024-02-14T11:48:50.567+0500] {logging_mixin.py:188} INFO - [2024-02-14T11:48:50.567+0500] {dagbag.py:538} INFO - Filling up the DagBag from /Users/syedmuneebhussain/Documents/Personal/Projects/airflow_project/airflow_dir/dags/dummy_dag.py
[2024-02-14T11:48:50.584+0500] {processor.py:840} INFO - DAG(s) 'my_dag' retrieved from /Users/syedmuneebhussain/Documents/Personal/Projects/airflow_project/airflow_dir/dags/dummy_dag.py
[2024-02-14T11:48:50.672+0500] {logging_mixin.py:188} INFO - [2024-02-14T11:48:50.672+0500] {dag.py:3036} INFO - Sync 1 DAGs
[2024-02-14T11:48:50.691+0500] {logging_mixin.py:188} INFO - [2024-02-14T11:48:50.691+0500] {dag.py:3823} INFO - Setting next_dagrun for my_dag to 2023-01-01 00:00:00+00:00, run_after=2023-01-02 00:00:00+00:00
[2024-02-14T11:48:50.706+0500] {processor.py:183} INFO - Processing /Users/syedmuneebhussain/Documents/Personal/Projects/airflow_project/airflow_dir/dags/dummy_dag.py took 0.141 seconds
[2024-02-14T11:49:35.932+0500] {processor.py:161} INFO - Started process (PID=32749) to work on /Users/syedmuneebhussain/Documents/Personal/Projects/airflow_project/airflow_dir/dags/dummy_dag.py
[2024-02-14T11:49:35.933+0500] {processor.py:830} INFO - Processing file /Users/syedmuneebhussain/Documents/Personal/Projects/airflow_project/airflow_dir/dags/dummy_dag.py for tasks to queue
[2024-02-14T11:49:35.933+0500] {logging_mixin.py:188} INFO - [2024-02-14T11:49:35.933+0500] {dagbag.py:538} INFO - Filling up the DagBag from /Users/syedmuneebhussain/Documents/Personal/Projects/airflow_project/airflow_dir/dags/dummy_dag.py
[2024-02-14T11:49:35.950+0500] {processor.py:840} INFO - DAG(s) 'my_dag' retrieved from /Users/syedmuneebhussain/Documents/Personal/Projects/airflow_project/airflow_dir/dags/dummy_dag.py
[2024-02-14T11:49:36.035+0500] {logging_mixin.py:188} INFO - [2024-02-14T11:49:36.034+0500] {dag.py:3036} INFO - Sync 1 DAGs
[2024-02-14T11:49:36.052+0500] {logging_mixin.py:188} INFO - [2024-02-14T11:49:36.051+0500] {dag.py:3823} INFO - Setting next_dagrun for my_dag to 2023-01-01 00:00:00+00:00, run_after=2023-01-02 00:00:00+00:00
[2024-02-14T11:49:36.066+0500] {processor.py:183} INFO - Processing /Users/syedmuneebhussain/Documents/Personal/Projects/airflow_project/airflow_dir/dags/dummy_dag.py took 0.134 seconds
[2024-02-14T11:50:19.564+0500] {processor.py:161} INFO - Started process (PID=32888) to work on /Users/syedmuneebhussain/Documents/Personal/Projects/airflow_project/airflow_dir/dags/dummy_dag.py
[2024-02-14T11:50:19.565+0500] {processor.py:830} INFO - Processing file /Users/syedmuneebhussain/Documents/Personal/Projects/airflow_project/airflow_dir/dags/dummy_dag.py for tasks to queue
[2024-02-14T11:50:19.566+0500] {logging_mixin.py:188} INFO - [2024-02-14T11:50:19.566+0500] {dagbag.py:538} INFO - Filling up the DagBag from /Users/syedmuneebhussain/Documents/Personal/Projects/airflow_project/airflow_dir/dags/dummy_dag.py
[2024-02-14T11:50:19.583+0500] {processor.py:840} INFO - DAG(s) 'my_dag' retrieved from /Users/syedmuneebhussain/Documents/Personal/Projects/airflow_project/airflow_dir/dags/dummy_dag.py
[2024-02-14T11:50:19.627+0500] {logging_mixin.py:188} INFO - [2024-02-14T11:50:19.626+0500] {dag.py:3036} INFO - Sync 1 DAGs
[2024-02-14T11:50:19.688+0500] {logging_mixin.py:188} INFO - [2024-02-14T11:50:19.688+0500] {dag.py:3823} INFO - Setting next_dagrun for my_dag to 2023-01-01 00:00:00+00:00, run_after=2023-01-02 00:00:00+00:00
[2024-02-14T11:50:19.723+0500] {processor.py:183} INFO - Processing /Users/syedmuneebhussain/Documents/Personal/Projects/airflow_project/airflow_dir/dags/dummy_dag.py took 0.159 seconds
[2024-02-14T11:51:12.118+0500] {processor.py:161} INFO - Started process (PID=33052) to work on /Users/syedmuneebhussain/Documents/Personal/Projects/airflow_project/airflow_dir/dags/dummy_dag.py
[2024-02-14T11:51:12.119+0500] {processor.py:830} INFO - Processing file /Users/syedmuneebhussain/Documents/Personal/Projects/airflow_project/airflow_dir/dags/dummy_dag.py for tasks to queue
[2024-02-14T11:51:12.120+0500] {logging_mixin.py:188} INFO - [2024-02-14T11:51:12.120+0500] {dagbag.py:538} INFO - Filling up the DagBag from /Users/syedmuneebhussain/Documents/Personal/Projects/airflow_project/airflow_dir/dags/dummy_dag.py
[2024-02-14T11:51:12.136+0500] {processor.py:840} INFO - DAG(s) 'my_dag' retrieved from /Users/syedmuneebhussain/Documents/Personal/Projects/airflow_project/airflow_dir/dags/dummy_dag.py
[2024-02-14T11:51:12.287+0500] {logging_mixin.py:188} INFO - [2024-02-14T11:51:12.287+0500] {dag.py:3036} INFO - Sync 1 DAGs
[2024-02-14T11:51:12.305+0500] {logging_mixin.py:188} INFO - [2024-02-14T11:51:12.305+0500] {dag.py:3823} INFO - Setting next_dagrun for my_dag to 2023-01-01 00:00:00+00:00, run_after=2023-01-02 00:00:00+00:00
[2024-02-14T11:51:12.321+0500] {processor.py:183} INFO - Processing /Users/syedmuneebhussain/Documents/Personal/Projects/airflow_project/airflow_dir/dags/dummy_dag.py took 0.204 seconds
[2024-02-14T11:52:04.184+0500] {processor.py:161} INFO - Started process (PID=33223) to work on /Users/syedmuneebhussain/Documents/Personal/Projects/airflow_project/airflow_dir/dags/dummy_dag.py
[2024-02-14T11:52:04.185+0500] {processor.py:830} INFO - Processing file /Users/syedmuneebhussain/Documents/Personal/Projects/airflow_project/airflow_dir/dags/dummy_dag.py for tasks to queue
[2024-02-14T11:52:04.186+0500] {logging_mixin.py:188} INFO - [2024-02-14T11:52:04.185+0500] {dagbag.py:538} INFO - Filling up the DagBag from /Users/syedmuneebhussain/Documents/Personal/Projects/airflow_project/airflow_dir/dags/dummy_dag.py
[2024-02-14T11:52:04.203+0500] {processor.py:840} INFO - DAG(s) 'my_dag' retrieved from /Users/syedmuneebhussain/Documents/Personal/Projects/airflow_project/airflow_dir/dags/dummy_dag.py
[2024-02-14T11:52:04.292+0500] {logging_mixin.py:188} INFO - [2024-02-14T11:52:04.291+0500] {dag.py:3036} INFO - Sync 1 DAGs
[2024-02-14T11:52:04.309+0500] {logging_mixin.py:188} INFO - [2024-02-14T11:52:04.309+0500] {dag.py:3823} INFO - Setting next_dagrun for my_dag to 2023-01-01 00:00:00+00:00, run_after=2023-01-02 00:00:00+00:00
[2024-02-14T11:52:04.324+0500] {processor.py:183} INFO - Processing /Users/syedmuneebhussain/Documents/Personal/Projects/airflow_project/airflow_dir/dags/dummy_dag.py took 0.141 seconds
[2024-02-14T11:52:55.719+0500] {processor.py:161} INFO - Started process (PID=33380) to work on /Users/syedmuneebhussain/Documents/Personal/Projects/airflow_project/airflow_dir/dags/dummy_dag.py
[2024-02-14T11:52:55.720+0500] {processor.py:830} INFO - Processing file /Users/syedmuneebhussain/Documents/Personal/Projects/airflow_project/airflow_dir/dags/dummy_dag.py for tasks to queue
[2024-02-14T11:52:55.720+0500] {logging_mixin.py:188} INFO - [2024-02-14T11:52:55.720+0500] {dagbag.py:538} INFO - Filling up the DagBag from /Users/syedmuneebhussain/Documents/Personal/Projects/airflow_project/airflow_dir/dags/dummy_dag.py
[2024-02-14T11:52:55.737+0500] {processor.py:840} INFO - DAG(s) 'my_dag' retrieved from /Users/syedmuneebhussain/Documents/Personal/Projects/airflow_project/airflow_dir/dags/dummy_dag.py
[2024-02-14T11:52:55.828+0500] {logging_mixin.py:188} INFO - [2024-02-14T11:52:55.827+0500] {dag.py:3036} INFO - Sync 1 DAGs
[2024-02-14T11:52:55.847+0500] {logging_mixin.py:188} INFO - [2024-02-14T11:52:55.847+0500] {dag.py:3823} INFO - Setting next_dagrun for my_dag to 2023-01-01 00:00:00+00:00, run_after=2023-01-02 00:00:00+00:00
[2024-02-14T11:52:55.860+0500] {processor.py:183} INFO - Processing /Users/syedmuneebhussain/Documents/Personal/Projects/airflow_project/airflow_dir/dags/dummy_dag.py took 0.142 seconds
[2024-02-14T11:53:46.332+0500] {processor.py:161} INFO - Started process (PID=33535) to work on /Users/syedmuneebhussain/Documents/Personal/Projects/airflow_project/airflow_dir/dags/dummy_dag.py
[2024-02-14T11:53:46.333+0500] {processor.py:830} INFO - Processing file /Users/syedmuneebhussain/Documents/Personal/Projects/airflow_project/airflow_dir/dags/dummy_dag.py for tasks to queue
[2024-02-14T11:53:46.334+0500] {logging_mixin.py:188} INFO - [2024-02-14T11:53:46.334+0500] {dagbag.py:538} INFO - Filling up the DagBag from /Users/syedmuneebhussain/Documents/Personal/Projects/airflow_project/airflow_dir/dags/dummy_dag.py
[2024-02-14T11:53:46.356+0500] {processor.py:840} INFO - DAG(s) 'my_dag' retrieved from /Users/syedmuneebhussain/Documents/Personal/Projects/airflow_project/airflow_dir/dags/dummy_dag.py
[2024-02-14T11:53:46.492+0500] {logging_mixin.py:188} INFO - [2024-02-14T11:53:46.492+0500] {dag.py:3036} INFO - Sync 1 DAGs
[2024-02-14T11:53:46.513+0500] {logging_mixin.py:188} INFO - [2024-02-14T11:53:46.513+0500] {dag.py:3823} INFO - Setting next_dagrun for my_dag to 2023-01-01 00:00:00+00:00, run_after=2023-01-02 00:00:00+00:00
[2024-02-14T11:53:46.525+0500] {processor.py:183} INFO - Processing /Users/syedmuneebhussain/Documents/Personal/Projects/airflow_project/airflow_dir/dags/dummy_dag.py took 0.194 seconds
[2024-02-14T11:54:29.863+0500] {processor.py:161} INFO - Started process (PID=33703) to work on /Users/syedmuneebhussain/Documents/Personal/Projects/airflow_project/airflow_dir/dags/dummy_dag.py
[2024-02-14T11:54:29.864+0500] {processor.py:830} INFO - Processing file /Users/syedmuneebhussain/Documents/Personal/Projects/airflow_project/airflow_dir/dags/dummy_dag.py for tasks to queue
[2024-02-14T11:54:29.864+0500] {logging_mixin.py:188} INFO - [2024-02-14T11:54:29.864+0500] {dagbag.py:538} INFO - Filling up the DagBag from /Users/syedmuneebhussain/Documents/Personal/Projects/airflow_project/airflow_dir/dags/dummy_dag.py
[2024-02-14T11:54:29.881+0500] {processor.py:840} INFO - DAG(s) 'my_dag' retrieved from /Users/syedmuneebhussain/Documents/Personal/Projects/airflow_project/airflow_dir/dags/dummy_dag.py
[2024-02-14T11:54:29.985+0500] {logging_mixin.py:188} INFO - [2024-02-14T11:54:29.984+0500] {dag.py:3036} INFO - Sync 1 DAGs
[2024-02-14T11:54:30.005+0500] {logging_mixin.py:188} INFO - [2024-02-14T11:54:30.005+0500] {dag.py:3823} INFO - Setting next_dagrun for my_dag to 2023-01-01 00:00:00+00:00, run_after=2023-01-02 00:00:00+00:00
[2024-02-14T11:54:30.022+0500] {processor.py:183} INFO - Processing /Users/syedmuneebhussain/Documents/Personal/Projects/airflow_project/airflow_dir/dags/dummy_dag.py took 0.160 seconds
[2024-02-14T11:55:18.690+0500] {processor.py:161} INFO - Started process (PID=33849) to work on /Users/syedmuneebhussain/Documents/Personal/Projects/airflow_project/airflow_dir/dags/dummy_dag.py
[2024-02-14T11:55:18.692+0500] {processor.py:830} INFO - Processing file /Users/syedmuneebhussain/Documents/Personal/Projects/airflow_project/airflow_dir/dags/dummy_dag.py for tasks to queue
[2024-02-14T11:55:18.692+0500] {logging_mixin.py:188} INFO - [2024-02-14T11:55:18.692+0500] {dagbag.py:538} INFO - Filling up the DagBag from /Users/syedmuneebhussain/Documents/Personal/Projects/airflow_project/airflow_dir/dags/dummy_dag.py
[2024-02-14T11:55:18.709+0500] {processor.py:840} INFO - DAG(s) 'my_dag' retrieved from /Users/syedmuneebhussain/Documents/Personal/Projects/airflow_project/airflow_dir/dags/dummy_dag.py
[2024-02-14T11:55:18.800+0500] {logging_mixin.py:188} INFO - [2024-02-14T11:55:18.799+0500] {dag.py:3036} INFO - Sync 1 DAGs
[2024-02-14T11:55:18.818+0500] {logging_mixin.py:188} INFO - [2024-02-14T11:55:18.817+0500] {dag.py:3823} INFO - Setting next_dagrun for my_dag to 2023-01-01 00:00:00+00:00, run_after=2023-01-02 00:00:00+00:00
[2024-02-14T11:55:18.838+0500] {processor.py:183} INFO - Processing /Users/syedmuneebhussain/Documents/Personal/Projects/airflow_project/airflow_dir/dags/dummy_dag.py took 0.148 seconds
[2024-02-14T11:56:09.433+0500] {processor.py:161} INFO - Started process (PID=33992) to work on /Users/syedmuneebhussain/Documents/Personal/Projects/airflow_project/airflow_dir/dags/dummy_dag.py
[2024-02-14T11:56:09.434+0500] {processor.py:830} INFO - Processing file /Users/syedmuneebhussain/Documents/Personal/Projects/airflow_project/airflow_dir/dags/dummy_dag.py for tasks to queue
[2024-02-14T11:56:09.435+0500] {logging_mixin.py:188} INFO - [2024-02-14T11:56:09.434+0500] {dagbag.py:538} INFO - Filling up the DagBag from /Users/syedmuneebhussain/Documents/Personal/Projects/airflow_project/airflow_dir/dags/dummy_dag.py
[2024-02-14T11:56:09.451+0500] {processor.py:840} INFO - DAG(s) 'my_dag' retrieved from /Users/syedmuneebhussain/Documents/Personal/Projects/airflow_project/airflow_dir/dags/dummy_dag.py
[2024-02-14T11:56:09.538+0500] {logging_mixin.py:188} INFO - [2024-02-14T11:56:09.537+0500] {dag.py:3036} INFO - Sync 1 DAGs
[2024-02-14T11:56:09.557+0500] {logging_mixin.py:188} INFO - [2024-02-14T11:56:09.556+0500] {dag.py:3823} INFO - Setting next_dagrun for my_dag to 2023-01-01 00:00:00+00:00, run_after=2023-01-02 00:00:00+00:00
[2024-02-14T11:56:09.571+0500] {processor.py:183} INFO - Processing /Users/syedmuneebhussain/Documents/Personal/Projects/airflow_project/airflow_dir/dags/dummy_dag.py took 0.138 seconds
[2024-02-14T11:56:57.458+0500] {processor.py:161} INFO - Started process (PID=34126) to work on /Users/syedmuneebhussain/Documents/Personal/Projects/airflow_project/airflow_dir/dags/dummy_dag.py
[2024-02-14T11:56:57.459+0500] {processor.py:830} INFO - Processing file /Users/syedmuneebhussain/Documents/Personal/Projects/airflow_project/airflow_dir/dags/dummy_dag.py for tasks to queue
[2024-02-14T11:56:57.460+0500] {logging_mixin.py:188} INFO - [2024-02-14T11:56:57.460+0500] {dagbag.py:538} INFO - Filling up the DagBag from /Users/syedmuneebhussain/Documents/Personal/Projects/airflow_project/airflow_dir/dags/dummy_dag.py
[2024-02-14T11:56:57.476+0500] {processor.py:840} INFO - DAG(s) 'my_dag' retrieved from /Users/syedmuneebhussain/Documents/Personal/Projects/airflow_project/airflow_dir/dags/dummy_dag.py
[2024-02-14T11:56:57.565+0500] {logging_mixin.py:188} INFO - [2024-02-14T11:56:57.565+0500] {dag.py:3036} INFO - Sync 1 DAGs
[2024-02-14T11:56:57.585+0500] {logging_mixin.py:188} INFO - [2024-02-14T11:56:57.585+0500] {dag.py:3823} INFO - Setting next_dagrun for my_dag to 2023-01-01 00:00:00+00:00, run_after=2023-01-02 00:00:00+00:00
[2024-02-14T11:56:57.600+0500] {processor.py:183} INFO - Processing /Users/syedmuneebhussain/Documents/Personal/Projects/airflow_project/airflow_dir/dags/dummy_dag.py took 0.143 seconds
[2024-02-14T11:57:41.859+0500] {processor.py:161} INFO - Started process (PID=34277) to work on /Users/syedmuneebhussain/Documents/Personal/Projects/airflow_project/airflow_dir/dags/dummy_dag.py
[2024-02-14T11:57:41.860+0500] {processor.py:830} INFO - Processing file /Users/syedmuneebhussain/Documents/Personal/Projects/airflow_project/airflow_dir/dags/dummy_dag.py for tasks to queue
[2024-02-14T11:57:41.861+0500] {logging_mixin.py:188} INFO - [2024-02-14T11:57:41.860+0500] {dagbag.py:538} INFO - Filling up the DagBag from /Users/syedmuneebhussain/Documents/Personal/Projects/airflow_project/airflow_dir/dags/dummy_dag.py
[2024-02-14T11:57:41.876+0500] {processor.py:840} INFO - DAG(s) 'my_dag' retrieved from /Users/syedmuneebhussain/Documents/Personal/Projects/airflow_project/airflow_dir/dags/dummy_dag.py
[2024-02-14T11:57:41.966+0500] {logging_mixin.py:188} INFO - [2024-02-14T11:57:41.965+0500] {dag.py:3036} INFO - Sync 1 DAGs
[2024-02-14T11:57:41.998+0500] {logging_mixin.py:188} INFO - [2024-02-14T11:57:41.997+0500] {dag.py:3823} INFO - Setting next_dagrun for my_dag to 2023-01-01 00:00:00+00:00, run_after=2023-01-02 00:00:00+00:00
[2024-02-14T11:57:42.014+0500] {processor.py:183} INFO - Processing /Users/syedmuneebhussain/Documents/Personal/Projects/airflow_project/airflow_dir/dags/dummy_dag.py took 0.156 seconds
[2024-02-14T11:58:24.147+0500] {processor.py:161} INFO - Started process (PID=34390) to work on /Users/syedmuneebhussain/Documents/Personal/Projects/airflow_project/airflow_dir/dags/dummy_dag.py
[2024-02-14T11:58:24.148+0500] {processor.py:830} INFO - Processing file /Users/syedmuneebhussain/Documents/Personal/Projects/airflow_project/airflow_dir/dags/dummy_dag.py for tasks to queue
[2024-02-14T11:58:24.148+0500] {logging_mixin.py:188} INFO - [2024-02-14T11:58:24.148+0500] {dagbag.py:538} INFO - Filling up the DagBag from /Users/syedmuneebhussain/Documents/Personal/Projects/airflow_project/airflow_dir/dags/dummy_dag.py
[2024-02-14T11:58:24.166+0500] {processor.py:840} INFO - DAG(s) 'my_dag' retrieved from /Users/syedmuneebhussain/Documents/Personal/Projects/airflow_project/airflow_dir/dags/dummy_dag.py
[2024-02-14T11:58:24.268+0500] {logging_mixin.py:188} INFO - [2024-02-14T11:58:24.267+0500] {dag.py:3036} INFO - Sync 1 DAGs
[2024-02-14T11:58:24.288+0500] {logging_mixin.py:188} INFO - [2024-02-14T11:58:24.288+0500] {dag.py:3823} INFO - Setting next_dagrun for my_dag to 2023-01-01 00:00:00+00:00, run_after=2023-01-02 00:00:00+00:00
[2024-02-14T11:58:24.301+0500] {processor.py:183} INFO - Processing /Users/syedmuneebhussain/Documents/Personal/Projects/airflow_project/airflow_dir/dags/dummy_dag.py took 0.155 seconds
[2024-02-14T11:59:04.156+0500] {processor.py:161} INFO - Started process (PID=34510) to work on /Users/syedmuneebhussain/Documents/Personal/Projects/airflow_project/airflow_dir/dags/dummy_dag.py
[2024-02-14T11:59:04.157+0500] {processor.py:830} INFO - Processing file /Users/syedmuneebhussain/Documents/Personal/Projects/airflow_project/airflow_dir/dags/dummy_dag.py for tasks to queue
[2024-02-14T11:59:04.158+0500] {logging_mixin.py:188} INFO - [2024-02-14T11:59:04.158+0500] {dagbag.py:538} INFO - Filling up the DagBag from /Users/syedmuneebhussain/Documents/Personal/Projects/airflow_project/airflow_dir/dags/dummy_dag.py
[2024-02-14T11:59:04.174+0500] {processor.py:840} INFO - DAG(s) 'my_dag' retrieved from /Users/syedmuneebhussain/Documents/Personal/Projects/airflow_project/airflow_dir/dags/dummy_dag.py
[2024-02-14T11:59:04.258+0500] {logging_mixin.py:188} INFO - [2024-02-14T11:59:04.258+0500] {dag.py:3036} INFO - Sync 1 DAGs
[2024-02-14T11:59:04.277+0500] {logging_mixin.py:188} INFO - [2024-02-14T11:59:04.277+0500] {dag.py:3823} INFO - Setting next_dagrun for my_dag to 2023-01-01 00:00:00+00:00, run_after=2023-01-02 00:00:00+00:00
[2024-02-14T11:59:04.292+0500] {processor.py:183} INFO - Processing /Users/syedmuneebhussain/Documents/Personal/Projects/airflow_project/airflow_dir/dags/dummy_dag.py took 0.137 seconds
[2024-02-14T11:59:44.165+0500] {processor.py:161} INFO - Started process (PID=34622) to work on /Users/syedmuneebhussain/Documents/Personal/Projects/airflow_project/airflow_dir/dags/dummy_dag.py
[2024-02-14T11:59:44.166+0500] {processor.py:830} INFO - Processing file /Users/syedmuneebhussain/Documents/Personal/Projects/airflow_project/airflow_dir/dags/dummy_dag.py for tasks to queue
[2024-02-14T11:59:44.167+0500] {logging_mixin.py:188} INFO - [2024-02-14T11:59:44.167+0500] {dagbag.py:538} INFO - Filling up the DagBag from /Users/syedmuneebhussain/Documents/Personal/Projects/airflow_project/airflow_dir/dags/dummy_dag.py
[2024-02-14T11:59:44.183+0500] {processor.py:840} INFO - DAG(s) 'my_dag' retrieved from /Users/syedmuneebhussain/Documents/Personal/Projects/airflow_project/airflow_dir/dags/dummy_dag.py
[2024-02-14T11:59:44.268+0500] {logging_mixin.py:188} INFO - [2024-02-14T11:59:44.268+0500] {dag.py:3036} INFO - Sync 1 DAGs
[2024-02-14T11:59:44.288+0500] {logging_mixin.py:188} INFO - [2024-02-14T11:59:44.288+0500] {dag.py:3823} INFO - Setting next_dagrun for my_dag to 2023-01-01 00:00:00+00:00, run_after=2023-01-02 00:00:00+00:00
[2024-02-14T11:59:44.303+0500] {processor.py:183} INFO - Processing /Users/syedmuneebhussain/Documents/Personal/Projects/airflow_project/airflow_dir/dags/dummy_dag.py took 0.139 seconds
[2024-02-14T12:00:24.293+0500] {processor.py:161} INFO - Started process (PID=34734) to work on /Users/syedmuneebhussain/Documents/Personal/Projects/airflow_project/airflow_dir/dags/dummy_dag.py
[2024-02-14T12:00:24.295+0500] {processor.py:830} INFO - Processing file /Users/syedmuneebhussain/Documents/Personal/Projects/airflow_project/airflow_dir/dags/dummy_dag.py for tasks to queue
[2024-02-14T12:00:24.295+0500] {logging_mixin.py:188} INFO - [2024-02-14T12:00:24.295+0500] {dagbag.py:538} INFO - Filling up the DagBag from /Users/syedmuneebhussain/Documents/Personal/Projects/airflow_project/airflow_dir/dags/dummy_dag.py
[2024-02-14T12:00:24.312+0500] {processor.py:840} INFO - DAG(s) 'my_dag' retrieved from /Users/syedmuneebhussain/Documents/Personal/Projects/airflow_project/airflow_dir/dags/dummy_dag.py
[2024-02-14T12:00:24.398+0500] {logging_mixin.py:188} INFO - [2024-02-14T12:00:24.398+0500] {dag.py:3036} INFO - Sync 1 DAGs
[2024-02-14T12:00:24.422+0500] {logging_mixin.py:188} INFO - [2024-02-14T12:00:24.422+0500] {dag.py:3823} INFO - Setting next_dagrun for my_dag to 2023-01-01 00:00:00+00:00, run_after=2023-01-02 00:00:00+00:00
[2024-02-14T12:00:24.437+0500] {processor.py:183} INFO - Processing /Users/syedmuneebhussain/Documents/Personal/Projects/airflow_project/airflow_dir/dags/dummy_dag.py took 0.144 seconds
[2024-02-14T12:01:04.546+0500] {processor.py:161} INFO - Started process (PID=34844) to work on /Users/syedmuneebhussain/Documents/Personal/Projects/airflow_project/airflow_dir/dags/dummy_dag.py
[2024-02-14T12:01:04.547+0500] {processor.py:830} INFO - Processing file /Users/syedmuneebhussain/Documents/Personal/Projects/airflow_project/airflow_dir/dags/dummy_dag.py for tasks to queue
[2024-02-14T12:01:04.547+0500] {logging_mixin.py:188} INFO - [2024-02-14T12:01:04.547+0500] {dagbag.py:538} INFO - Filling up the DagBag from /Users/syedmuneebhussain/Documents/Personal/Projects/airflow_project/airflow_dir/dags/dummy_dag.py
[2024-02-14T12:01:04.563+0500] {processor.py:840} INFO - DAG(s) 'my_dag' retrieved from /Users/syedmuneebhussain/Documents/Personal/Projects/airflow_project/airflow_dir/dags/dummy_dag.py
[2024-02-14T12:01:04.648+0500] {logging_mixin.py:188} INFO - [2024-02-14T12:01:04.648+0500] {dag.py:3036} INFO - Sync 1 DAGs
[2024-02-14T12:01:04.668+0500] {logging_mixin.py:188} INFO - [2024-02-14T12:01:04.667+0500] {dag.py:3823} INFO - Setting next_dagrun for my_dag to 2023-01-01 00:00:00+00:00, run_after=2023-01-02 00:00:00+00:00
[2024-02-14T12:01:04.683+0500] {processor.py:183} INFO - Processing /Users/syedmuneebhussain/Documents/Personal/Projects/airflow_project/airflow_dir/dags/dummy_dag.py took 0.138 seconds
[2024-02-14T12:01:45.091+0500] {processor.py:161} INFO - Started process (PID=34960) to work on /Users/syedmuneebhussain/Documents/Personal/Projects/airflow_project/airflow_dir/dags/dummy_dag.py
[2024-02-14T12:01:45.092+0500] {processor.py:830} INFO - Processing file /Users/syedmuneebhussain/Documents/Personal/Projects/airflow_project/airflow_dir/dags/dummy_dag.py for tasks to queue
[2024-02-14T12:01:45.093+0500] {logging_mixin.py:188} INFO - [2024-02-14T12:01:45.092+0500] {dagbag.py:538} INFO - Filling up the DagBag from /Users/syedmuneebhussain/Documents/Personal/Projects/airflow_project/airflow_dir/dags/dummy_dag.py
[2024-02-14T12:01:45.109+0500] {processor.py:840} INFO - DAG(s) 'my_dag' retrieved from /Users/syedmuneebhussain/Documents/Personal/Projects/airflow_project/airflow_dir/dags/dummy_dag.py
[2024-02-14T12:01:45.193+0500] {logging_mixin.py:188} INFO - [2024-02-14T12:01:45.192+0500] {dag.py:3036} INFO - Sync 1 DAGs
[2024-02-14T12:01:45.210+0500] {logging_mixin.py:188} INFO - [2024-02-14T12:01:45.210+0500] {dag.py:3823} INFO - Setting next_dagrun for my_dag to 2023-01-01 00:00:00+00:00, run_after=2023-01-02 00:00:00+00:00
[2024-02-14T12:01:45.223+0500] {processor.py:183} INFO - Processing /Users/syedmuneebhussain/Documents/Personal/Projects/airflow_project/airflow_dir/dags/dummy_dag.py took 0.133 seconds
[2024-02-14T12:02:25.200+0500] {processor.py:161} INFO - Started process (PID=35082) to work on /Users/syedmuneebhussain/Documents/Personal/Projects/airflow_project/airflow_dir/dags/dummy_dag.py
[2024-02-14T12:02:25.201+0500] {processor.py:830} INFO - Processing file /Users/syedmuneebhussain/Documents/Personal/Projects/airflow_project/airflow_dir/dags/dummy_dag.py for tasks to queue
[2024-02-14T12:02:25.202+0500] {logging_mixin.py:188} INFO - [2024-02-14T12:02:25.202+0500] {dagbag.py:538} INFO - Filling up the DagBag from /Users/syedmuneebhussain/Documents/Personal/Projects/airflow_project/airflow_dir/dags/dummy_dag.py
[2024-02-14T12:02:25.218+0500] {processor.py:840} INFO - DAG(s) 'my_dag' retrieved from /Users/syedmuneebhussain/Documents/Personal/Projects/airflow_project/airflow_dir/dags/dummy_dag.py
[2024-02-14T12:02:25.306+0500] {logging_mixin.py:188} INFO - [2024-02-14T12:02:25.306+0500] {dag.py:3036} INFO - Sync 1 DAGs
[2024-02-14T12:02:25.335+0500] {logging_mixin.py:188} INFO - [2024-02-14T12:02:25.335+0500] {dag.py:3823} INFO - Setting next_dagrun for my_dag to 2023-01-01 00:00:00+00:00, run_after=2023-01-02 00:00:00+00:00
[2024-02-14T12:02:25.349+0500] {processor.py:183} INFO - Processing /Users/syedmuneebhussain/Documents/Personal/Projects/airflow_project/airflow_dir/dags/dummy_dag.py took 0.150 seconds
[2024-02-14T12:03:05.434+0500] {processor.py:161} INFO - Started process (PID=35194) to work on /Users/syedmuneebhussain/Documents/Personal/Projects/airflow_project/airflow_dir/dags/dummy_dag.py
[2024-02-14T12:03:05.435+0500] {processor.py:830} INFO - Processing file /Users/syedmuneebhussain/Documents/Personal/Projects/airflow_project/airflow_dir/dags/dummy_dag.py for tasks to queue
[2024-02-14T12:03:05.436+0500] {logging_mixin.py:188} INFO - [2024-02-14T12:03:05.435+0500] {dagbag.py:538} INFO - Filling up the DagBag from /Users/syedmuneebhussain/Documents/Personal/Projects/airflow_project/airflow_dir/dags/dummy_dag.py
[2024-02-14T12:03:05.452+0500] {processor.py:840} INFO - DAG(s) 'my_dag' retrieved from /Users/syedmuneebhussain/Documents/Personal/Projects/airflow_project/airflow_dir/dags/dummy_dag.py
[2024-02-14T12:03:05.541+0500] {logging_mixin.py:188} INFO - [2024-02-14T12:03:05.541+0500] {dag.py:3036} INFO - Sync 1 DAGs
[2024-02-14T12:03:05.560+0500] {logging_mixin.py:188} INFO - [2024-02-14T12:03:05.560+0500] {dag.py:3823} INFO - Setting next_dagrun for my_dag to 2023-01-01 00:00:00+00:00, run_after=2023-01-02 00:00:00+00:00
[2024-02-14T12:03:05.575+0500] {processor.py:183} INFO - Processing /Users/syedmuneebhussain/Documents/Personal/Projects/airflow_project/airflow_dir/dags/dummy_dag.py took 0.142 seconds
[2024-02-14T12:03:45.765+0500] {processor.py:161} INFO - Started process (PID=35305) to work on /Users/syedmuneebhussain/Documents/Personal/Projects/airflow_project/airflow_dir/dags/dummy_dag.py
[2024-02-14T12:03:45.766+0500] {processor.py:830} INFO - Processing file /Users/syedmuneebhussain/Documents/Personal/Projects/airflow_project/airflow_dir/dags/dummy_dag.py for tasks to queue
[2024-02-14T12:03:45.766+0500] {logging_mixin.py:188} INFO - [2024-02-14T12:03:45.766+0500] {dagbag.py:538} INFO - Filling up the DagBag from /Users/syedmuneebhussain/Documents/Personal/Projects/airflow_project/airflow_dir/dags/dummy_dag.py
[2024-02-14T12:03:45.783+0500] {processor.py:840} INFO - DAG(s) 'my_dag' retrieved from /Users/syedmuneebhussain/Documents/Personal/Projects/airflow_project/airflow_dir/dags/dummy_dag.py
[2024-02-14T12:03:45.871+0500] {logging_mixin.py:188} INFO - [2024-02-14T12:03:45.871+0500] {dag.py:3036} INFO - Sync 1 DAGs
[2024-02-14T12:03:45.890+0500] {logging_mixin.py:188} INFO - [2024-02-14T12:03:45.890+0500] {dag.py:3823} INFO - Setting next_dagrun for my_dag to 2023-01-01 00:00:00+00:00, run_after=2023-01-02 00:00:00+00:00
[2024-02-14T12:03:45.904+0500] {processor.py:183} INFO - Processing /Users/syedmuneebhussain/Documents/Personal/Projects/airflow_project/airflow_dir/dags/dummy_dag.py took 0.140 seconds
[2024-02-14T12:04:25.921+0500] {processor.py:161} INFO - Started process (PID=35414) to work on /Users/syedmuneebhussain/Documents/Personal/Projects/airflow_project/airflow_dir/dags/dummy_dag.py
[2024-02-14T12:04:25.923+0500] {processor.py:830} INFO - Processing file /Users/syedmuneebhussain/Documents/Personal/Projects/airflow_project/airflow_dir/dags/dummy_dag.py for tasks to queue
[2024-02-14T12:04:25.923+0500] {logging_mixin.py:188} INFO - [2024-02-14T12:04:25.923+0500] {dagbag.py:538} INFO - Filling up the DagBag from /Users/syedmuneebhussain/Documents/Personal/Projects/airflow_project/airflow_dir/dags/dummy_dag.py
[2024-02-14T12:04:25.940+0500] {processor.py:840} INFO - DAG(s) 'my_dag' retrieved from /Users/syedmuneebhussain/Documents/Personal/Projects/airflow_project/airflow_dir/dags/dummy_dag.py
[2024-02-14T12:04:26.028+0500] {logging_mixin.py:188} INFO - [2024-02-14T12:04:26.027+0500] {dag.py:3036} INFO - Sync 1 DAGs
[2024-02-14T12:04:26.063+0500] {logging_mixin.py:188} INFO - [2024-02-14T12:04:26.063+0500] {dag.py:3823} INFO - Setting next_dagrun for my_dag to 2023-01-01 00:00:00+00:00, run_after=2023-01-02 00:00:00+00:00
[2024-02-14T12:04:26.077+0500] {processor.py:183} INFO - Processing /Users/syedmuneebhussain/Documents/Personal/Projects/airflow_project/airflow_dir/dags/dummy_dag.py took 0.156 seconds
[2024-02-14T12:05:06.135+0500] {processor.py:161} INFO - Started process (PID=35524) to work on /Users/syedmuneebhussain/Documents/Personal/Projects/airflow_project/airflow_dir/dags/dummy_dag.py
[2024-02-14T12:05:06.136+0500] {processor.py:830} INFO - Processing file /Users/syedmuneebhussain/Documents/Personal/Projects/airflow_project/airflow_dir/dags/dummy_dag.py for tasks to queue
[2024-02-14T12:05:06.136+0500] {logging_mixin.py:188} INFO - [2024-02-14T12:05:06.136+0500] {dagbag.py:538} INFO - Filling up the DagBag from /Users/syedmuneebhussain/Documents/Personal/Projects/airflow_project/airflow_dir/dags/dummy_dag.py
[2024-02-14T12:05:06.153+0500] {processor.py:840} INFO - DAG(s) 'my_dag' retrieved from /Users/syedmuneebhussain/Documents/Personal/Projects/airflow_project/airflow_dir/dags/dummy_dag.py
[2024-02-14T12:05:06.240+0500] {logging_mixin.py:188} INFO - [2024-02-14T12:05:06.240+0500] {dag.py:3036} INFO - Sync 1 DAGs
[2024-02-14T12:05:06.259+0500] {logging_mixin.py:188} INFO - [2024-02-14T12:05:06.259+0500] {dag.py:3823} INFO - Setting next_dagrun for my_dag to 2023-01-01 00:00:00+00:00, run_after=2023-01-02 00:00:00+00:00
[2024-02-14T12:05:06.274+0500] {processor.py:183} INFO - Processing /Users/syedmuneebhussain/Documents/Personal/Projects/airflow_project/airflow_dir/dags/dummy_dag.py took 0.140 seconds
[2024-02-14T12:05:46.178+0500] {processor.py:161} INFO - Started process (PID=35643) to work on /Users/syedmuneebhussain/Documents/Personal/Projects/airflow_project/airflow_dir/dags/dummy_dag.py
[2024-02-14T12:05:46.180+0500] {processor.py:830} INFO - Processing file /Users/syedmuneebhussain/Documents/Personal/Projects/airflow_project/airflow_dir/dags/dummy_dag.py for tasks to queue
[2024-02-14T12:05:46.180+0500] {logging_mixin.py:188} INFO - [2024-02-14T12:05:46.180+0500] {dagbag.py:538} INFO - Filling up the DagBag from /Users/syedmuneebhussain/Documents/Personal/Projects/airflow_project/airflow_dir/dags/dummy_dag.py
[2024-02-14T12:05:46.197+0500] {processor.py:840} INFO - DAG(s) 'my_dag' retrieved from /Users/syedmuneebhussain/Documents/Personal/Projects/airflow_project/airflow_dir/dags/dummy_dag.py
[2024-02-14T12:05:46.281+0500] {logging_mixin.py:188} INFO - [2024-02-14T12:05:46.281+0500] {dag.py:3036} INFO - Sync 1 DAGs
[2024-02-14T12:05:46.300+0500] {logging_mixin.py:188} INFO - [2024-02-14T12:05:46.300+0500] {dag.py:3823} INFO - Setting next_dagrun for my_dag to 2023-01-01 00:00:00+00:00, run_after=2023-01-02 00:00:00+00:00
[2024-02-14T12:05:46.314+0500] {processor.py:183} INFO - Processing /Users/syedmuneebhussain/Documents/Personal/Projects/airflow_project/airflow_dir/dags/dummy_dag.py took 0.137 seconds
[2024-02-14T12:06:26.396+0500] {processor.py:161} INFO - Started process (PID=35760) to work on /Users/syedmuneebhussain/Documents/Personal/Projects/airflow_project/airflow_dir/dags/dummy_dag.py
[2024-02-14T12:06:26.396+0500] {processor.py:830} INFO - Processing file /Users/syedmuneebhussain/Documents/Personal/Projects/airflow_project/airflow_dir/dags/dummy_dag.py for tasks to queue
[2024-02-14T12:06:26.397+0500] {logging_mixin.py:188} INFO - [2024-02-14T12:06:26.397+0500] {dagbag.py:538} INFO - Filling up the DagBag from /Users/syedmuneebhussain/Documents/Personal/Projects/airflow_project/airflow_dir/dags/dummy_dag.py
[2024-02-14T12:06:26.414+0500] {processor.py:840} INFO - DAG(s) 'my_dag' retrieved from /Users/syedmuneebhussain/Documents/Personal/Projects/airflow_project/airflow_dir/dags/dummy_dag.py
[2024-02-14T12:06:26.504+0500] {logging_mixin.py:188} INFO - [2024-02-14T12:06:26.503+0500] {dag.py:3036} INFO - Sync 1 DAGs
[2024-02-14T12:06:26.526+0500] {logging_mixin.py:188} INFO - [2024-02-14T12:06:26.526+0500] {dag.py:3823} INFO - Setting next_dagrun for my_dag to 2023-01-01 00:00:00+00:00, run_after=2023-01-02 00:00:00+00:00
[2024-02-14T12:06:26.543+0500] {processor.py:183} INFO - Processing /Users/syedmuneebhussain/Documents/Personal/Projects/airflow_project/airflow_dir/dags/dummy_dag.py took 0.149 seconds
[2024-02-14T12:07:06.612+0500] {processor.py:161} INFO - Started process (PID=35874) to work on /Users/syedmuneebhussain/Documents/Personal/Projects/airflow_project/airflow_dir/dags/dummy_dag.py
[2024-02-14T12:07:06.613+0500] {processor.py:830} INFO - Processing file /Users/syedmuneebhussain/Documents/Personal/Projects/airflow_project/airflow_dir/dags/dummy_dag.py for tasks to queue
[2024-02-14T12:07:06.614+0500] {logging_mixin.py:188} INFO - [2024-02-14T12:07:06.613+0500] {dagbag.py:538} INFO - Filling up the DagBag from /Users/syedmuneebhussain/Documents/Personal/Projects/airflow_project/airflow_dir/dags/dummy_dag.py
[2024-02-14T12:07:06.635+0500] {processor.py:840} INFO - DAG(s) 'my_dag' retrieved from /Users/syedmuneebhussain/Documents/Personal/Projects/airflow_project/airflow_dir/dags/dummy_dag.py
[2024-02-14T12:07:06.743+0500] {logging_mixin.py:188} INFO - [2024-02-14T12:07:06.742+0500] {dag.py:3036} INFO - Sync 1 DAGs
[2024-02-14T12:07:06.764+0500] {logging_mixin.py:188} INFO - [2024-02-14T12:07:06.764+0500] {dag.py:3823} INFO - Setting next_dagrun for my_dag to 2023-01-01 00:00:00+00:00, run_after=2023-01-02 00:00:00+00:00
[2024-02-14T12:07:06.792+0500] {processor.py:183} INFO - Processing /Users/syedmuneebhussain/Documents/Personal/Projects/airflow_project/airflow_dir/dags/dummy_dag.py took 0.181 seconds
[2024-02-14T12:07:52.003+0500] {processor.py:161} INFO - Started process (PID=36025) to work on /Users/syedmuneebhussain/Documents/Personal/Projects/airflow_project/airflow_dir/dags/dummy_dag.py
[2024-02-14T12:07:52.004+0500] {processor.py:830} INFO - Processing file /Users/syedmuneebhussain/Documents/Personal/Projects/airflow_project/airflow_dir/dags/dummy_dag.py for tasks to queue
[2024-02-14T12:07:52.004+0500] {logging_mixin.py:188} INFO - [2024-02-14T12:07:52.004+0500] {dagbag.py:538} INFO - Filling up the DagBag from /Users/syedmuneebhussain/Documents/Personal/Projects/airflow_project/airflow_dir/dags/dummy_dag.py
[2024-02-14T12:07:52.024+0500] {processor.py:840} INFO - DAG(s) 'my_dag' retrieved from /Users/syedmuneebhussain/Documents/Personal/Projects/airflow_project/airflow_dir/dags/dummy_dag.py
[2024-02-14T12:07:52.125+0500] {logging_mixin.py:188} INFO - [2024-02-14T12:07:52.125+0500] {dag.py:3036} INFO - Sync 1 DAGs
[2024-02-14T12:07:52.149+0500] {logging_mixin.py:188} INFO - [2024-02-14T12:07:52.148+0500] {dag.py:3823} INFO - Setting next_dagrun for my_dag to 2023-01-01 00:00:00+00:00, run_after=2023-01-02 00:00:00+00:00
[2024-02-14T12:07:52.162+0500] {processor.py:183} INFO - Processing /Users/syedmuneebhussain/Documents/Personal/Projects/airflow_project/airflow_dir/dags/dummy_dag.py took 0.160 seconds
[2024-02-14T12:08:40.016+0500] {processor.py:161} INFO - Started process (PID=36155) to work on /Users/syedmuneebhussain/Documents/Personal/Projects/airflow_project/airflow_dir/dags/dummy_dag.py
[2024-02-14T12:08:40.017+0500] {processor.py:830} INFO - Processing file /Users/syedmuneebhussain/Documents/Personal/Projects/airflow_project/airflow_dir/dags/dummy_dag.py for tasks to queue
[2024-02-14T12:08:40.018+0500] {logging_mixin.py:188} INFO - [2024-02-14T12:08:40.018+0500] {dagbag.py:538} INFO - Filling up the DagBag from /Users/syedmuneebhussain/Documents/Personal/Projects/airflow_project/airflow_dir/dags/dummy_dag.py
[2024-02-14T12:08:40.036+0500] {processor.py:840} INFO - DAG(s) 'my_dag' retrieved from /Users/syedmuneebhussain/Documents/Personal/Projects/airflow_project/airflow_dir/dags/dummy_dag.py
[2024-02-14T12:08:40.125+0500] {logging_mixin.py:188} INFO - [2024-02-14T12:08:40.125+0500] {dag.py:3036} INFO - Sync 1 DAGs
[2024-02-14T12:08:40.143+0500] {logging_mixin.py:188} INFO - [2024-02-14T12:08:40.143+0500] {dag.py:3823} INFO - Setting next_dagrun for my_dag to 2023-01-01 00:00:00+00:00, run_after=2023-01-02 00:00:00+00:00
[2024-02-14T12:08:40.176+0500] {processor.py:183} INFO - Processing /Users/syedmuneebhussain/Documents/Personal/Projects/airflow_project/airflow_dir/dags/dummy_dag.py took 0.161 seconds
[2024-02-14T12:09:24.818+0500] {processor.py:161} INFO - Started process (PID=36275) to work on /Users/syedmuneebhussain/Documents/Personal/Projects/airflow_project/airflow_dir/dags/dummy_dag.py
[2024-02-14T12:09:24.819+0500] {processor.py:830} INFO - Processing file /Users/syedmuneebhussain/Documents/Personal/Projects/airflow_project/airflow_dir/dags/dummy_dag.py for tasks to queue
[2024-02-14T12:09:24.820+0500] {logging_mixin.py:188} INFO - [2024-02-14T12:09:24.820+0500] {dagbag.py:538} INFO - Filling up the DagBag from /Users/syedmuneebhussain/Documents/Personal/Projects/airflow_project/airflow_dir/dags/dummy_dag.py
[2024-02-14T12:09:24.837+0500] {processor.py:840} INFO - DAG(s) 'my_dag' retrieved from /Users/syedmuneebhussain/Documents/Personal/Projects/airflow_project/airflow_dir/dags/dummy_dag.py
[2024-02-14T12:09:24.942+0500] {logging_mixin.py:188} INFO - [2024-02-14T12:09:24.941+0500] {dag.py:3036} INFO - Sync 1 DAGs
[2024-02-14T12:09:24.963+0500] {logging_mixin.py:188} INFO - [2024-02-14T12:09:24.963+0500] {dag.py:3823} INFO - Setting next_dagrun for my_dag to 2023-01-01 00:00:00+00:00, run_after=2023-01-02 00:00:00+00:00
[2024-02-14T12:09:24.983+0500] {processor.py:183} INFO - Processing /Users/syedmuneebhussain/Documents/Personal/Projects/airflow_project/airflow_dir/dags/dummy_dag.py took 0.166 seconds
[2024-02-14T12:10:09.284+0500] {processor.py:161} INFO - Started process (PID=36408) to work on /Users/syedmuneebhussain/Documents/Personal/Projects/airflow_project/airflow_dir/dags/dummy_dag.py
[2024-02-14T12:10:09.285+0500] {processor.py:830} INFO - Processing file /Users/syedmuneebhussain/Documents/Personal/Projects/airflow_project/airflow_dir/dags/dummy_dag.py for tasks to queue
[2024-02-14T12:10:09.286+0500] {logging_mixin.py:188} INFO - [2024-02-14T12:10:09.285+0500] {dagbag.py:538} INFO - Filling up the DagBag from /Users/syedmuneebhussain/Documents/Personal/Projects/airflow_project/airflow_dir/dags/dummy_dag.py
[2024-02-14T12:10:09.302+0500] {processor.py:840} INFO - DAG(s) 'my_dag' retrieved from /Users/syedmuneebhussain/Documents/Personal/Projects/airflow_project/airflow_dir/dags/dummy_dag.py
[2024-02-14T12:10:09.423+0500] {logging_mixin.py:188} INFO - [2024-02-14T12:10:09.423+0500] {dag.py:3036} INFO - Sync 1 DAGs
[2024-02-14T12:10:09.441+0500] {logging_mixin.py:188} INFO - [2024-02-14T12:10:09.441+0500] {dag.py:3823} INFO - Setting next_dagrun for my_dag to 2023-01-01 00:00:00+00:00, run_after=2023-01-02 00:00:00+00:00
[2024-02-14T12:10:09.460+0500] {processor.py:183} INFO - Processing /Users/syedmuneebhussain/Documents/Personal/Projects/airflow_project/airflow_dir/dags/dummy_dag.py took 0.177 seconds
[2024-02-14T12:10:55.284+0500] {processor.py:161} INFO - Started process (PID=36538) to work on /Users/syedmuneebhussain/Documents/Personal/Projects/airflow_project/airflow_dir/dags/dummy_dag.py
[2024-02-14T12:10:55.285+0500] {processor.py:830} INFO - Processing file /Users/syedmuneebhussain/Documents/Personal/Projects/airflow_project/airflow_dir/dags/dummy_dag.py for tasks to queue
[2024-02-14T12:10:55.286+0500] {logging_mixin.py:188} INFO - [2024-02-14T12:10:55.285+0500] {dagbag.py:538} INFO - Filling up the DagBag from /Users/syedmuneebhussain/Documents/Personal/Projects/airflow_project/airflow_dir/dags/dummy_dag.py
[2024-02-14T12:10:55.304+0500] {processor.py:840} INFO - DAG(s) 'my_dag' retrieved from /Users/syedmuneebhussain/Documents/Personal/Projects/airflow_project/airflow_dir/dags/dummy_dag.py
[2024-02-14T12:10:55.392+0500] {logging_mixin.py:188} INFO - [2024-02-14T12:10:55.391+0500] {dag.py:3036} INFO - Sync 1 DAGs
[2024-02-14T12:10:55.417+0500] {logging_mixin.py:188} INFO - [2024-02-14T12:10:55.417+0500] {dag.py:3823} INFO - Setting next_dagrun for my_dag to 2023-01-01 00:00:00+00:00, run_after=2023-01-02 00:00:00+00:00
[2024-02-14T12:10:55.449+0500] {processor.py:183} INFO - Processing /Users/syedmuneebhussain/Documents/Personal/Projects/airflow_project/airflow_dir/dags/dummy_dag.py took 0.166 seconds
[2024-02-14T12:11:39.706+0500] {processor.py:161} INFO - Started process (PID=36660) to work on /Users/syedmuneebhussain/Documents/Personal/Projects/airflow_project/airflow_dir/dags/dummy_dag.py
[2024-02-14T12:11:39.707+0500] {processor.py:830} INFO - Processing file /Users/syedmuneebhussain/Documents/Personal/Projects/airflow_project/airflow_dir/dags/dummy_dag.py for tasks to queue
[2024-02-14T12:11:39.708+0500] {logging_mixin.py:188} INFO - [2024-02-14T12:11:39.708+0500] {dagbag.py:538} INFO - Filling up the DagBag from /Users/syedmuneebhussain/Documents/Personal/Projects/airflow_project/airflow_dir/dags/dummy_dag.py
[2024-02-14T12:11:39.726+0500] {processor.py:840} INFO - DAG(s) 'my_dag' retrieved from /Users/syedmuneebhussain/Documents/Personal/Projects/airflow_project/airflow_dir/dags/dummy_dag.py
[2024-02-14T12:11:39.812+0500] {logging_mixin.py:188} INFO - [2024-02-14T12:11:39.812+0500] {dag.py:3036} INFO - Sync 1 DAGs
[2024-02-14T12:11:39.828+0500] {logging_mixin.py:188} INFO - [2024-02-14T12:11:39.828+0500] {dag.py:3823} INFO - Setting next_dagrun for my_dag to 2023-01-01 00:00:00+00:00, run_after=2023-01-02 00:00:00+00:00
[2024-02-14T12:11:39.845+0500] {processor.py:183} INFO - Processing /Users/syedmuneebhussain/Documents/Personal/Projects/airflow_project/airflow_dir/dags/dummy_dag.py took 0.139 seconds
[2024-02-14T12:12:24.394+0500] {processor.py:161} INFO - Started process (PID=36780) to work on /Users/syedmuneebhussain/Documents/Personal/Projects/airflow_project/airflow_dir/dags/dummy_dag.py
[2024-02-14T12:12:24.395+0500] {processor.py:830} INFO - Processing file /Users/syedmuneebhussain/Documents/Personal/Projects/airflow_project/airflow_dir/dags/dummy_dag.py for tasks to queue
[2024-02-14T12:12:24.395+0500] {logging_mixin.py:188} INFO - [2024-02-14T12:12:24.395+0500] {dagbag.py:538} INFO - Filling up the DagBag from /Users/syedmuneebhussain/Documents/Personal/Projects/airflow_project/airflow_dir/dags/dummy_dag.py
[2024-02-14T12:12:24.412+0500] {processor.py:840} INFO - DAG(s) 'my_dag' retrieved from /Users/syedmuneebhussain/Documents/Personal/Projects/airflow_project/airflow_dir/dags/dummy_dag.py
[2024-02-14T12:12:24.499+0500] {logging_mixin.py:188} INFO - [2024-02-14T12:12:24.499+0500] {dag.py:3036} INFO - Sync 1 DAGs
[2024-02-14T12:12:24.519+0500] {logging_mixin.py:188} INFO - [2024-02-14T12:12:24.519+0500] {dag.py:3823} INFO - Setting next_dagrun for my_dag to 2023-01-01 00:00:00+00:00, run_after=2023-01-02 00:00:00+00:00
[2024-02-14T12:12:24.545+0500] {processor.py:183} INFO - Processing /Users/syedmuneebhussain/Documents/Personal/Projects/airflow_project/airflow_dir/dags/dummy_dag.py took 0.151 seconds
[2024-02-14T12:13:10.841+0500] {processor.py:161} INFO - Started process (PID=36907) to work on /Users/syedmuneebhussain/Documents/Personal/Projects/airflow_project/airflow_dir/dags/dummy_dag.py
[2024-02-14T12:13:10.842+0500] {processor.py:830} INFO - Processing file /Users/syedmuneebhussain/Documents/Personal/Projects/airflow_project/airflow_dir/dags/dummy_dag.py for tasks to queue
[2024-02-14T12:13:10.843+0500] {logging_mixin.py:188} INFO - [2024-02-14T12:13:10.843+0500] {dagbag.py:538} INFO - Filling up the DagBag from /Users/syedmuneebhussain/Documents/Personal/Projects/airflow_project/airflow_dir/dags/dummy_dag.py
[2024-02-14T12:13:10.860+0500] {processor.py:840} INFO - DAG(s) 'my_dag' retrieved from /Users/syedmuneebhussain/Documents/Personal/Projects/airflow_project/airflow_dir/dags/dummy_dag.py
[2024-02-14T12:13:10.950+0500] {logging_mixin.py:188} INFO - [2024-02-14T12:13:10.950+0500] {dag.py:3036} INFO - Sync 1 DAGs
[2024-02-14T12:13:10.976+0500] {logging_mixin.py:188} INFO - [2024-02-14T12:13:10.975+0500] {dag.py:3823} INFO - Setting next_dagrun for my_dag to 2023-01-01 00:00:00+00:00, run_after=2023-01-02 00:00:00+00:00
[2024-02-14T12:13:10.996+0500] {processor.py:183} INFO - Processing /Users/syedmuneebhussain/Documents/Personal/Projects/airflow_project/airflow_dir/dags/dummy_dag.py took 0.156 seconds
[2024-02-14T12:13:54.886+0500] {processor.py:161} INFO - Started process (PID=37026) to work on /Users/syedmuneebhussain/Documents/Personal/Projects/airflow_project/airflow_dir/dags/dummy_dag.py
[2024-02-14T12:13:54.888+0500] {processor.py:830} INFO - Processing file /Users/syedmuneebhussain/Documents/Personal/Projects/airflow_project/airflow_dir/dags/dummy_dag.py for tasks to queue
[2024-02-14T12:13:54.888+0500] {logging_mixin.py:188} INFO - [2024-02-14T12:13:54.888+0500] {dagbag.py:538} INFO - Filling up the DagBag from /Users/syedmuneebhussain/Documents/Personal/Projects/airflow_project/airflow_dir/dags/dummy_dag.py
[2024-02-14T12:13:54.904+0500] {processor.py:840} INFO - DAG(s) 'my_dag' retrieved from /Users/syedmuneebhussain/Documents/Personal/Projects/airflow_project/airflow_dir/dags/dummy_dag.py
[2024-02-14T12:13:55.002+0500] {logging_mixin.py:188} INFO - [2024-02-14T12:13:55.002+0500] {dag.py:3036} INFO - Sync 1 DAGs
[2024-02-14T12:13:55.030+0500] {logging_mixin.py:188} INFO - [2024-02-14T12:13:55.030+0500] {dag.py:3823} INFO - Setting next_dagrun for my_dag to 2023-01-01 00:00:00+00:00, run_after=2023-01-02 00:00:00+00:00
[2024-02-14T12:13:55.049+0500] {processor.py:183} INFO - Processing /Users/syedmuneebhussain/Documents/Personal/Projects/airflow_project/airflow_dir/dags/dummy_dag.py took 0.164 seconds
[2024-02-14T12:14:37.835+0500] {processor.py:161} INFO - Started process (PID=37149) to work on /Users/syedmuneebhussain/Documents/Personal/Projects/airflow_project/airflow_dir/dags/dummy_dag.py
[2024-02-14T12:14:37.836+0500] {processor.py:830} INFO - Processing file /Users/syedmuneebhussain/Documents/Personal/Projects/airflow_project/airflow_dir/dags/dummy_dag.py for tasks to queue
[2024-02-14T12:14:37.836+0500] {logging_mixin.py:188} INFO - [2024-02-14T12:14:37.836+0500] {dagbag.py:538} INFO - Filling up the DagBag from /Users/syedmuneebhussain/Documents/Personal/Projects/airflow_project/airflow_dir/dags/dummy_dag.py
[2024-02-14T12:14:37.853+0500] {processor.py:840} INFO - DAG(s) 'my_dag' retrieved from /Users/syedmuneebhussain/Documents/Personal/Projects/airflow_project/airflow_dir/dags/dummy_dag.py
[2024-02-14T12:14:37.942+0500] {logging_mixin.py:188} INFO - [2024-02-14T12:14:37.942+0500] {dag.py:3036} INFO - Sync 1 DAGs
[2024-02-14T12:14:37.961+0500] {logging_mixin.py:188} INFO - [2024-02-14T12:14:37.961+0500] {dag.py:3823} INFO - Setting next_dagrun for my_dag to 2023-01-01 00:00:00+00:00, run_after=2023-01-02 00:00:00+00:00
[2024-02-14T12:14:37.974+0500] {processor.py:183} INFO - Processing /Users/syedmuneebhussain/Documents/Personal/Projects/airflow_project/airflow_dir/dags/dummy_dag.py took 0.140 seconds
[2024-02-14T12:15:22.230+0500] {processor.py:161} INFO - Started process (PID=37266) to work on /Users/syedmuneebhussain/Documents/Personal/Projects/airflow_project/airflow_dir/dags/dummy_dag.py
[2024-02-14T12:15:22.231+0500] {processor.py:830} INFO - Processing file /Users/syedmuneebhussain/Documents/Personal/Projects/airflow_project/airflow_dir/dags/dummy_dag.py for tasks to queue
[2024-02-14T12:15:22.232+0500] {logging_mixin.py:188} INFO - [2024-02-14T12:15:22.232+0500] {dagbag.py:538} INFO - Filling up the DagBag from /Users/syedmuneebhussain/Documents/Personal/Projects/airflow_project/airflow_dir/dags/dummy_dag.py
[2024-02-14T12:15:22.249+0500] {processor.py:840} INFO - DAG(s) 'my_dag' retrieved from /Users/syedmuneebhussain/Documents/Personal/Projects/airflow_project/airflow_dir/dags/dummy_dag.py
[2024-02-14T12:15:22.344+0500] {logging_mixin.py:188} INFO - [2024-02-14T12:15:22.343+0500] {dag.py:3036} INFO - Sync 1 DAGs
[2024-02-14T12:15:22.373+0500] {logging_mixin.py:188} INFO - [2024-02-14T12:15:22.373+0500] {dag.py:3823} INFO - Setting next_dagrun for my_dag to 2023-01-01 00:00:00+00:00, run_after=2023-01-02 00:00:00+00:00
[2024-02-14T12:15:22.418+0500] {processor.py:183} INFO - Processing /Users/syedmuneebhussain/Documents/Personal/Projects/airflow_project/airflow_dir/dags/dummy_dag.py took 0.189 seconds
[2024-02-14T12:16:12.527+0500] {processor.py:161} INFO - Started process (PID=37405) to work on /Users/syedmuneebhussain/Documents/Personal/Projects/airflow_project/airflow_dir/dags/dummy_dag.py
[2024-02-14T12:16:12.529+0500] {processor.py:830} INFO - Processing file /Users/syedmuneebhussain/Documents/Personal/Projects/airflow_project/airflow_dir/dags/dummy_dag.py for tasks to queue
[2024-02-14T12:16:12.529+0500] {logging_mixin.py:188} INFO - [2024-02-14T12:16:12.529+0500] {dagbag.py:538} INFO - Filling up the DagBag from /Users/syedmuneebhussain/Documents/Personal/Projects/airflow_project/airflow_dir/dags/dummy_dag.py
[2024-02-14T12:16:12.547+0500] {processor.py:840} INFO - DAG(s) 'my_dag' retrieved from /Users/syedmuneebhussain/Documents/Personal/Projects/airflow_project/airflow_dir/dags/dummy_dag.py
[2024-02-14T12:16:12.638+0500] {logging_mixin.py:188} INFO - [2024-02-14T12:16:12.638+0500] {dag.py:3036} INFO - Sync 1 DAGs
[2024-02-14T12:16:12.657+0500] {logging_mixin.py:188} INFO - [2024-02-14T12:16:12.657+0500] {dag.py:3823} INFO - Setting next_dagrun for my_dag to 2023-01-01 00:00:00+00:00, run_after=2023-01-02 00:00:00+00:00
[2024-02-14T12:16:12.672+0500] {processor.py:183} INFO - Processing /Users/syedmuneebhussain/Documents/Personal/Projects/airflow_project/airflow_dir/dags/dummy_dag.py took 0.146 seconds
[2024-02-14T12:16:56.040+0500] {processor.py:161} INFO - Started process (PID=37520) to work on /Users/syedmuneebhussain/Documents/Personal/Projects/airflow_project/airflow_dir/dags/dummy_dag.py
[2024-02-14T12:16:56.041+0500] {processor.py:830} INFO - Processing file /Users/syedmuneebhussain/Documents/Personal/Projects/airflow_project/airflow_dir/dags/dummy_dag.py for tasks to queue
[2024-02-14T12:16:56.042+0500] {logging_mixin.py:188} INFO - [2024-02-14T12:16:56.042+0500] {dagbag.py:538} INFO - Filling up the DagBag from /Users/syedmuneebhussain/Documents/Personal/Projects/airflow_project/airflow_dir/dags/dummy_dag.py
[2024-02-14T12:16:56.059+0500] {processor.py:840} INFO - DAG(s) 'my_dag' retrieved from /Users/syedmuneebhussain/Documents/Personal/Projects/airflow_project/airflow_dir/dags/dummy_dag.py
[2024-02-14T12:16:56.142+0500] {logging_mixin.py:188} INFO - [2024-02-14T12:16:56.142+0500] {dag.py:3036} INFO - Sync 1 DAGs
[2024-02-14T12:16:56.161+0500] {logging_mixin.py:188} INFO - [2024-02-14T12:16:56.161+0500] {dag.py:3823} INFO - Setting next_dagrun for my_dag to 2023-01-01 00:00:00+00:00, run_after=2023-01-02 00:00:00+00:00
[2024-02-14T12:16:56.175+0500] {processor.py:183} INFO - Processing /Users/syedmuneebhussain/Documents/Personal/Projects/airflow_project/airflow_dir/dags/dummy_dag.py took 0.137 seconds
[2024-02-14T12:17:40.914+0500] {processor.py:161} INFO - Started process (PID=37651) to work on /Users/syedmuneebhussain/Documents/Personal/Projects/airflow_project/airflow_dir/dags/dummy_dag.py
[2024-02-14T12:17:40.916+0500] {processor.py:830} INFO - Processing file /Users/syedmuneebhussain/Documents/Personal/Projects/airflow_project/airflow_dir/dags/dummy_dag.py for tasks to queue
[2024-02-14T12:17:40.916+0500] {logging_mixin.py:188} INFO - [2024-02-14T12:17:40.916+0500] {dagbag.py:538} INFO - Filling up the DagBag from /Users/syedmuneebhussain/Documents/Personal/Projects/airflow_project/airflow_dir/dags/dummy_dag.py
[2024-02-14T12:17:40.933+0500] {processor.py:840} INFO - DAG(s) 'my_dag' retrieved from /Users/syedmuneebhussain/Documents/Personal/Projects/airflow_project/airflow_dir/dags/dummy_dag.py
[2024-02-14T12:17:41.021+0500] {logging_mixin.py:188} INFO - [2024-02-14T12:17:41.021+0500] {dag.py:3036} INFO - Sync 1 DAGs
[2024-02-14T12:17:41.040+0500] {logging_mixin.py:188} INFO - [2024-02-14T12:17:41.040+0500] {dag.py:3823} INFO - Setting next_dagrun for my_dag to 2023-01-01 00:00:00+00:00, run_after=2023-01-02 00:00:00+00:00
[2024-02-14T12:17:41.059+0500] {processor.py:183} INFO - Processing /Users/syedmuneebhussain/Documents/Personal/Projects/airflow_project/airflow_dir/dags/dummy_dag.py took 0.145 seconds
[2024-02-14T12:18:25.992+0500] {processor.py:161} INFO - Started process (PID=37783) to work on /Users/syedmuneebhussain/Documents/Personal/Projects/airflow_project/airflow_dir/dags/dummy_dag.py
[2024-02-14T12:18:25.994+0500] {processor.py:830} INFO - Processing file /Users/syedmuneebhussain/Documents/Personal/Projects/airflow_project/airflow_dir/dags/dummy_dag.py for tasks to queue
[2024-02-14T12:18:25.994+0500] {logging_mixin.py:188} INFO - [2024-02-14T12:18:25.994+0500] {dagbag.py:538} INFO - Filling up the DagBag from /Users/syedmuneebhussain/Documents/Personal/Projects/airflow_project/airflow_dir/dags/dummy_dag.py
[2024-02-14T12:18:26.012+0500] {processor.py:840} INFO - DAG(s) 'my_dag' retrieved from /Users/syedmuneebhussain/Documents/Personal/Projects/airflow_project/airflow_dir/dags/dummy_dag.py
[2024-02-14T12:18:26.100+0500] {logging_mixin.py:188} INFO - [2024-02-14T12:18:26.100+0500] {dag.py:3036} INFO - Sync 1 DAGs
[2024-02-14T12:18:26.132+0500] {logging_mixin.py:188} INFO - [2024-02-14T12:18:26.132+0500] {dag.py:3823} INFO - Setting next_dagrun for my_dag to 2023-01-01 00:00:00+00:00, run_after=2023-01-02 00:00:00+00:00
[2024-02-14T12:18:26.147+0500] {processor.py:183} INFO - Processing /Users/syedmuneebhussain/Documents/Personal/Projects/airflow_project/airflow_dir/dags/dummy_dag.py took 0.156 seconds
[2024-02-14T12:19:12.719+0500] {processor.py:161} INFO - Started process (PID=37930) to work on /Users/syedmuneebhussain/Documents/Personal/Projects/airflow_project/airflow_dir/dags/dummy_dag.py
[2024-02-14T12:19:12.720+0500] {processor.py:830} INFO - Processing file /Users/syedmuneebhussain/Documents/Personal/Projects/airflow_project/airflow_dir/dags/dummy_dag.py for tasks to queue
[2024-02-14T12:19:12.721+0500] {logging_mixin.py:188} INFO - [2024-02-14T12:19:12.721+0500] {dagbag.py:538} INFO - Filling up the DagBag from /Users/syedmuneebhussain/Documents/Personal/Projects/airflow_project/airflow_dir/dags/dummy_dag.py
[2024-02-14T12:19:12.739+0500] {processor.py:840} INFO - DAG(s) 'my_dag' retrieved from /Users/syedmuneebhussain/Documents/Personal/Projects/airflow_project/airflow_dir/dags/dummy_dag.py
[2024-02-14T12:19:12.832+0500] {logging_mixin.py:188} INFO - [2024-02-14T12:19:12.831+0500] {dag.py:3036} INFO - Sync 1 DAGs
[2024-02-14T12:19:12.850+0500] {logging_mixin.py:188} INFO - [2024-02-14T12:19:12.850+0500] {dag.py:3823} INFO - Setting next_dagrun for my_dag to 2023-01-01 00:00:00+00:00, run_after=2023-01-02 00:00:00+00:00
[2024-02-14T12:19:12.866+0500] {processor.py:183} INFO - Processing /Users/syedmuneebhussain/Documents/Personal/Projects/airflow_project/airflow_dir/dags/dummy_dag.py took 0.147 seconds
