[2024-02-14T11:25:04.498+0500] {processor.py:161} INFO - Started process (PID=28899) to work on /Library/Frameworks/Python.framework/Versions/3.11/lib/python3.11/site-packages/airflow/example_dags/subdags/subdag.py
[2024-02-14T11:25:04.499+0500] {processor.py:830} INFO - Processing file /Library/Frameworks/Python.framework/Versions/3.11/lib/python3.11/site-packages/airflow/example_dags/subdags/subdag.py for tasks to queue
[2024-02-14T11:25:04.499+0500] {logging_mixin.py:188} INFO - [2024-02-14T11:25:04.499+0500] {dagbag.py:538} INFO - Filling up the DagBag from /Library/Frameworks/Python.framework/Versions/3.11/lib/python3.11/site-packages/airflow/example_dags/subdags/subdag.py
[2024-02-14T11:25:04.501+0500] {processor.py:842} WARNING - No viable dags retrieved from /Library/Frameworks/Python.framework/Versions/3.11/lib/python3.11/site-packages/airflow/example_dags/subdags/subdag.py
[2024-02-14T11:25:04.577+0500] {processor.py:183} INFO - Processing /Library/Frameworks/Python.framework/Versions/3.11/lib/python3.11/site-packages/airflow/example_dags/subdags/subdag.py took 0.080 seconds
[2024-02-14T11:25:46.160+0500] {processor.py:161} INFO - Started process (PID=29031) to work on /Library/Frameworks/Python.framework/Versions/3.11/lib/python3.11/site-packages/airflow/example_dags/subdags/subdag.py
[2024-02-14T11:25:46.161+0500] {processor.py:830} INFO - Processing file /Library/Frameworks/Python.framework/Versions/3.11/lib/python3.11/site-packages/airflow/example_dags/subdags/subdag.py for tasks to queue
[2024-02-14T11:25:46.162+0500] {logging_mixin.py:188} INFO - [2024-02-14T11:25:46.162+0500] {dagbag.py:538} INFO - Filling up the DagBag from /Library/Frameworks/Python.framework/Versions/3.11/lib/python3.11/site-packages/airflow/example_dags/subdags/subdag.py
[2024-02-14T11:25:46.164+0500] {processor.py:842} WARNING - No viable dags retrieved from /Library/Frameworks/Python.framework/Versions/3.11/lib/python3.11/site-packages/airflow/example_dags/subdags/subdag.py
[2024-02-14T11:25:46.231+0500] {processor.py:183} INFO - Processing /Library/Frameworks/Python.framework/Versions/3.11/lib/python3.11/site-packages/airflow/example_dags/subdags/subdag.py took 0.072 seconds
[2024-02-14T11:26:19.246+0500] {processor.py:161} INFO - Started process (PID=29114) to work on /Library/Frameworks/Python.framework/Versions/3.11/lib/python3.11/site-packages/airflow/example_dags/subdags/subdag.py
[2024-02-14T11:26:19.247+0500] {processor.py:830} INFO - Processing file /Library/Frameworks/Python.framework/Versions/3.11/lib/python3.11/site-packages/airflow/example_dags/subdags/subdag.py for tasks to queue
[2024-02-14T11:26:19.248+0500] {logging_mixin.py:188} INFO - [2024-02-14T11:26:19.248+0500] {dagbag.py:538} INFO - Filling up the DagBag from /Library/Frameworks/Python.framework/Versions/3.11/lib/python3.11/site-packages/airflow/example_dags/subdags/subdag.py
[2024-02-14T11:26:19.250+0500] {processor.py:842} WARNING - No viable dags retrieved from /Library/Frameworks/Python.framework/Versions/3.11/lib/python3.11/site-packages/airflow/example_dags/subdags/subdag.py
[2024-02-14T11:26:19.321+0500] {processor.py:183} INFO - Processing /Library/Frameworks/Python.framework/Versions/3.11/lib/python3.11/site-packages/airflow/example_dags/subdags/subdag.py took 0.077 seconds
[2024-02-14T11:30:05.365+0500] {processor.py:161} INFO - Started process (PID=29389) to work on /Library/Frameworks/Python.framework/Versions/3.11/lib/python3.11/site-packages/airflow/example_dags/subdags/subdag.py
[2024-02-14T11:30:05.369+0500] {processor.py:830} INFO - Processing file /Library/Frameworks/Python.framework/Versions/3.11/lib/python3.11/site-packages/airflow/example_dags/subdags/subdag.py for tasks to queue
[2024-02-14T11:30:05.369+0500] {logging_mixin.py:188} INFO - [2024-02-14T11:30:05.369+0500] {dagbag.py:538} INFO - Filling up the DagBag from /Library/Frameworks/Python.framework/Versions/3.11/lib/python3.11/site-packages/airflow/example_dags/subdags/subdag.py
[2024-02-14T11:30:05.381+0500] {processor.py:842} WARNING - No viable dags retrieved from /Library/Frameworks/Python.framework/Versions/3.11/lib/python3.11/site-packages/airflow/example_dags/subdags/subdag.py
[2024-02-14T11:30:05.464+0500] {processor.py:183} INFO - Processing /Library/Frameworks/Python.framework/Versions/3.11/lib/python3.11/site-packages/airflow/example_dags/subdags/subdag.py took 0.099 seconds
[2024-02-14T11:30:52.124+0500] {processor.py:161} INFO - Started process (PID=29504) to work on /Library/Frameworks/Python.framework/Versions/3.11/lib/python3.11/site-packages/airflow/example_dags/subdags/subdag.py
[2024-02-14T11:30:52.125+0500] {processor.py:830} INFO - Processing file /Library/Frameworks/Python.framework/Versions/3.11/lib/python3.11/site-packages/airflow/example_dags/subdags/subdag.py for tasks to queue
[2024-02-14T11:30:52.126+0500] {logging_mixin.py:188} INFO - [2024-02-14T11:30:52.126+0500] {dagbag.py:538} INFO - Filling up the DagBag from /Library/Frameworks/Python.framework/Versions/3.11/lib/python3.11/site-packages/airflow/example_dags/subdags/subdag.py
[2024-02-14T11:30:52.128+0500] {processor.py:842} WARNING - No viable dags retrieved from /Library/Frameworks/Python.framework/Versions/3.11/lib/python3.11/site-packages/airflow/example_dags/subdags/subdag.py
[2024-02-14T11:30:52.196+0500] {processor.py:183} INFO - Processing /Library/Frameworks/Python.framework/Versions/3.11/lib/python3.11/site-packages/airflow/example_dags/subdags/subdag.py took 0.073 seconds
[2024-02-14T11:31:26.364+0500] {processor.py:161} INFO - Started process (PID=29606) to work on /Library/Frameworks/Python.framework/Versions/3.11/lib/python3.11/site-packages/airflow/example_dags/subdags/subdag.py
[2024-02-14T11:31:26.366+0500] {processor.py:830} INFO - Processing file /Library/Frameworks/Python.framework/Versions/3.11/lib/python3.11/site-packages/airflow/example_dags/subdags/subdag.py for tasks to queue
[2024-02-14T11:31:26.366+0500] {logging_mixin.py:188} INFO - [2024-02-14T11:31:26.366+0500] {dagbag.py:538} INFO - Filling up the DagBag from /Library/Frameworks/Python.framework/Versions/3.11/lib/python3.11/site-packages/airflow/example_dags/subdags/subdag.py
[2024-02-14T11:31:26.368+0500] {processor.py:842} WARNING - No viable dags retrieved from /Library/Frameworks/Python.framework/Versions/3.11/lib/python3.11/site-packages/airflow/example_dags/subdags/subdag.py
[2024-02-14T11:31:26.435+0500] {processor.py:183} INFO - Processing /Library/Frameworks/Python.framework/Versions/3.11/lib/python3.11/site-packages/airflow/example_dags/subdags/subdag.py took 0.071 seconds
[2024-02-14T11:31:59.693+0500] {processor.py:161} INFO - Started process (PID=29709) to work on /Library/Frameworks/Python.framework/Versions/3.11/lib/python3.11/site-packages/airflow/example_dags/subdags/subdag.py
[2024-02-14T11:31:59.694+0500] {processor.py:830} INFO - Processing file /Library/Frameworks/Python.framework/Versions/3.11/lib/python3.11/site-packages/airflow/example_dags/subdags/subdag.py for tasks to queue
[2024-02-14T11:31:59.695+0500] {logging_mixin.py:188} INFO - [2024-02-14T11:31:59.695+0500] {dagbag.py:538} INFO - Filling up the DagBag from /Library/Frameworks/Python.framework/Versions/3.11/lib/python3.11/site-packages/airflow/example_dags/subdags/subdag.py
[2024-02-14T11:31:59.697+0500] {processor.py:842} WARNING - No viable dags retrieved from /Library/Frameworks/Python.framework/Versions/3.11/lib/python3.11/site-packages/airflow/example_dags/subdags/subdag.py
[2024-02-14T11:31:59.776+0500] {processor.py:183} INFO - Processing /Library/Frameworks/Python.framework/Versions/3.11/lib/python3.11/site-packages/airflow/example_dags/subdags/subdag.py took 0.084 seconds
[2024-02-14T11:32:31.955+0500] {processor.py:161} INFO - Started process (PID=29796) to work on /Library/Frameworks/Python.framework/Versions/3.11/lib/python3.11/site-packages/airflow/example_dags/subdags/subdag.py
[2024-02-14T11:32:31.956+0500] {processor.py:830} INFO - Processing file /Library/Frameworks/Python.framework/Versions/3.11/lib/python3.11/site-packages/airflow/example_dags/subdags/subdag.py for tasks to queue
[2024-02-14T11:32:31.957+0500] {logging_mixin.py:188} INFO - [2024-02-14T11:32:31.957+0500] {dagbag.py:538} INFO - Filling up the DagBag from /Library/Frameworks/Python.framework/Versions/3.11/lib/python3.11/site-packages/airflow/example_dags/subdags/subdag.py
[2024-02-14T11:32:31.959+0500] {processor.py:842} WARNING - No viable dags retrieved from /Library/Frameworks/Python.framework/Versions/3.11/lib/python3.11/site-packages/airflow/example_dags/subdags/subdag.py
[2024-02-14T11:32:32.027+0500] {processor.py:183} INFO - Processing /Library/Frameworks/Python.framework/Versions/3.11/lib/python3.11/site-packages/airflow/example_dags/subdags/subdag.py took 0.072 seconds
[2024-02-14T11:33:04.105+0500] {processor.py:161} INFO - Started process (PID=29895) to work on /Library/Frameworks/Python.framework/Versions/3.11/lib/python3.11/site-packages/airflow/example_dags/subdags/subdag.py
[2024-02-14T11:33:04.105+0500] {processor.py:830} INFO - Processing file /Library/Frameworks/Python.framework/Versions/3.11/lib/python3.11/site-packages/airflow/example_dags/subdags/subdag.py for tasks to queue
[2024-02-14T11:33:04.106+0500] {logging_mixin.py:188} INFO - [2024-02-14T11:33:04.106+0500] {dagbag.py:538} INFO - Filling up the DagBag from /Library/Frameworks/Python.framework/Versions/3.11/lib/python3.11/site-packages/airflow/example_dags/subdags/subdag.py
[2024-02-14T11:33:04.108+0500] {processor.py:842} WARNING - No viable dags retrieved from /Library/Frameworks/Python.framework/Versions/3.11/lib/python3.11/site-packages/airflow/example_dags/subdags/subdag.py
[2024-02-14T11:33:04.176+0500] {processor.py:183} INFO - Processing /Library/Frameworks/Python.framework/Versions/3.11/lib/python3.11/site-packages/airflow/example_dags/subdags/subdag.py took 0.072 seconds
[2024-02-14T11:33:36.203+0500] {processor.py:161} INFO - Started process (PID=29998) to work on /Library/Frameworks/Python.framework/Versions/3.11/lib/python3.11/site-packages/airflow/example_dags/subdags/subdag.py
[2024-02-14T11:33:36.204+0500] {processor.py:830} INFO - Processing file /Library/Frameworks/Python.framework/Versions/3.11/lib/python3.11/site-packages/airflow/example_dags/subdags/subdag.py for tasks to queue
[2024-02-14T11:33:36.205+0500] {logging_mixin.py:188} INFO - [2024-02-14T11:33:36.205+0500] {dagbag.py:538} INFO - Filling up the DagBag from /Library/Frameworks/Python.framework/Versions/3.11/lib/python3.11/site-packages/airflow/example_dags/subdags/subdag.py
[2024-02-14T11:33:36.207+0500] {processor.py:842} WARNING - No viable dags retrieved from /Library/Frameworks/Python.framework/Versions/3.11/lib/python3.11/site-packages/airflow/example_dags/subdags/subdag.py
[2024-02-14T11:33:36.274+0500] {processor.py:183} INFO - Processing /Library/Frameworks/Python.framework/Versions/3.11/lib/python3.11/site-packages/airflow/example_dags/subdags/subdag.py took 0.072 seconds
[2024-02-14T11:34:08.392+0500] {processor.py:161} INFO - Started process (PID=30097) to work on /Library/Frameworks/Python.framework/Versions/3.11/lib/python3.11/site-packages/airflow/example_dags/subdags/subdag.py
[2024-02-14T11:34:08.394+0500] {processor.py:830} INFO - Processing file /Library/Frameworks/Python.framework/Versions/3.11/lib/python3.11/site-packages/airflow/example_dags/subdags/subdag.py for tasks to queue
[2024-02-14T11:34:08.394+0500] {logging_mixin.py:188} INFO - [2024-02-14T11:34:08.394+0500] {dagbag.py:538} INFO - Filling up the DagBag from /Library/Frameworks/Python.framework/Versions/3.11/lib/python3.11/site-packages/airflow/example_dags/subdags/subdag.py
[2024-02-14T11:34:08.396+0500] {processor.py:842} WARNING - No viable dags retrieved from /Library/Frameworks/Python.framework/Versions/3.11/lib/python3.11/site-packages/airflow/example_dags/subdags/subdag.py
[2024-02-14T11:34:08.465+0500] {processor.py:183} INFO - Processing /Library/Frameworks/Python.framework/Versions/3.11/lib/python3.11/site-packages/airflow/example_dags/subdags/subdag.py took 0.073 seconds
[2024-02-14T11:34:43.668+0500] {processor.py:161} INFO - Started process (PID=30231) to work on /Library/Frameworks/Python.framework/Versions/3.11/lib/python3.11/site-packages/airflow/example_dags/subdags/subdag.py
[2024-02-14T11:34:43.669+0500] {processor.py:830} INFO - Processing file /Library/Frameworks/Python.framework/Versions/3.11/lib/python3.11/site-packages/airflow/example_dags/subdags/subdag.py for tasks to queue
[2024-02-14T11:34:43.669+0500] {logging_mixin.py:188} INFO - [2024-02-14T11:34:43.669+0500] {dagbag.py:538} INFO - Filling up the DagBag from /Library/Frameworks/Python.framework/Versions/3.11/lib/python3.11/site-packages/airflow/example_dags/subdags/subdag.py
[2024-02-14T11:34:43.671+0500] {processor.py:842} WARNING - No viable dags retrieved from /Library/Frameworks/Python.framework/Versions/3.11/lib/python3.11/site-packages/airflow/example_dags/subdags/subdag.py
[2024-02-14T11:34:43.742+0500] {processor.py:183} INFO - Processing /Library/Frameworks/Python.framework/Versions/3.11/lib/python3.11/site-packages/airflow/example_dags/subdags/subdag.py took 0.076 seconds
[2024-02-14T11:35:18.704+0500] {processor.py:161} INFO - Started process (PID=30335) to work on /Library/Frameworks/Python.framework/Versions/3.11/lib/python3.11/site-packages/airflow/example_dags/subdags/subdag.py
[2024-02-14T11:35:18.705+0500] {processor.py:830} INFO - Processing file /Library/Frameworks/Python.framework/Versions/3.11/lib/python3.11/site-packages/airflow/example_dags/subdags/subdag.py for tasks to queue
[2024-02-14T11:35:18.706+0500] {logging_mixin.py:188} INFO - [2024-02-14T11:35:18.706+0500] {dagbag.py:538} INFO - Filling up the DagBag from /Library/Frameworks/Python.framework/Versions/3.11/lib/python3.11/site-packages/airflow/example_dags/subdags/subdag.py
[2024-02-14T11:35:18.708+0500] {processor.py:842} WARNING - No viable dags retrieved from /Library/Frameworks/Python.framework/Versions/3.11/lib/python3.11/site-packages/airflow/example_dags/subdags/subdag.py
[2024-02-14T11:35:18.779+0500] {processor.py:183} INFO - Processing /Library/Frameworks/Python.framework/Versions/3.11/lib/python3.11/site-packages/airflow/example_dags/subdags/subdag.py took 0.076 seconds
[2024-02-14T11:35:51.195+0500] {processor.py:161} INFO - Started process (PID=30422) to work on /Library/Frameworks/Python.framework/Versions/3.11/lib/python3.11/site-packages/airflow/example_dags/subdags/subdag.py
[2024-02-14T11:35:51.196+0500] {processor.py:830} INFO - Processing file /Library/Frameworks/Python.framework/Versions/3.11/lib/python3.11/site-packages/airflow/example_dags/subdags/subdag.py for tasks to queue
[2024-02-14T11:35:51.197+0500] {logging_mixin.py:188} INFO - [2024-02-14T11:35:51.197+0500] {dagbag.py:538} INFO - Filling up the DagBag from /Library/Frameworks/Python.framework/Versions/3.11/lib/python3.11/site-packages/airflow/example_dags/subdags/subdag.py
[2024-02-14T11:35:51.198+0500] {processor.py:842} WARNING - No viable dags retrieved from /Library/Frameworks/Python.framework/Versions/3.11/lib/python3.11/site-packages/airflow/example_dags/subdags/subdag.py
[2024-02-14T11:35:51.267+0500] {processor.py:183} INFO - Processing /Library/Frameworks/Python.framework/Versions/3.11/lib/python3.11/site-packages/airflow/example_dags/subdags/subdag.py took 0.072 seconds
[2024-02-14T11:36:23.364+0500] {processor.py:161} INFO - Started process (PID=30511) to work on /Library/Frameworks/Python.framework/Versions/3.11/lib/python3.11/site-packages/airflow/example_dags/subdags/subdag.py
[2024-02-14T11:36:23.365+0500] {processor.py:830} INFO - Processing file /Library/Frameworks/Python.framework/Versions/3.11/lib/python3.11/site-packages/airflow/example_dags/subdags/subdag.py for tasks to queue
[2024-02-14T11:36:23.366+0500] {logging_mixin.py:188} INFO - [2024-02-14T11:36:23.366+0500] {dagbag.py:538} INFO - Filling up the DagBag from /Library/Frameworks/Python.framework/Versions/3.11/lib/python3.11/site-packages/airflow/example_dags/subdags/subdag.py
[2024-02-14T11:36:23.368+0500] {processor.py:842} WARNING - No viable dags retrieved from /Library/Frameworks/Python.framework/Versions/3.11/lib/python3.11/site-packages/airflow/example_dags/subdags/subdag.py
[2024-02-14T11:36:23.437+0500] {processor.py:183} INFO - Processing /Library/Frameworks/Python.framework/Versions/3.11/lib/python3.11/site-packages/airflow/example_dags/subdags/subdag.py took 0.073 seconds
[2024-02-14T11:36:55.543+0500] {processor.py:161} INFO - Started process (PID=30600) to work on /Library/Frameworks/Python.framework/Versions/3.11/lib/python3.11/site-packages/airflow/example_dags/subdags/subdag.py
[2024-02-14T11:36:55.544+0500] {processor.py:830} INFO - Processing file /Library/Frameworks/Python.framework/Versions/3.11/lib/python3.11/site-packages/airflow/example_dags/subdags/subdag.py for tasks to queue
[2024-02-14T11:36:55.545+0500] {logging_mixin.py:188} INFO - [2024-02-14T11:36:55.545+0500] {dagbag.py:538} INFO - Filling up the DagBag from /Library/Frameworks/Python.framework/Versions/3.11/lib/python3.11/site-packages/airflow/example_dags/subdags/subdag.py
[2024-02-14T11:36:55.547+0500] {processor.py:842} WARNING - No viable dags retrieved from /Library/Frameworks/Python.framework/Versions/3.11/lib/python3.11/site-packages/airflow/example_dags/subdags/subdag.py
[2024-02-14T11:36:55.615+0500] {processor.py:183} INFO - Processing /Library/Frameworks/Python.framework/Versions/3.11/lib/python3.11/site-packages/airflow/example_dags/subdags/subdag.py took 0.072 seconds
[2024-02-14T11:37:27.431+0500] {processor.py:161} INFO - Started process (PID=30690) to work on /Library/Frameworks/Python.framework/Versions/3.11/lib/python3.11/site-packages/airflow/example_dags/subdags/subdag.py
[2024-02-14T11:37:27.433+0500] {processor.py:830} INFO - Processing file /Library/Frameworks/Python.framework/Versions/3.11/lib/python3.11/site-packages/airflow/example_dags/subdags/subdag.py for tasks to queue
[2024-02-14T11:37:27.433+0500] {logging_mixin.py:188} INFO - [2024-02-14T11:37:27.433+0500] {dagbag.py:538} INFO - Filling up the DagBag from /Library/Frameworks/Python.framework/Versions/3.11/lib/python3.11/site-packages/airflow/example_dags/subdags/subdag.py
[2024-02-14T11:37:27.435+0500] {processor.py:842} WARNING - No viable dags retrieved from /Library/Frameworks/Python.framework/Versions/3.11/lib/python3.11/site-packages/airflow/example_dags/subdags/subdag.py
[2024-02-14T11:37:27.508+0500] {processor.py:183} INFO - Processing /Library/Frameworks/Python.framework/Versions/3.11/lib/python3.11/site-packages/airflow/example_dags/subdags/subdag.py took 0.077 seconds
[2024-02-14T11:37:59.739+0500] {processor.py:161} INFO - Started process (PID=30782) to work on /Library/Frameworks/Python.framework/Versions/3.11/lib/python3.11/site-packages/airflow/example_dags/subdags/subdag.py
[2024-02-14T11:37:59.740+0500] {processor.py:830} INFO - Processing file /Library/Frameworks/Python.framework/Versions/3.11/lib/python3.11/site-packages/airflow/example_dags/subdags/subdag.py for tasks to queue
[2024-02-14T11:37:59.740+0500] {logging_mixin.py:188} INFO - [2024-02-14T11:37:59.740+0500] {dagbag.py:538} INFO - Filling up the DagBag from /Library/Frameworks/Python.framework/Versions/3.11/lib/python3.11/site-packages/airflow/example_dags/subdags/subdag.py
[2024-02-14T11:37:59.742+0500] {processor.py:842} WARNING - No viable dags retrieved from /Library/Frameworks/Python.framework/Versions/3.11/lib/python3.11/site-packages/airflow/example_dags/subdags/subdag.py
[2024-02-14T11:37:59.809+0500] {processor.py:183} INFO - Processing /Library/Frameworks/Python.framework/Versions/3.11/lib/python3.11/site-packages/airflow/example_dags/subdags/subdag.py took 0.071 seconds
[2024-02-14T11:38:31.952+0500] {processor.py:161} INFO - Started process (PID=30871) to work on /Library/Frameworks/Python.framework/Versions/3.11/lib/python3.11/site-packages/airflow/example_dags/subdags/subdag.py
[2024-02-14T11:38:31.953+0500] {processor.py:830} INFO - Processing file /Library/Frameworks/Python.framework/Versions/3.11/lib/python3.11/site-packages/airflow/example_dags/subdags/subdag.py for tasks to queue
[2024-02-14T11:38:31.953+0500] {logging_mixin.py:188} INFO - [2024-02-14T11:38:31.953+0500] {dagbag.py:538} INFO - Filling up the DagBag from /Library/Frameworks/Python.framework/Versions/3.11/lib/python3.11/site-packages/airflow/example_dags/subdags/subdag.py
[2024-02-14T11:38:31.955+0500] {processor.py:842} WARNING - No viable dags retrieved from /Library/Frameworks/Python.framework/Versions/3.11/lib/python3.11/site-packages/airflow/example_dags/subdags/subdag.py
[2024-02-14T11:38:32.024+0500] {processor.py:183} INFO - Processing /Library/Frameworks/Python.framework/Versions/3.11/lib/python3.11/site-packages/airflow/example_dags/subdags/subdag.py took 0.073 seconds
[2024-02-14T11:39:05.142+0500] {processor.py:161} INFO - Started process (PID=30967) to work on /Library/Frameworks/Python.framework/Versions/3.11/lib/python3.11/site-packages/airflow/example_dags/subdags/subdag.py
[2024-02-14T11:39:05.143+0500] {processor.py:830} INFO - Processing file /Library/Frameworks/Python.framework/Versions/3.11/lib/python3.11/site-packages/airflow/example_dags/subdags/subdag.py for tasks to queue
[2024-02-14T11:39:05.144+0500] {logging_mixin.py:188} INFO - [2024-02-14T11:39:05.143+0500] {dagbag.py:538} INFO - Filling up the DagBag from /Library/Frameworks/Python.framework/Versions/3.11/lib/python3.11/site-packages/airflow/example_dags/subdags/subdag.py
[2024-02-14T11:39:05.146+0500] {processor.py:842} WARNING - No viable dags retrieved from /Library/Frameworks/Python.framework/Versions/3.11/lib/python3.11/site-packages/airflow/example_dags/subdags/subdag.py
[2024-02-14T11:39:05.236+0500] {processor.py:183} INFO - Processing /Library/Frameworks/Python.framework/Versions/3.11/lib/python3.11/site-packages/airflow/example_dags/subdags/subdag.py took 0.094 seconds
[2024-02-14T11:39:43.665+0500] {processor.py:161} INFO - Started process (PID=31074) to work on /Library/Frameworks/Python.framework/Versions/3.11/lib/python3.11/site-packages/airflow/example_dags/subdags/subdag.py
[2024-02-14T11:39:43.666+0500] {processor.py:830} INFO - Processing file /Library/Frameworks/Python.framework/Versions/3.11/lib/python3.11/site-packages/airflow/example_dags/subdags/subdag.py for tasks to queue
[2024-02-14T11:39:43.666+0500] {logging_mixin.py:188} INFO - [2024-02-14T11:39:43.666+0500] {dagbag.py:538} INFO - Filling up the DagBag from /Library/Frameworks/Python.framework/Versions/3.11/lib/python3.11/site-packages/airflow/example_dags/subdags/subdag.py
[2024-02-14T11:39:43.668+0500] {processor.py:842} WARNING - No viable dags retrieved from /Library/Frameworks/Python.framework/Versions/3.11/lib/python3.11/site-packages/airflow/example_dags/subdags/subdag.py
[2024-02-14T11:39:43.739+0500] {processor.py:183} INFO - Processing /Library/Frameworks/Python.framework/Versions/3.11/lib/python3.11/site-packages/airflow/example_dags/subdags/subdag.py took 0.074 seconds
[2024-02-14T11:40:23.613+0500] {processor.py:161} INFO - Started process (PID=31191) to work on /Library/Frameworks/Python.framework/Versions/3.11/lib/python3.11/site-packages/airflow/example_dags/subdags/subdag.py
[2024-02-14T11:40:23.614+0500] {processor.py:830} INFO - Processing file /Library/Frameworks/Python.framework/Versions/3.11/lib/python3.11/site-packages/airflow/example_dags/subdags/subdag.py for tasks to queue
[2024-02-14T11:40:23.615+0500] {logging_mixin.py:188} INFO - [2024-02-14T11:40:23.615+0500] {dagbag.py:538} INFO - Filling up the DagBag from /Library/Frameworks/Python.framework/Versions/3.11/lib/python3.11/site-packages/airflow/example_dags/subdags/subdag.py
[2024-02-14T11:40:23.617+0500] {processor.py:842} WARNING - No viable dags retrieved from /Library/Frameworks/Python.framework/Versions/3.11/lib/python3.11/site-packages/airflow/example_dags/subdags/subdag.py
[2024-02-14T11:40:23.691+0500] {processor.py:183} INFO - Processing /Library/Frameworks/Python.framework/Versions/3.11/lib/python3.11/site-packages/airflow/example_dags/subdags/subdag.py took 0.078 seconds
[2024-02-14T11:41:01.988+0500] {processor.py:161} INFO - Started process (PID=31297) to work on /Library/Frameworks/Python.framework/Versions/3.11/lib/python3.11/site-packages/airflow/example_dags/subdags/subdag.py
[2024-02-14T11:41:01.989+0500] {processor.py:830} INFO - Processing file /Library/Frameworks/Python.framework/Versions/3.11/lib/python3.11/site-packages/airflow/example_dags/subdags/subdag.py for tasks to queue
[2024-02-14T11:41:01.990+0500] {logging_mixin.py:188} INFO - [2024-02-14T11:41:01.990+0500] {dagbag.py:538} INFO - Filling up the DagBag from /Library/Frameworks/Python.framework/Versions/3.11/lib/python3.11/site-packages/airflow/example_dags/subdags/subdag.py
[2024-02-14T11:41:01.991+0500] {processor.py:842} WARNING - No viable dags retrieved from /Library/Frameworks/Python.framework/Versions/3.11/lib/python3.11/site-packages/airflow/example_dags/subdags/subdag.py
[2024-02-14T11:41:02.066+0500] {processor.py:183} INFO - Processing /Library/Frameworks/Python.framework/Versions/3.11/lib/python3.11/site-packages/airflow/example_dags/subdags/subdag.py took 0.078 seconds
[2024-02-14T11:41:42.146+0500] {processor.py:161} INFO - Started process (PID=31411) to work on /Library/Frameworks/Python.framework/Versions/3.11/lib/python3.11/site-packages/airflow/example_dags/subdags/subdag.py
[2024-02-14T11:41:42.148+0500] {processor.py:830} INFO - Processing file /Library/Frameworks/Python.framework/Versions/3.11/lib/python3.11/site-packages/airflow/example_dags/subdags/subdag.py for tasks to queue
[2024-02-14T11:41:42.148+0500] {logging_mixin.py:188} INFO - [2024-02-14T11:41:42.148+0500] {dagbag.py:538} INFO - Filling up the DagBag from /Library/Frameworks/Python.framework/Versions/3.11/lib/python3.11/site-packages/airflow/example_dags/subdags/subdag.py
[2024-02-14T11:41:42.150+0500] {processor.py:842} WARNING - No viable dags retrieved from /Library/Frameworks/Python.framework/Versions/3.11/lib/python3.11/site-packages/airflow/example_dags/subdags/subdag.py
[2024-02-14T11:41:42.228+0500] {processor.py:183} INFO - Processing /Library/Frameworks/Python.framework/Versions/3.11/lib/python3.11/site-packages/airflow/example_dags/subdags/subdag.py took 0.083 seconds
[2024-02-14T11:42:18.703+0500] {processor.py:161} INFO - Started process (PID=31515) to work on /Library/Frameworks/Python.framework/Versions/3.11/lib/python3.11/site-packages/airflow/example_dags/subdags/subdag.py
[2024-02-14T11:42:18.704+0500] {processor.py:830} INFO - Processing file /Library/Frameworks/Python.framework/Versions/3.11/lib/python3.11/site-packages/airflow/example_dags/subdags/subdag.py for tasks to queue
[2024-02-14T11:42:18.705+0500] {logging_mixin.py:188} INFO - [2024-02-14T11:42:18.705+0500] {dagbag.py:538} INFO - Filling up the DagBag from /Library/Frameworks/Python.framework/Versions/3.11/lib/python3.11/site-packages/airflow/example_dags/subdags/subdag.py
[2024-02-14T11:42:18.707+0500] {processor.py:842} WARNING - No viable dags retrieved from /Library/Frameworks/Python.framework/Versions/3.11/lib/python3.11/site-packages/airflow/example_dags/subdags/subdag.py
[2024-02-14T11:42:18.788+0500] {processor.py:183} INFO - Processing /Library/Frameworks/Python.framework/Versions/3.11/lib/python3.11/site-packages/airflow/example_dags/subdags/subdag.py took 0.086 seconds
[2024-02-14T11:42:56.853+0500] {processor.py:161} INFO - Started process (PID=31616) to work on /Library/Frameworks/Python.framework/Versions/3.11/lib/python3.11/site-packages/airflow/example_dags/subdags/subdag.py
[2024-02-14T11:42:56.854+0500] {processor.py:830} INFO - Processing file /Library/Frameworks/Python.framework/Versions/3.11/lib/python3.11/site-packages/airflow/example_dags/subdags/subdag.py for tasks to queue
[2024-02-14T11:42:56.854+0500] {logging_mixin.py:188} INFO - [2024-02-14T11:42:56.854+0500] {dagbag.py:538} INFO - Filling up the DagBag from /Library/Frameworks/Python.framework/Versions/3.11/lib/python3.11/site-packages/airflow/example_dags/subdags/subdag.py
[2024-02-14T11:42:56.856+0500] {processor.py:842} WARNING - No viable dags retrieved from /Library/Frameworks/Python.framework/Versions/3.11/lib/python3.11/site-packages/airflow/example_dags/subdags/subdag.py
[2024-02-14T11:42:56.933+0500] {processor.py:183} INFO - Processing /Library/Frameworks/Python.framework/Versions/3.11/lib/python3.11/site-packages/airflow/example_dags/subdags/subdag.py took 0.080 seconds
[2024-02-14T11:43:33.482+0500] {processor.py:161} INFO - Started process (PID=31712) to work on /Library/Frameworks/Python.framework/Versions/3.11/lib/python3.11/site-packages/airflow/example_dags/subdags/subdag.py
[2024-02-14T11:43:33.482+0500] {processor.py:830} INFO - Processing file /Library/Frameworks/Python.framework/Versions/3.11/lib/python3.11/site-packages/airflow/example_dags/subdags/subdag.py for tasks to queue
[2024-02-14T11:43:33.483+0500] {logging_mixin.py:188} INFO - [2024-02-14T11:43:33.483+0500] {dagbag.py:538} INFO - Filling up the DagBag from /Library/Frameworks/Python.framework/Versions/3.11/lib/python3.11/site-packages/airflow/example_dags/subdags/subdag.py
[2024-02-14T11:43:33.484+0500] {processor.py:842} WARNING - No viable dags retrieved from /Library/Frameworks/Python.framework/Versions/3.11/lib/python3.11/site-packages/airflow/example_dags/subdags/subdag.py
[2024-02-14T11:43:33.558+0500] {processor.py:183} INFO - Processing /Library/Frameworks/Python.framework/Versions/3.11/lib/python3.11/site-packages/airflow/example_dags/subdags/subdag.py took 0.078 seconds
[2024-02-14T11:44:10.014+0500] {processor.py:161} INFO - Started process (PID=31811) to work on /Library/Frameworks/Python.framework/Versions/3.11/lib/python3.11/site-packages/airflow/example_dags/subdags/subdag.py
[2024-02-14T11:44:10.014+0500] {processor.py:830} INFO - Processing file /Library/Frameworks/Python.framework/Versions/3.11/lib/python3.11/site-packages/airflow/example_dags/subdags/subdag.py for tasks to queue
[2024-02-14T11:44:10.015+0500] {logging_mixin.py:188} INFO - [2024-02-14T11:44:10.015+0500] {dagbag.py:538} INFO - Filling up the DagBag from /Library/Frameworks/Python.framework/Versions/3.11/lib/python3.11/site-packages/airflow/example_dags/subdags/subdag.py
[2024-02-14T11:44:10.017+0500] {processor.py:842} WARNING - No viable dags retrieved from /Library/Frameworks/Python.framework/Versions/3.11/lib/python3.11/site-packages/airflow/example_dags/subdags/subdag.py
[2024-02-14T11:44:10.094+0500] {processor.py:183} INFO - Processing /Library/Frameworks/Python.framework/Versions/3.11/lib/python3.11/site-packages/airflow/example_dags/subdags/subdag.py took 0.081 seconds
[2024-02-14T11:44:49.486+0500] {processor.py:161} INFO - Started process (PID=31926) to work on /Library/Frameworks/Python.framework/Versions/3.11/lib/python3.11/site-packages/airflow/example_dags/subdags/subdag.py
[2024-02-14T11:44:49.486+0500] {processor.py:830} INFO - Processing file /Library/Frameworks/Python.framework/Versions/3.11/lib/python3.11/site-packages/airflow/example_dags/subdags/subdag.py for tasks to queue
[2024-02-14T11:44:49.487+0500] {logging_mixin.py:188} INFO - [2024-02-14T11:44:49.487+0500] {dagbag.py:538} INFO - Filling up the DagBag from /Library/Frameworks/Python.framework/Versions/3.11/lib/python3.11/site-packages/airflow/example_dags/subdags/subdag.py
[2024-02-14T11:44:49.489+0500] {processor.py:842} WARNING - No viable dags retrieved from /Library/Frameworks/Python.framework/Versions/3.11/lib/python3.11/site-packages/airflow/example_dags/subdags/subdag.py
[2024-02-14T11:44:49.564+0500] {processor.py:183} INFO - Processing /Library/Frameworks/Python.framework/Versions/3.11/lib/python3.11/site-packages/airflow/example_dags/subdags/subdag.py took 0.079 seconds
[2024-02-14T11:45:25.919+0500] {processor.py:161} INFO - Started process (PID=32022) to work on /Library/Frameworks/Python.framework/Versions/3.11/lib/python3.11/site-packages/airflow/example_dags/subdags/subdag.py
[2024-02-14T11:45:25.920+0500] {processor.py:830} INFO - Processing file /Library/Frameworks/Python.framework/Versions/3.11/lib/python3.11/site-packages/airflow/example_dags/subdags/subdag.py for tasks to queue
[2024-02-14T11:45:25.920+0500] {logging_mixin.py:188} INFO - [2024-02-14T11:45:25.920+0500] {dagbag.py:538} INFO - Filling up the DagBag from /Library/Frameworks/Python.framework/Versions/3.11/lib/python3.11/site-packages/airflow/example_dags/subdags/subdag.py
[2024-02-14T11:45:25.922+0500] {processor.py:842} WARNING - No viable dags retrieved from /Library/Frameworks/Python.framework/Versions/3.11/lib/python3.11/site-packages/airflow/example_dags/subdags/subdag.py
[2024-02-14T11:45:26.002+0500] {processor.py:183} INFO - Processing /Library/Frameworks/Python.framework/Versions/3.11/lib/python3.11/site-packages/airflow/example_dags/subdags/subdag.py took 0.083 seconds
[2024-02-14T11:46:04.379+0500] {processor.py:161} INFO - Started process (PID=32126) to work on /Library/Frameworks/Python.framework/Versions/3.11/lib/python3.11/site-packages/airflow/example_dags/subdags/subdag.py
[2024-02-14T11:46:04.381+0500] {processor.py:830} INFO - Processing file /Library/Frameworks/Python.framework/Versions/3.11/lib/python3.11/site-packages/airflow/example_dags/subdags/subdag.py for tasks to queue
[2024-02-14T11:46:04.381+0500] {logging_mixin.py:188} INFO - [2024-02-14T11:46:04.381+0500] {dagbag.py:538} INFO - Filling up the DagBag from /Library/Frameworks/Python.framework/Versions/3.11/lib/python3.11/site-packages/airflow/example_dags/subdags/subdag.py
[2024-02-14T11:46:04.383+0500] {processor.py:842} WARNING - No viable dags retrieved from /Library/Frameworks/Python.framework/Versions/3.11/lib/python3.11/site-packages/airflow/example_dags/subdags/subdag.py
[2024-02-14T11:46:04.456+0500] {processor.py:183} INFO - Processing /Library/Frameworks/Python.framework/Versions/3.11/lib/python3.11/site-packages/airflow/example_dags/subdags/subdag.py took 0.077 seconds
[2024-02-14T11:46:42.974+0500] {processor.py:161} INFO - Started process (PID=32233) to work on /Library/Frameworks/Python.framework/Versions/3.11/lib/python3.11/site-packages/airflow/example_dags/subdags/subdag.py
[2024-02-14T11:46:42.975+0500] {processor.py:830} INFO - Processing file /Library/Frameworks/Python.framework/Versions/3.11/lib/python3.11/site-packages/airflow/example_dags/subdags/subdag.py for tasks to queue
[2024-02-14T11:46:42.976+0500] {logging_mixin.py:188} INFO - [2024-02-14T11:46:42.976+0500] {dagbag.py:538} INFO - Filling up the DagBag from /Library/Frameworks/Python.framework/Versions/3.11/lib/python3.11/site-packages/airflow/example_dags/subdags/subdag.py
[2024-02-14T11:46:42.978+0500] {processor.py:842} WARNING - No viable dags retrieved from /Library/Frameworks/Python.framework/Versions/3.11/lib/python3.11/site-packages/airflow/example_dags/subdags/subdag.py
[2024-02-14T11:46:43.050+0500] {processor.py:183} INFO - Processing /Library/Frameworks/Python.framework/Versions/3.11/lib/python3.11/site-packages/airflow/example_dags/subdags/subdag.py took 0.077 seconds
[2024-02-14T11:47:23.333+0500] {processor.py:161} INFO - Started process (PID=32349) to work on /Library/Frameworks/Python.framework/Versions/3.11/lib/python3.11/site-packages/airflow/example_dags/subdags/subdag.py
[2024-02-14T11:47:23.334+0500] {processor.py:830} INFO - Processing file /Library/Frameworks/Python.framework/Versions/3.11/lib/python3.11/site-packages/airflow/example_dags/subdags/subdag.py for tasks to queue
[2024-02-14T11:47:23.334+0500] {logging_mixin.py:188} INFO - [2024-02-14T11:47:23.334+0500] {dagbag.py:538} INFO - Filling up the DagBag from /Library/Frameworks/Python.framework/Versions/3.11/lib/python3.11/site-packages/airflow/example_dags/subdags/subdag.py
[2024-02-14T11:47:23.336+0500] {processor.py:842} WARNING - No viable dags retrieved from /Library/Frameworks/Python.framework/Versions/3.11/lib/python3.11/site-packages/airflow/example_dags/subdags/subdag.py
[2024-02-14T11:47:23.413+0500] {processor.py:183} INFO - Processing /Library/Frameworks/Python.framework/Versions/3.11/lib/python3.11/site-packages/airflow/example_dags/subdags/subdag.py took 0.081 seconds
[2024-02-14T11:47:57.198+0500] {processor.py:161} INFO - Started process (PID=32451) to work on /Library/Frameworks/Python.framework/Versions/3.11/lib/python3.11/site-packages/airflow/example_dags/subdags/subdag.py
[2024-02-14T11:47:57.199+0500] {processor.py:830} INFO - Processing file /Library/Frameworks/Python.framework/Versions/3.11/lib/python3.11/site-packages/airflow/example_dags/subdags/subdag.py for tasks to queue
[2024-02-14T11:47:57.200+0500] {logging_mixin.py:188} INFO - [2024-02-14T11:47:57.200+0500] {dagbag.py:538} INFO - Filling up the DagBag from /Library/Frameworks/Python.framework/Versions/3.11/lib/python3.11/site-packages/airflow/example_dags/subdags/subdag.py
[2024-02-14T11:47:57.202+0500] {processor.py:842} WARNING - No viable dags retrieved from /Library/Frameworks/Python.framework/Versions/3.11/lib/python3.11/site-packages/airflow/example_dags/subdags/subdag.py
[2024-02-14T11:47:57.271+0500] {processor.py:183} INFO - Processing /Library/Frameworks/Python.framework/Versions/3.11/lib/python3.11/site-packages/airflow/example_dags/subdags/subdag.py took 0.074 seconds
[2024-02-14T11:48:34.468+0500] {processor.py:161} INFO - Started process (PID=32563) to work on /Library/Frameworks/Python.framework/Versions/3.11/lib/python3.11/site-packages/airflow/example_dags/subdags/subdag.py
[2024-02-14T11:48:34.469+0500] {processor.py:830} INFO - Processing file /Library/Frameworks/Python.framework/Versions/3.11/lib/python3.11/site-packages/airflow/example_dags/subdags/subdag.py for tasks to queue
[2024-02-14T11:48:34.470+0500] {logging_mixin.py:188} INFO - [2024-02-14T11:48:34.470+0500] {dagbag.py:538} INFO - Filling up the DagBag from /Library/Frameworks/Python.framework/Versions/3.11/lib/python3.11/site-packages/airflow/example_dags/subdags/subdag.py
[2024-02-14T11:48:34.471+0500] {processor.py:842} WARNING - No viable dags retrieved from /Library/Frameworks/Python.framework/Versions/3.11/lib/python3.11/site-packages/airflow/example_dags/subdags/subdag.py
[2024-02-14T11:48:34.545+0500] {processor.py:183} INFO - Processing /Library/Frameworks/Python.framework/Versions/3.11/lib/python3.11/site-packages/airflow/example_dags/subdags/subdag.py took 0.077 seconds
[2024-02-14T11:49:07.436+0500] {processor.py:161} INFO - Started process (PID=32661) to work on /Library/Frameworks/Python.framework/Versions/3.11/lib/python3.11/site-packages/airflow/example_dags/subdags/subdag.py
[2024-02-14T11:49:07.437+0500] {processor.py:830} INFO - Processing file /Library/Frameworks/Python.framework/Versions/3.11/lib/python3.11/site-packages/airflow/example_dags/subdags/subdag.py for tasks to queue
[2024-02-14T11:49:07.438+0500] {logging_mixin.py:188} INFO - [2024-02-14T11:49:07.438+0500] {dagbag.py:538} INFO - Filling up the DagBag from /Library/Frameworks/Python.framework/Versions/3.11/lib/python3.11/site-packages/airflow/example_dags/subdags/subdag.py
[2024-02-14T11:49:07.440+0500] {processor.py:842} WARNING - No viable dags retrieved from /Library/Frameworks/Python.framework/Versions/3.11/lib/python3.11/site-packages/airflow/example_dags/subdags/subdag.py
[2024-02-14T11:49:07.517+0500] {processor.py:183} INFO - Processing /Library/Frameworks/Python.framework/Versions/3.11/lib/python3.11/site-packages/airflow/example_dags/subdags/subdag.py took 0.082 seconds
[2024-02-14T11:49:46.771+0500] {processor.py:161} INFO - Started process (PID=32781) to work on /Library/Frameworks/Python.framework/Versions/3.11/lib/python3.11/site-packages/airflow/example_dags/subdags/subdag.py
[2024-02-14T11:49:46.772+0500] {processor.py:830} INFO - Processing file /Library/Frameworks/Python.framework/Versions/3.11/lib/python3.11/site-packages/airflow/example_dags/subdags/subdag.py for tasks to queue
[2024-02-14T11:49:46.772+0500] {logging_mixin.py:188} INFO - [2024-02-14T11:49:46.772+0500] {dagbag.py:538} INFO - Filling up the DagBag from /Library/Frameworks/Python.framework/Versions/3.11/lib/python3.11/site-packages/airflow/example_dags/subdags/subdag.py
[2024-02-14T11:49:46.774+0500] {processor.py:842} WARNING - No viable dags retrieved from /Library/Frameworks/Python.framework/Versions/3.11/lib/python3.11/site-packages/airflow/example_dags/subdags/subdag.py
[2024-02-14T11:49:46.840+0500] {processor.py:183} INFO - Processing /Library/Frameworks/Python.framework/Versions/3.11/lib/python3.11/site-packages/airflow/example_dags/subdags/subdag.py took 0.070 seconds
[2024-02-14T11:50:20.018+0500] {processor.py:161} INFO - Started process (PID=32890) to work on /Library/Frameworks/Python.framework/Versions/3.11/lib/python3.11/site-packages/airflow/example_dags/subdags/subdag.py
[2024-02-14T11:50:20.019+0500] {processor.py:830} INFO - Processing file /Library/Frameworks/Python.framework/Versions/3.11/lib/python3.11/site-packages/airflow/example_dags/subdags/subdag.py for tasks to queue
[2024-02-14T11:50:20.020+0500] {logging_mixin.py:188} INFO - [2024-02-14T11:50:20.019+0500] {dagbag.py:538} INFO - Filling up the DagBag from /Library/Frameworks/Python.framework/Versions/3.11/lib/python3.11/site-packages/airflow/example_dags/subdags/subdag.py
[2024-02-14T11:50:20.022+0500] {processor.py:842} WARNING - No viable dags retrieved from /Library/Frameworks/Python.framework/Versions/3.11/lib/python3.11/site-packages/airflow/example_dags/subdags/subdag.py
[2024-02-14T11:50:20.093+0500] {processor.py:183} INFO - Processing /Library/Frameworks/Python.framework/Versions/3.11/lib/python3.11/site-packages/airflow/example_dags/subdags/subdag.py took 0.076 seconds
[2024-02-14T11:51:01.984+0500] {processor.py:161} INFO - Started process (PID=33016) to work on /Library/Frameworks/Python.framework/Versions/3.11/lib/python3.11/site-packages/airflow/example_dags/subdags/subdag.py
[2024-02-14T11:51:01.986+0500] {processor.py:830} INFO - Processing file /Library/Frameworks/Python.framework/Versions/3.11/lib/python3.11/site-packages/airflow/example_dags/subdags/subdag.py for tasks to queue
[2024-02-14T11:51:01.986+0500] {logging_mixin.py:188} INFO - [2024-02-14T11:51:01.986+0500] {dagbag.py:538} INFO - Filling up the DagBag from /Library/Frameworks/Python.framework/Versions/3.11/lib/python3.11/site-packages/airflow/example_dags/subdags/subdag.py
[2024-02-14T11:51:01.988+0500] {processor.py:842} WARNING - No viable dags retrieved from /Library/Frameworks/Python.framework/Versions/3.11/lib/python3.11/site-packages/airflow/example_dags/subdags/subdag.py
[2024-02-14T11:51:02.059+0500] {processor.py:183} INFO - Processing /Library/Frameworks/Python.framework/Versions/3.11/lib/python3.11/site-packages/airflow/example_dags/subdags/subdag.py took 0.076 seconds
[2024-02-14T11:51:43.146+0500] {processor.py:161} INFO - Started process (PID=33150) to work on /Library/Frameworks/Python.framework/Versions/3.11/lib/python3.11/site-packages/airflow/example_dags/subdags/subdag.py
[2024-02-14T11:51:43.148+0500] {processor.py:830} INFO - Processing file /Library/Frameworks/Python.framework/Versions/3.11/lib/python3.11/site-packages/airflow/example_dags/subdags/subdag.py for tasks to queue
[2024-02-14T11:51:43.149+0500] {logging_mixin.py:188} INFO - [2024-02-14T11:51:43.149+0500] {dagbag.py:538} INFO - Filling up the DagBag from /Library/Frameworks/Python.framework/Versions/3.11/lib/python3.11/site-packages/airflow/example_dags/subdags/subdag.py
[2024-02-14T11:51:43.187+0500] {processor.py:842} WARNING - No viable dags retrieved from /Library/Frameworks/Python.framework/Versions/3.11/lib/python3.11/site-packages/airflow/example_dags/subdags/subdag.py
[2024-02-14T11:51:43.339+0500] {processor.py:183} INFO - Processing /Library/Frameworks/Python.framework/Versions/3.11/lib/python3.11/site-packages/airflow/example_dags/subdags/subdag.py took 0.194 seconds
[2024-02-14T11:52:16.002+0500] {processor.py:161} INFO - Started process (PID=33261) to work on /Library/Frameworks/Python.framework/Versions/3.11/lib/python3.11/site-packages/airflow/example_dags/subdags/subdag.py
[2024-02-14T11:52:16.003+0500] {processor.py:830} INFO - Processing file /Library/Frameworks/Python.framework/Versions/3.11/lib/python3.11/site-packages/airflow/example_dags/subdags/subdag.py for tasks to queue
[2024-02-14T11:52:16.004+0500] {logging_mixin.py:188} INFO - [2024-02-14T11:52:16.004+0500] {dagbag.py:538} INFO - Filling up the DagBag from /Library/Frameworks/Python.framework/Versions/3.11/lib/python3.11/site-packages/airflow/example_dags/subdags/subdag.py
[2024-02-14T11:52:16.006+0500] {processor.py:842} WARNING - No viable dags retrieved from /Library/Frameworks/Python.framework/Versions/3.11/lib/python3.11/site-packages/airflow/example_dags/subdags/subdag.py
[2024-02-14T11:52:16.073+0500] {processor.py:183} INFO - Processing /Library/Frameworks/Python.framework/Versions/3.11/lib/python3.11/site-packages/airflow/example_dags/subdags/subdag.py took 0.072 seconds
[2024-02-14T11:52:56.449+0500] {processor.py:161} INFO - Started process (PID=33382) to work on /Library/Frameworks/Python.framework/Versions/3.11/lib/python3.11/site-packages/airflow/example_dags/subdags/subdag.py
[2024-02-14T11:52:56.451+0500] {processor.py:830} INFO - Processing file /Library/Frameworks/Python.framework/Versions/3.11/lib/python3.11/site-packages/airflow/example_dags/subdags/subdag.py for tasks to queue
[2024-02-14T11:52:56.452+0500] {logging_mixin.py:188} INFO - [2024-02-14T11:52:56.451+0500] {dagbag.py:538} INFO - Filling up the DagBag from /Library/Frameworks/Python.framework/Versions/3.11/lib/python3.11/site-packages/airflow/example_dags/subdags/subdag.py
[2024-02-14T11:52:56.454+0500] {processor.py:842} WARNING - No viable dags retrieved from /Library/Frameworks/Python.framework/Versions/3.11/lib/python3.11/site-packages/airflow/example_dags/subdags/subdag.py
[2024-02-14T11:52:56.520+0500] {processor.py:183} INFO - Processing /Library/Frameworks/Python.framework/Versions/3.11/lib/python3.11/site-packages/airflow/example_dags/subdags/subdag.py took 0.071 seconds
[2024-02-14T11:53:36.182+0500] {processor.py:161} INFO - Started process (PID=33508) to work on /Library/Frameworks/Python.framework/Versions/3.11/lib/python3.11/site-packages/airflow/example_dags/subdags/subdag.py
[2024-02-14T11:53:36.183+0500] {processor.py:830} INFO - Processing file /Library/Frameworks/Python.framework/Versions/3.11/lib/python3.11/site-packages/airflow/example_dags/subdags/subdag.py for tasks to queue
[2024-02-14T11:53:36.183+0500] {logging_mixin.py:188} INFO - [2024-02-14T11:53:36.183+0500] {dagbag.py:538} INFO - Filling up the DagBag from /Library/Frameworks/Python.framework/Versions/3.11/lib/python3.11/site-packages/airflow/example_dags/subdags/subdag.py
[2024-02-14T11:53:36.186+0500] {processor.py:842} WARNING - No viable dags retrieved from /Library/Frameworks/Python.framework/Versions/3.11/lib/python3.11/site-packages/airflow/example_dags/subdags/subdag.py
[2024-02-14T11:53:36.274+0500] {processor.py:183} INFO - Processing /Library/Frameworks/Python.framework/Versions/3.11/lib/python3.11/site-packages/airflow/example_dags/subdags/subdag.py took 0.093 seconds
[2024-02-14T11:54:19.360+0500] {processor.py:161} INFO - Started process (PID=33676) to work on /Library/Frameworks/Python.framework/Versions/3.11/lib/python3.11/site-packages/airflow/example_dags/subdags/subdag.py
[2024-02-14T11:54:19.360+0500] {processor.py:830} INFO - Processing file /Library/Frameworks/Python.framework/Versions/3.11/lib/python3.11/site-packages/airflow/example_dags/subdags/subdag.py for tasks to queue
[2024-02-14T11:54:19.361+0500] {logging_mixin.py:188} INFO - [2024-02-14T11:54:19.361+0500] {dagbag.py:538} INFO - Filling up the DagBag from /Library/Frameworks/Python.framework/Versions/3.11/lib/python3.11/site-packages/airflow/example_dags/subdags/subdag.py
[2024-02-14T11:54:19.364+0500] {processor.py:842} WARNING - No viable dags retrieved from /Library/Frameworks/Python.framework/Versions/3.11/lib/python3.11/site-packages/airflow/example_dags/subdags/subdag.py
[2024-02-14T11:54:19.440+0500] {processor.py:183} INFO - Processing /Library/Frameworks/Python.framework/Versions/3.11/lib/python3.11/site-packages/airflow/example_dags/subdags/subdag.py took 0.082 seconds
[2024-02-14T11:54:51.640+0500] {processor.py:161} INFO - Started process (PID=33768) to work on /Library/Frameworks/Python.framework/Versions/3.11/lib/python3.11/site-packages/airflow/example_dags/subdags/subdag.py
[2024-02-14T11:54:51.641+0500] {processor.py:830} INFO - Processing file /Library/Frameworks/Python.framework/Versions/3.11/lib/python3.11/site-packages/airflow/example_dags/subdags/subdag.py for tasks to queue
[2024-02-14T11:54:51.642+0500] {logging_mixin.py:188} INFO - [2024-02-14T11:54:51.642+0500] {dagbag.py:538} INFO - Filling up the DagBag from /Library/Frameworks/Python.framework/Versions/3.11/lib/python3.11/site-packages/airflow/example_dags/subdags/subdag.py
[2024-02-14T11:54:51.644+0500] {processor.py:842} WARNING - No viable dags retrieved from /Library/Frameworks/Python.framework/Versions/3.11/lib/python3.11/site-packages/airflow/example_dags/subdags/subdag.py
[2024-02-14T11:54:51.712+0500] {processor.py:183} INFO - Processing /Library/Frameworks/Python.framework/Versions/3.11/lib/python3.11/site-packages/airflow/example_dags/subdags/subdag.py took 0.073 seconds
[2024-02-14T11:55:29.065+0500] {processor.py:161} INFO - Started process (PID=33879) to work on /Library/Frameworks/Python.framework/Versions/3.11/lib/python3.11/site-packages/airflow/example_dags/subdags/subdag.py
[2024-02-14T11:55:29.067+0500] {processor.py:830} INFO - Processing file /Library/Frameworks/Python.framework/Versions/3.11/lib/python3.11/site-packages/airflow/example_dags/subdags/subdag.py for tasks to queue
[2024-02-14T11:55:29.067+0500] {logging_mixin.py:188} INFO - [2024-02-14T11:55:29.067+0500] {dagbag.py:538} INFO - Filling up the DagBag from /Library/Frameworks/Python.framework/Versions/3.11/lib/python3.11/site-packages/airflow/example_dags/subdags/subdag.py
[2024-02-14T11:55:29.069+0500] {processor.py:842} WARNING - No viable dags retrieved from /Library/Frameworks/Python.framework/Versions/3.11/lib/python3.11/site-packages/airflow/example_dags/subdags/subdag.py
[2024-02-14T11:55:29.142+0500] {processor.py:183} INFO - Processing /Library/Frameworks/Python.framework/Versions/3.11/lib/python3.11/site-packages/airflow/example_dags/subdags/subdag.py took 0.077 seconds
[2024-02-14T11:56:10.399+0500] {processor.py:161} INFO - Started process (PID=33995) to work on /Library/Frameworks/Python.framework/Versions/3.11/lib/python3.11/site-packages/airflow/example_dags/subdags/subdag.py
[2024-02-14T11:56:10.400+0500] {processor.py:830} INFO - Processing file /Library/Frameworks/Python.framework/Versions/3.11/lib/python3.11/site-packages/airflow/example_dags/subdags/subdag.py for tasks to queue
[2024-02-14T11:56:10.401+0500] {logging_mixin.py:188} INFO - [2024-02-14T11:56:10.401+0500] {dagbag.py:538} INFO - Filling up the DagBag from /Library/Frameworks/Python.framework/Versions/3.11/lib/python3.11/site-packages/airflow/example_dags/subdags/subdag.py
[2024-02-14T11:56:10.403+0500] {processor.py:842} WARNING - No viable dags retrieved from /Library/Frameworks/Python.framework/Versions/3.11/lib/python3.11/site-packages/airflow/example_dags/subdags/subdag.py
[2024-02-14T11:56:10.483+0500] {processor.py:183} INFO - Processing /Library/Frameworks/Python.framework/Versions/3.11/lib/python3.11/site-packages/airflow/example_dags/subdags/subdag.py took 0.085 seconds
[2024-02-14T11:56:49.344+0500] {processor.py:161} INFO - Started process (PID=34102) to work on /Library/Frameworks/Python.framework/Versions/3.11/lib/python3.11/site-packages/airflow/example_dags/subdags/subdag.py
[2024-02-14T11:56:49.345+0500] {processor.py:830} INFO - Processing file /Library/Frameworks/Python.framework/Versions/3.11/lib/python3.11/site-packages/airflow/example_dags/subdags/subdag.py for tasks to queue
[2024-02-14T11:56:49.346+0500] {logging_mixin.py:188} INFO - [2024-02-14T11:56:49.346+0500] {dagbag.py:538} INFO - Filling up the DagBag from /Library/Frameworks/Python.framework/Versions/3.11/lib/python3.11/site-packages/airflow/example_dags/subdags/subdag.py
[2024-02-14T11:56:49.348+0500] {processor.py:842} WARNING - No viable dags retrieved from /Library/Frameworks/Python.framework/Versions/3.11/lib/python3.11/site-packages/airflow/example_dags/subdags/subdag.py
[2024-02-14T11:56:49.416+0500] {processor.py:183} INFO - Processing /Library/Frameworks/Python.framework/Versions/3.11/lib/python3.11/site-packages/airflow/example_dags/subdags/subdag.py took 0.073 seconds
[2024-02-14T11:57:25.708+0500] {processor.py:161} INFO - Started process (PID=34224) to work on /Library/Frameworks/Python.framework/Versions/3.11/lib/python3.11/site-packages/airflow/example_dags/subdags/subdag.py
[2024-02-14T11:57:25.709+0500] {processor.py:830} INFO - Processing file /Library/Frameworks/Python.framework/Versions/3.11/lib/python3.11/site-packages/airflow/example_dags/subdags/subdag.py for tasks to queue
[2024-02-14T11:57:25.710+0500] {logging_mixin.py:188} INFO - [2024-02-14T11:57:25.710+0500] {dagbag.py:538} INFO - Filling up the DagBag from /Library/Frameworks/Python.framework/Versions/3.11/lib/python3.11/site-packages/airflow/example_dags/subdags/subdag.py
[2024-02-14T11:57:25.712+0500] {processor.py:842} WARNING - No viable dags retrieved from /Library/Frameworks/Python.framework/Versions/3.11/lib/python3.11/site-packages/airflow/example_dags/subdags/subdag.py
[2024-02-14T11:57:25.795+0500] {processor.py:183} INFO - Processing /Library/Frameworks/Python.framework/Versions/3.11/lib/python3.11/site-packages/airflow/example_dags/subdags/subdag.py took 0.088 seconds
[2024-02-14T11:57:59.837+0500] {processor.py:161} INFO - Started process (PID=34326) to work on /Library/Frameworks/Python.framework/Versions/3.11/lib/python3.11/site-packages/airflow/example_dags/subdags/subdag.py
[2024-02-14T11:57:59.837+0500] {processor.py:830} INFO - Processing file /Library/Frameworks/Python.framework/Versions/3.11/lib/python3.11/site-packages/airflow/example_dags/subdags/subdag.py for tasks to queue
[2024-02-14T11:57:59.838+0500] {logging_mixin.py:188} INFO - [2024-02-14T11:57:59.838+0500] {dagbag.py:538} INFO - Filling up the DagBag from /Library/Frameworks/Python.framework/Versions/3.11/lib/python3.11/site-packages/airflow/example_dags/subdags/subdag.py
[2024-02-14T11:57:59.840+0500] {processor.py:842} WARNING - No viable dags retrieved from /Library/Frameworks/Python.framework/Versions/3.11/lib/python3.11/site-packages/airflow/example_dags/subdags/subdag.py
[2024-02-14T11:57:59.909+0500] {processor.py:183} INFO - Processing /Library/Frameworks/Python.framework/Versions/3.11/lib/python3.11/site-packages/airflow/example_dags/subdags/subdag.py took 0.073 seconds
[2024-02-14T11:58:32.713+0500] {processor.py:161} INFO - Started process (PID=34413) to work on /Library/Frameworks/Python.framework/Versions/3.11/lib/python3.11/site-packages/airflow/example_dags/subdags/subdag.py
[2024-02-14T11:58:32.714+0500] {processor.py:830} INFO - Processing file /Library/Frameworks/Python.framework/Versions/3.11/lib/python3.11/site-packages/airflow/example_dags/subdags/subdag.py for tasks to queue
[2024-02-14T11:58:32.715+0500] {logging_mixin.py:188} INFO - [2024-02-14T11:58:32.715+0500] {dagbag.py:538} INFO - Filling up the DagBag from /Library/Frameworks/Python.framework/Versions/3.11/lib/python3.11/site-packages/airflow/example_dags/subdags/subdag.py
[2024-02-14T11:58:32.717+0500] {processor.py:842} WARNING - No viable dags retrieved from /Library/Frameworks/Python.framework/Versions/3.11/lib/python3.11/site-packages/airflow/example_dags/subdags/subdag.py
[2024-02-14T11:58:32.785+0500] {processor.py:183} INFO - Processing /Library/Frameworks/Python.framework/Versions/3.11/lib/python3.11/site-packages/airflow/example_dags/subdags/subdag.py took 0.072 seconds
[2024-02-14T11:59:04.690+0500] {processor.py:161} INFO - Started process (PID=34512) to work on /Library/Frameworks/Python.framework/Versions/3.11/lib/python3.11/site-packages/airflow/example_dags/subdags/subdag.py
[2024-02-14T11:59:04.692+0500] {processor.py:830} INFO - Processing file /Library/Frameworks/Python.framework/Versions/3.11/lib/python3.11/site-packages/airflow/example_dags/subdags/subdag.py for tasks to queue
[2024-02-14T11:59:04.692+0500] {logging_mixin.py:188} INFO - [2024-02-14T11:59:04.692+0500] {dagbag.py:538} INFO - Filling up the DagBag from /Library/Frameworks/Python.framework/Versions/3.11/lib/python3.11/site-packages/airflow/example_dags/subdags/subdag.py
[2024-02-14T11:59:04.694+0500] {processor.py:842} WARNING - No viable dags retrieved from /Library/Frameworks/Python.framework/Versions/3.11/lib/python3.11/site-packages/airflow/example_dags/subdags/subdag.py
[2024-02-14T11:59:04.762+0500] {processor.py:183} INFO - Processing /Library/Frameworks/Python.framework/Versions/3.11/lib/python3.11/site-packages/airflow/example_dags/subdags/subdag.py took 0.072 seconds
[2024-02-14T11:59:36.429+0500] {processor.py:161} INFO - Started process (PID=34599) to work on /Library/Frameworks/Python.framework/Versions/3.11/lib/python3.11/site-packages/airflow/example_dags/subdags/subdag.py
[2024-02-14T11:59:36.430+0500] {processor.py:830} INFO - Processing file /Library/Frameworks/Python.framework/Versions/3.11/lib/python3.11/site-packages/airflow/example_dags/subdags/subdag.py for tasks to queue
[2024-02-14T11:59:36.431+0500] {logging_mixin.py:188} INFO - [2024-02-14T11:59:36.431+0500] {dagbag.py:538} INFO - Filling up the DagBag from /Library/Frameworks/Python.framework/Versions/3.11/lib/python3.11/site-packages/airflow/example_dags/subdags/subdag.py
[2024-02-14T11:59:36.433+0500] {processor.py:842} WARNING - No viable dags retrieved from /Library/Frameworks/Python.framework/Versions/3.11/lib/python3.11/site-packages/airflow/example_dags/subdags/subdag.py
[2024-02-14T11:59:36.501+0500] {processor.py:183} INFO - Processing /Library/Frameworks/Python.framework/Versions/3.11/lib/python3.11/site-packages/airflow/example_dags/subdags/subdag.py took 0.073 seconds
[2024-02-14T12:00:08.243+0500] {processor.py:161} INFO - Started process (PID=34691) to work on /Library/Frameworks/Python.framework/Versions/3.11/lib/python3.11/site-packages/airflow/example_dags/subdags/subdag.py
[2024-02-14T12:00:08.245+0500] {processor.py:830} INFO - Processing file /Library/Frameworks/Python.framework/Versions/3.11/lib/python3.11/site-packages/airflow/example_dags/subdags/subdag.py for tasks to queue
[2024-02-14T12:00:08.245+0500] {logging_mixin.py:188} INFO - [2024-02-14T12:00:08.245+0500] {dagbag.py:538} INFO - Filling up the DagBag from /Library/Frameworks/Python.framework/Versions/3.11/lib/python3.11/site-packages/airflow/example_dags/subdags/subdag.py
[2024-02-14T12:00:08.247+0500] {processor.py:842} WARNING - No viable dags retrieved from /Library/Frameworks/Python.framework/Versions/3.11/lib/python3.11/site-packages/airflow/example_dags/subdags/subdag.py
[2024-02-14T12:00:08.318+0500] {processor.py:183} INFO - Processing /Library/Frameworks/Python.framework/Versions/3.11/lib/python3.11/site-packages/airflow/example_dags/subdags/subdag.py took 0.075 seconds
[2024-02-14T12:00:40.676+0500] {processor.py:161} INFO - Started process (PID=34781) to work on /Library/Frameworks/Python.framework/Versions/3.11/lib/python3.11/site-packages/airflow/example_dags/subdags/subdag.py
[2024-02-14T12:00:40.677+0500] {processor.py:830} INFO - Processing file /Library/Frameworks/Python.framework/Versions/3.11/lib/python3.11/site-packages/airflow/example_dags/subdags/subdag.py for tasks to queue
[2024-02-14T12:00:40.677+0500] {logging_mixin.py:188} INFO - [2024-02-14T12:00:40.677+0500] {dagbag.py:538} INFO - Filling up the DagBag from /Library/Frameworks/Python.framework/Versions/3.11/lib/python3.11/site-packages/airflow/example_dags/subdags/subdag.py
[2024-02-14T12:00:40.679+0500] {processor.py:842} WARNING - No viable dags retrieved from /Library/Frameworks/Python.framework/Versions/3.11/lib/python3.11/site-packages/airflow/example_dags/subdags/subdag.py
[2024-02-14T12:00:40.750+0500] {processor.py:183} INFO - Processing /Library/Frameworks/Python.framework/Versions/3.11/lib/python3.11/site-packages/airflow/example_dags/subdags/subdag.py took 0.075 seconds
[2024-02-14T12:01:13.093+0500] {processor.py:161} INFO - Started process (PID=34871) to work on /Library/Frameworks/Python.framework/Versions/3.11/lib/python3.11/site-packages/airflow/example_dags/subdags/subdag.py
[2024-02-14T12:01:13.094+0500] {processor.py:830} INFO - Processing file /Library/Frameworks/Python.framework/Versions/3.11/lib/python3.11/site-packages/airflow/example_dags/subdags/subdag.py for tasks to queue
[2024-02-14T12:01:13.095+0500] {logging_mixin.py:188} INFO - [2024-02-14T12:01:13.094+0500] {dagbag.py:538} INFO - Filling up the DagBag from /Library/Frameworks/Python.framework/Versions/3.11/lib/python3.11/site-packages/airflow/example_dags/subdags/subdag.py
[2024-02-14T12:01:13.097+0500] {processor.py:842} WARNING - No viable dags retrieved from /Library/Frameworks/Python.framework/Versions/3.11/lib/python3.11/site-packages/airflow/example_dags/subdags/subdag.py
[2024-02-14T12:01:13.166+0500] {processor.py:183} INFO - Processing /Library/Frameworks/Python.framework/Versions/3.11/lib/python3.11/site-packages/airflow/example_dags/subdags/subdag.py took 0.074 seconds
[2024-02-14T12:01:45.591+0500] {processor.py:161} INFO - Started process (PID=34962) to work on /Library/Frameworks/Python.framework/Versions/3.11/lib/python3.11/site-packages/airflow/example_dags/subdags/subdag.py
[2024-02-14T12:01:45.592+0500] {processor.py:830} INFO - Processing file /Library/Frameworks/Python.framework/Versions/3.11/lib/python3.11/site-packages/airflow/example_dags/subdags/subdag.py for tasks to queue
[2024-02-14T12:01:45.593+0500] {logging_mixin.py:188} INFO - [2024-02-14T12:01:45.593+0500] {dagbag.py:538} INFO - Filling up the DagBag from /Library/Frameworks/Python.framework/Versions/3.11/lib/python3.11/site-packages/airflow/example_dags/subdags/subdag.py
[2024-02-14T12:01:45.595+0500] {processor.py:842} WARNING - No viable dags retrieved from /Library/Frameworks/Python.framework/Versions/3.11/lib/python3.11/site-packages/airflow/example_dags/subdags/subdag.py
[2024-02-14T12:01:45.664+0500] {processor.py:183} INFO - Processing /Library/Frameworks/Python.framework/Versions/3.11/lib/python3.11/site-packages/airflow/example_dags/subdags/subdag.py took 0.074 seconds
[2024-02-14T12:02:17.146+0500] {processor.py:161} INFO - Started process (PID=35061) to work on /Library/Frameworks/Python.framework/Versions/3.11/lib/python3.11/site-packages/airflow/example_dags/subdags/subdag.py
[2024-02-14T12:02:17.148+0500] {processor.py:830} INFO - Processing file /Library/Frameworks/Python.framework/Versions/3.11/lib/python3.11/site-packages/airflow/example_dags/subdags/subdag.py for tasks to queue
[2024-02-14T12:02:17.148+0500] {logging_mixin.py:188} INFO - [2024-02-14T12:02:17.148+0500] {dagbag.py:538} INFO - Filling up the DagBag from /Library/Frameworks/Python.framework/Versions/3.11/lib/python3.11/site-packages/airflow/example_dags/subdags/subdag.py
[2024-02-14T12:02:17.150+0500] {processor.py:842} WARNING - No viable dags retrieved from /Library/Frameworks/Python.framework/Versions/3.11/lib/python3.11/site-packages/airflow/example_dags/subdags/subdag.py
[2024-02-14T12:02:17.227+0500] {processor.py:183} INFO - Processing /Library/Frameworks/Python.framework/Versions/3.11/lib/python3.11/site-packages/airflow/example_dags/subdags/subdag.py took 0.082 seconds
[2024-02-14T12:02:49.374+0500] {processor.py:161} INFO - Started process (PID=35151) to work on /Library/Frameworks/Python.framework/Versions/3.11/lib/python3.11/site-packages/airflow/example_dags/subdags/subdag.py
[2024-02-14T12:02:49.375+0500] {processor.py:830} INFO - Processing file /Library/Frameworks/Python.framework/Versions/3.11/lib/python3.11/site-packages/airflow/example_dags/subdags/subdag.py for tasks to queue
[2024-02-14T12:02:49.376+0500] {logging_mixin.py:188} INFO - [2024-02-14T12:02:49.376+0500] {dagbag.py:538} INFO - Filling up the DagBag from /Library/Frameworks/Python.framework/Versions/3.11/lib/python3.11/site-packages/airflow/example_dags/subdags/subdag.py
[2024-02-14T12:02:49.378+0500] {processor.py:842} WARNING - No viable dags retrieved from /Library/Frameworks/Python.framework/Versions/3.11/lib/python3.11/site-packages/airflow/example_dags/subdags/subdag.py
[2024-02-14T12:02:49.455+0500] {processor.py:183} INFO - Processing /Library/Frameworks/Python.framework/Versions/3.11/lib/python3.11/site-packages/airflow/example_dags/subdags/subdag.py took 0.082 seconds
[2024-02-14T12:03:21.537+0500] {processor.py:161} INFO - Started process (PID=35240) to work on /Library/Frameworks/Python.framework/Versions/3.11/lib/python3.11/site-packages/airflow/example_dags/subdags/subdag.py
[2024-02-14T12:03:21.538+0500] {processor.py:830} INFO - Processing file /Library/Frameworks/Python.framework/Versions/3.11/lib/python3.11/site-packages/airflow/example_dags/subdags/subdag.py for tasks to queue
[2024-02-14T12:03:21.539+0500] {logging_mixin.py:188} INFO - [2024-02-14T12:03:21.539+0500] {dagbag.py:538} INFO - Filling up the DagBag from /Library/Frameworks/Python.framework/Versions/3.11/lib/python3.11/site-packages/airflow/example_dags/subdags/subdag.py
[2024-02-14T12:03:21.541+0500] {processor.py:842} WARNING - No viable dags retrieved from /Library/Frameworks/Python.framework/Versions/3.11/lib/python3.11/site-packages/airflow/example_dags/subdags/subdag.py
[2024-02-14T12:03:21.611+0500] {processor.py:183} INFO - Processing /Library/Frameworks/Python.framework/Versions/3.11/lib/python3.11/site-packages/airflow/example_dags/subdags/subdag.py took 0.075 seconds
[2024-02-14T12:03:54.291+0500] {processor.py:161} INFO - Started process (PID=35328) to work on /Library/Frameworks/Python.framework/Versions/3.11/lib/python3.11/site-packages/airflow/example_dags/subdags/subdag.py
[2024-02-14T12:03:54.293+0500] {processor.py:830} INFO - Processing file /Library/Frameworks/Python.framework/Versions/3.11/lib/python3.11/site-packages/airflow/example_dags/subdags/subdag.py for tasks to queue
[2024-02-14T12:03:54.293+0500] {logging_mixin.py:188} INFO - [2024-02-14T12:03:54.293+0500] {dagbag.py:538} INFO - Filling up the DagBag from /Library/Frameworks/Python.framework/Versions/3.11/lib/python3.11/site-packages/airflow/example_dags/subdags/subdag.py
[2024-02-14T12:03:54.295+0500] {processor.py:842} WARNING - No viable dags retrieved from /Library/Frameworks/Python.framework/Versions/3.11/lib/python3.11/site-packages/airflow/example_dags/subdags/subdag.py
[2024-02-14T12:03:54.361+0500] {processor.py:183} INFO - Processing /Library/Frameworks/Python.framework/Versions/3.11/lib/python3.11/site-packages/airflow/example_dags/subdags/subdag.py took 0.071 seconds
[2024-02-14T12:04:26.486+0500] {processor.py:161} INFO - Started process (PID=35416) to work on /Library/Frameworks/Python.framework/Versions/3.11/lib/python3.11/site-packages/airflow/example_dags/subdags/subdag.py
[2024-02-14T12:04:26.487+0500] {processor.py:830} INFO - Processing file /Library/Frameworks/Python.framework/Versions/3.11/lib/python3.11/site-packages/airflow/example_dags/subdags/subdag.py for tasks to queue
[2024-02-14T12:04:26.488+0500] {logging_mixin.py:188} INFO - [2024-02-14T12:04:26.488+0500] {dagbag.py:538} INFO - Filling up the DagBag from /Library/Frameworks/Python.framework/Versions/3.11/lib/python3.11/site-packages/airflow/example_dags/subdags/subdag.py
[2024-02-14T12:04:26.490+0500] {processor.py:842} WARNING - No viable dags retrieved from /Library/Frameworks/Python.framework/Versions/3.11/lib/python3.11/site-packages/airflow/example_dags/subdags/subdag.py
[2024-02-14T12:04:26.567+0500] {processor.py:183} INFO - Processing /Library/Frameworks/Python.framework/Versions/3.11/lib/python3.11/site-packages/airflow/example_dags/subdags/subdag.py took 0.082 seconds
[2024-02-14T12:04:58.043+0500] {processor.py:161} INFO - Started process (PID=35506) to work on /Library/Frameworks/Python.framework/Versions/3.11/lib/python3.11/site-packages/airflow/example_dags/subdags/subdag.py
[2024-02-14T12:04:58.044+0500] {processor.py:830} INFO - Processing file /Library/Frameworks/Python.framework/Versions/3.11/lib/python3.11/site-packages/airflow/example_dags/subdags/subdag.py for tasks to queue
[2024-02-14T12:04:58.045+0500] {logging_mixin.py:188} INFO - [2024-02-14T12:04:58.045+0500] {dagbag.py:538} INFO - Filling up the DagBag from /Library/Frameworks/Python.framework/Versions/3.11/lib/python3.11/site-packages/airflow/example_dags/subdags/subdag.py
[2024-02-14T12:04:58.046+0500] {processor.py:842} WARNING - No viable dags retrieved from /Library/Frameworks/Python.framework/Versions/3.11/lib/python3.11/site-packages/airflow/example_dags/subdags/subdag.py
[2024-02-14T12:04:58.118+0500] {processor.py:183} INFO - Processing /Library/Frameworks/Python.framework/Versions/3.11/lib/python3.11/site-packages/airflow/example_dags/subdags/subdag.py took 0.076 seconds
[2024-02-14T12:05:30.293+0500] {processor.py:161} INFO - Started process (PID=35602) to work on /Library/Frameworks/Python.framework/Versions/3.11/lib/python3.11/site-packages/airflow/example_dags/subdags/subdag.py
[2024-02-14T12:05:30.294+0500] {processor.py:830} INFO - Processing file /Library/Frameworks/Python.framework/Versions/3.11/lib/python3.11/site-packages/airflow/example_dags/subdags/subdag.py for tasks to queue
[2024-02-14T12:05:30.295+0500] {logging_mixin.py:188} INFO - [2024-02-14T12:05:30.295+0500] {dagbag.py:538} INFO - Filling up the DagBag from /Library/Frameworks/Python.framework/Versions/3.11/lib/python3.11/site-packages/airflow/example_dags/subdags/subdag.py
[2024-02-14T12:05:30.297+0500] {processor.py:842} WARNING - No viable dags retrieved from /Library/Frameworks/Python.framework/Versions/3.11/lib/python3.11/site-packages/airflow/example_dags/subdags/subdag.py
[2024-02-14T12:05:30.369+0500] {processor.py:183} INFO - Processing /Library/Frameworks/Python.framework/Versions/3.11/lib/python3.11/site-packages/airflow/example_dags/subdags/subdag.py took 0.077 seconds
[2024-02-14T12:06:02.512+0500] {processor.py:161} INFO - Started process (PID=35690) to work on /Library/Frameworks/Python.framework/Versions/3.11/lib/python3.11/site-packages/airflow/example_dags/subdags/subdag.py
[2024-02-14T12:06:02.513+0500] {processor.py:830} INFO - Processing file /Library/Frameworks/Python.framework/Versions/3.11/lib/python3.11/site-packages/airflow/example_dags/subdags/subdag.py for tasks to queue
[2024-02-14T12:06:02.513+0500] {logging_mixin.py:188} INFO - [2024-02-14T12:06:02.513+0500] {dagbag.py:538} INFO - Filling up the DagBag from /Library/Frameworks/Python.framework/Versions/3.11/lib/python3.11/site-packages/airflow/example_dags/subdags/subdag.py
[2024-02-14T12:06:02.515+0500] {processor.py:842} WARNING - No viable dags retrieved from /Library/Frameworks/Python.framework/Versions/3.11/lib/python3.11/site-packages/airflow/example_dags/subdags/subdag.py
[2024-02-14T12:06:02.581+0500] {processor.py:183} INFO - Processing /Library/Frameworks/Python.framework/Versions/3.11/lib/python3.11/site-packages/airflow/example_dags/subdags/subdag.py took 0.070 seconds
[2024-02-14T12:06:34.914+0500] {processor.py:161} INFO - Started process (PID=35784) to work on /Library/Frameworks/Python.framework/Versions/3.11/lib/python3.11/site-packages/airflow/example_dags/subdags/subdag.py
[2024-02-14T12:06:34.916+0500] {processor.py:830} INFO - Processing file /Library/Frameworks/Python.framework/Versions/3.11/lib/python3.11/site-packages/airflow/example_dags/subdags/subdag.py for tasks to queue
[2024-02-14T12:06:34.916+0500] {logging_mixin.py:188} INFO - [2024-02-14T12:06:34.916+0500] {dagbag.py:538} INFO - Filling up the DagBag from /Library/Frameworks/Python.framework/Versions/3.11/lib/python3.11/site-packages/airflow/example_dags/subdags/subdag.py
[2024-02-14T12:06:34.918+0500] {processor.py:842} WARNING - No viable dags retrieved from /Library/Frameworks/Python.framework/Versions/3.11/lib/python3.11/site-packages/airflow/example_dags/subdags/subdag.py
[2024-02-14T12:06:34.987+0500] {processor.py:183} INFO - Processing /Library/Frameworks/Python.framework/Versions/3.11/lib/python3.11/site-packages/airflow/example_dags/subdags/subdag.py took 0.073 seconds
[2024-02-14T12:07:06.694+0500] {processor.py:161} INFO - Started process (PID=35875) to work on /Library/Frameworks/Python.framework/Versions/3.11/lib/python3.11/site-packages/airflow/example_dags/subdags/subdag.py
[2024-02-14T12:07:06.695+0500] {processor.py:830} INFO - Processing file /Library/Frameworks/Python.framework/Versions/3.11/lib/python3.11/site-packages/airflow/example_dags/subdags/subdag.py for tasks to queue
[2024-02-14T12:07:06.695+0500] {logging_mixin.py:188} INFO - [2024-02-14T12:07:06.695+0500] {dagbag.py:538} INFO - Filling up the DagBag from /Library/Frameworks/Python.framework/Versions/3.11/lib/python3.11/site-packages/airflow/example_dags/subdags/subdag.py
[2024-02-14T12:07:06.697+0500] {processor.py:842} WARNING - No viable dags retrieved from /Library/Frameworks/Python.framework/Versions/3.11/lib/python3.11/site-packages/airflow/example_dags/subdags/subdag.py
[2024-02-14T12:07:06.764+0500] {processor.py:183} INFO - Processing /Library/Frameworks/Python.framework/Versions/3.11/lib/python3.11/site-packages/airflow/example_dags/subdags/subdag.py took 0.071 seconds
[2024-02-14T12:07:42.031+0500] {processor.py:161} INFO - Started process (PID=36001) to work on /Library/Frameworks/Python.framework/Versions/3.11/lib/python3.11/site-packages/airflow/example_dags/subdags/subdag.py
[2024-02-14T12:07:42.032+0500] {processor.py:830} INFO - Processing file /Library/Frameworks/Python.framework/Versions/3.11/lib/python3.11/site-packages/airflow/example_dags/subdags/subdag.py for tasks to queue
[2024-02-14T12:07:42.033+0500] {logging_mixin.py:188} INFO - [2024-02-14T12:07:42.033+0500] {dagbag.py:538} INFO - Filling up the DagBag from /Library/Frameworks/Python.framework/Versions/3.11/lib/python3.11/site-packages/airflow/example_dags/subdags/subdag.py
[2024-02-14T12:07:42.035+0500] {processor.py:842} WARNING - No viable dags retrieved from /Library/Frameworks/Python.framework/Versions/3.11/lib/python3.11/site-packages/airflow/example_dags/subdags/subdag.py
[2024-02-14T12:07:42.108+0500] {processor.py:183} INFO - Processing /Library/Frameworks/Python.framework/Versions/3.11/lib/python3.11/site-packages/airflow/example_dags/subdags/subdag.py took 0.078 seconds
[2024-02-14T12:08:22.023+0500] {processor.py:161} INFO - Started process (PID=36108) to work on /Library/Frameworks/Python.framework/Versions/3.11/lib/python3.11/site-packages/airflow/example_dags/subdags/subdag.py
[2024-02-14T12:08:22.024+0500] {processor.py:830} INFO - Processing file /Library/Frameworks/Python.framework/Versions/3.11/lib/python3.11/site-packages/airflow/example_dags/subdags/subdag.py for tasks to queue
[2024-02-14T12:08:22.025+0500] {logging_mixin.py:188} INFO - [2024-02-14T12:08:22.025+0500] {dagbag.py:538} INFO - Filling up the DagBag from /Library/Frameworks/Python.framework/Versions/3.11/lib/python3.11/site-packages/airflow/example_dags/subdags/subdag.py
[2024-02-14T12:08:22.026+0500] {processor.py:842} WARNING - No viable dags retrieved from /Library/Frameworks/Python.framework/Versions/3.11/lib/python3.11/site-packages/airflow/example_dags/subdags/subdag.py
[2024-02-14T12:08:22.094+0500] {processor.py:183} INFO - Processing /Library/Frameworks/Python.framework/Versions/3.11/lib/python3.11/site-packages/airflow/example_dags/subdags/subdag.py took 0.071 seconds
[2024-02-14T12:08:58.524+0500] {processor.py:161} INFO - Started process (PID=36206) to work on /Library/Frameworks/Python.framework/Versions/3.11/lib/python3.11/site-packages/airflow/example_dags/subdags/subdag.py
[2024-02-14T12:08:58.525+0500] {processor.py:830} INFO - Processing file /Library/Frameworks/Python.framework/Versions/3.11/lib/python3.11/site-packages/airflow/example_dags/subdags/subdag.py for tasks to queue
[2024-02-14T12:08:58.526+0500] {logging_mixin.py:188} INFO - [2024-02-14T12:08:58.526+0500] {dagbag.py:538} INFO - Filling up the DagBag from /Library/Frameworks/Python.framework/Versions/3.11/lib/python3.11/site-packages/airflow/example_dags/subdags/subdag.py
[2024-02-14T12:08:58.528+0500] {processor.py:842} WARNING - No viable dags retrieved from /Library/Frameworks/Python.framework/Versions/3.11/lib/python3.11/site-packages/airflow/example_dags/subdags/subdag.py
[2024-02-14T12:08:58.603+0500] {processor.py:183} INFO - Processing /Library/Frameworks/Python.framework/Versions/3.11/lib/python3.11/site-packages/airflow/example_dags/subdags/subdag.py took 0.080 seconds
[2024-02-14T12:09:34.810+0500] {processor.py:161} INFO - Started process (PID=36301) to work on /Library/Frameworks/Python.framework/Versions/3.11/lib/python3.11/site-packages/airflow/example_dags/subdags/subdag.py
[2024-02-14T12:09:34.812+0500] {processor.py:830} INFO - Processing file /Library/Frameworks/Python.framework/Versions/3.11/lib/python3.11/site-packages/airflow/example_dags/subdags/subdag.py for tasks to queue
[2024-02-14T12:09:34.812+0500] {logging_mixin.py:188} INFO - [2024-02-14T12:09:34.812+0500] {dagbag.py:538} INFO - Filling up the DagBag from /Library/Frameworks/Python.framework/Versions/3.11/lib/python3.11/site-packages/airflow/example_dags/subdags/subdag.py
[2024-02-14T12:09:34.814+0500] {processor.py:842} WARNING - No viable dags retrieved from /Library/Frameworks/Python.framework/Versions/3.11/lib/python3.11/site-packages/airflow/example_dags/subdags/subdag.py
[2024-02-14T12:09:34.884+0500] {processor.py:183} INFO - Processing /Library/Frameworks/Python.framework/Versions/3.11/lib/python3.11/site-packages/airflow/example_dags/subdags/subdag.py took 0.074 seconds
[2024-02-14T12:10:10.997+0500] {processor.py:161} INFO - Started process (PID=36411) to work on /Library/Frameworks/Python.framework/Versions/3.11/lib/python3.11/site-packages/airflow/example_dags/subdags/subdag.py
[2024-02-14T12:10:10.999+0500] {processor.py:830} INFO - Processing file /Library/Frameworks/Python.framework/Versions/3.11/lib/python3.11/site-packages/airflow/example_dags/subdags/subdag.py for tasks to queue
[2024-02-14T12:10:10.999+0500] {logging_mixin.py:188} INFO - [2024-02-14T12:10:10.999+0500] {dagbag.py:538} INFO - Filling up the DagBag from /Library/Frameworks/Python.framework/Versions/3.11/lib/python3.11/site-packages/airflow/example_dags/subdags/subdag.py
[2024-02-14T12:10:11.001+0500] {processor.py:842} WARNING - No viable dags retrieved from /Library/Frameworks/Python.framework/Versions/3.11/lib/python3.11/site-packages/airflow/example_dags/subdags/subdag.py
[2024-02-14T12:10:11.070+0500] {processor.py:183} INFO - Processing /Library/Frameworks/Python.framework/Versions/3.11/lib/python3.11/site-packages/airflow/example_dags/subdags/subdag.py took 0.073 seconds
[2024-02-14T12:10:47.838+0500] {processor.py:161} INFO - Started process (PID=36520) to work on /Library/Frameworks/Python.framework/Versions/3.11/lib/python3.11/site-packages/airflow/example_dags/subdags/subdag.py
[2024-02-14T12:10:47.840+0500] {processor.py:830} INFO - Processing file /Library/Frameworks/Python.framework/Versions/3.11/lib/python3.11/site-packages/airflow/example_dags/subdags/subdag.py for tasks to queue
[2024-02-14T12:10:47.840+0500] {logging_mixin.py:188} INFO - [2024-02-14T12:10:47.840+0500] {dagbag.py:538} INFO - Filling up the DagBag from /Library/Frameworks/Python.framework/Versions/3.11/lib/python3.11/site-packages/airflow/example_dags/subdags/subdag.py
[2024-02-14T12:10:47.842+0500] {processor.py:842} WARNING - No viable dags retrieved from /Library/Frameworks/Python.framework/Versions/3.11/lib/python3.11/site-packages/airflow/example_dags/subdags/subdag.py
[2024-02-14T12:10:47.911+0500] {processor.py:183} INFO - Processing /Library/Frameworks/Python.framework/Versions/3.11/lib/python3.11/site-packages/airflow/example_dags/subdags/subdag.py took 0.073 seconds
[2024-02-14T12:11:22.142+0500] {processor.py:161} INFO - Started process (PID=36612) to work on /Library/Frameworks/Python.framework/Versions/3.11/lib/python3.11/site-packages/airflow/example_dags/subdags/subdag.py
[2024-02-14T12:11:22.143+0500] {processor.py:830} INFO - Processing file /Library/Frameworks/Python.framework/Versions/3.11/lib/python3.11/site-packages/airflow/example_dags/subdags/subdag.py for tasks to queue
[2024-02-14T12:11:22.144+0500] {logging_mixin.py:188} INFO - [2024-02-14T12:11:22.143+0500] {dagbag.py:538} INFO - Filling up the DagBag from /Library/Frameworks/Python.framework/Versions/3.11/lib/python3.11/site-packages/airflow/example_dags/subdags/subdag.py
[2024-02-14T12:11:22.146+0500] {processor.py:842} WARNING - No viable dags retrieved from /Library/Frameworks/Python.framework/Versions/3.11/lib/python3.11/site-packages/airflow/example_dags/subdags/subdag.py
[2024-02-14T12:11:22.224+0500] {processor.py:183} INFO - Processing /Library/Frameworks/Python.framework/Versions/3.11/lib/python3.11/site-packages/airflow/example_dags/subdags/subdag.py took 0.083 seconds
[2024-02-14T12:11:58.158+0500] {processor.py:161} INFO - Started process (PID=36712) to work on /Library/Frameworks/Python.framework/Versions/3.11/lib/python3.11/site-packages/airflow/example_dags/subdags/subdag.py
[2024-02-14T12:11:58.159+0500] {processor.py:830} INFO - Processing file /Library/Frameworks/Python.framework/Versions/3.11/lib/python3.11/site-packages/airflow/example_dags/subdags/subdag.py for tasks to queue
[2024-02-14T12:11:58.160+0500] {logging_mixin.py:188} INFO - [2024-02-14T12:11:58.160+0500] {dagbag.py:538} INFO - Filling up the DagBag from /Library/Frameworks/Python.framework/Versions/3.11/lib/python3.11/site-packages/airflow/example_dags/subdags/subdag.py
[2024-02-14T12:11:58.162+0500] {processor.py:842} WARNING - No viable dags retrieved from /Library/Frameworks/Python.framework/Versions/3.11/lib/python3.11/site-packages/airflow/example_dags/subdags/subdag.py
[2024-02-14T12:11:58.236+0500] {processor.py:183} INFO - Processing /Library/Frameworks/Python.framework/Versions/3.11/lib/python3.11/site-packages/airflow/example_dags/subdags/subdag.py took 0.079 seconds
[2024-02-14T12:12:34.864+0500] {processor.py:161} INFO - Started process (PID=36808) to work on /Library/Frameworks/Python.framework/Versions/3.11/lib/python3.11/site-packages/airflow/example_dags/subdags/subdag.py
[2024-02-14T12:12:34.865+0500] {processor.py:830} INFO - Processing file /Library/Frameworks/Python.framework/Versions/3.11/lib/python3.11/site-packages/airflow/example_dags/subdags/subdag.py for tasks to queue
[2024-02-14T12:12:34.865+0500] {logging_mixin.py:188} INFO - [2024-02-14T12:12:34.865+0500] {dagbag.py:538} INFO - Filling up the DagBag from /Library/Frameworks/Python.framework/Versions/3.11/lib/python3.11/site-packages/airflow/example_dags/subdags/subdag.py
[2024-02-14T12:12:34.867+0500] {processor.py:842} WARNING - No viable dags retrieved from /Library/Frameworks/Python.framework/Versions/3.11/lib/python3.11/site-packages/airflow/example_dags/subdags/subdag.py
[2024-02-14T12:12:34.941+0500] {processor.py:183} INFO - Processing /Library/Frameworks/Python.framework/Versions/3.11/lib/python3.11/site-packages/airflow/example_dags/subdags/subdag.py took 0.078 seconds
[2024-02-14T12:13:12.237+0500] {processor.py:161} INFO - Started process (PID=36910) to work on /Library/Frameworks/Python.framework/Versions/3.11/lib/python3.11/site-packages/airflow/example_dags/subdags/subdag.py
[2024-02-14T12:13:12.238+0500] {processor.py:830} INFO - Processing file /Library/Frameworks/Python.framework/Versions/3.11/lib/python3.11/site-packages/airflow/example_dags/subdags/subdag.py for tasks to queue
[2024-02-14T12:13:12.239+0500] {logging_mixin.py:188} INFO - [2024-02-14T12:13:12.239+0500] {dagbag.py:538} INFO - Filling up the DagBag from /Library/Frameworks/Python.framework/Versions/3.11/lib/python3.11/site-packages/airflow/example_dags/subdags/subdag.py
[2024-02-14T12:13:12.240+0500] {processor.py:842} WARNING - No viable dags retrieved from /Library/Frameworks/Python.framework/Versions/3.11/lib/python3.11/site-packages/airflow/example_dags/subdags/subdag.py
[2024-02-14T12:13:12.307+0500] {processor.py:183} INFO - Processing /Library/Frameworks/Python.framework/Versions/3.11/lib/python3.11/site-packages/airflow/example_dags/subdags/subdag.py took 0.071 seconds
[2024-02-14T12:13:47.074+0500] {processor.py:161} INFO - Started process (PID=37004) to work on /Library/Frameworks/Python.framework/Versions/3.11/lib/python3.11/site-packages/airflow/example_dags/subdags/subdag.py
[2024-02-14T12:13:47.076+0500] {processor.py:830} INFO - Processing file /Library/Frameworks/Python.framework/Versions/3.11/lib/python3.11/site-packages/airflow/example_dags/subdags/subdag.py for tasks to queue
[2024-02-14T12:13:47.076+0500] {logging_mixin.py:188} INFO - [2024-02-14T12:13:47.076+0500] {dagbag.py:538} INFO - Filling up the DagBag from /Library/Frameworks/Python.framework/Versions/3.11/lib/python3.11/site-packages/airflow/example_dags/subdags/subdag.py
[2024-02-14T12:13:47.078+0500] {processor.py:842} WARNING - No viable dags retrieved from /Library/Frameworks/Python.framework/Versions/3.11/lib/python3.11/site-packages/airflow/example_dags/subdags/subdag.py
[2024-02-14T12:13:47.156+0500] {processor.py:183} INFO - Processing /Library/Frameworks/Python.framework/Versions/3.11/lib/python3.11/site-packages/airflow/example_dags/subdags/subdag.py took 0.083 seconds
[2024-02-14T12:14:21.477+0500] {processor.py:161} INFO - Started process (PID=37104) to work on /Library/Frameworks/Python.framework/Versions/3.11/lib/python3.11/site-packages/airflow/example_dags/subdags/subdag.py
[2024-02-14T12:14:21.477+0500] {processor.py:830} INFO - Processing file /Library/Frameworks/Python.framework/Versions/3.11/lib/python3.11/site-packages/airflow/example_dags/subdags/subdag.py for tasks to queue
[2024-02-14T12:14:21.478+0500] {logging_mixin.py:188} INFO - [2024-02-14T12:14:21.478+0500] {dagbag.py:538} INFO - Filling up the DagBag from /Library/Frameworks/Python.framework/Versions/3.11/lib/python3.11/site-packages/airflow/example_dags/subdags/subdag.py
[2024-02-14T12:14:21.480+0500] {processor.py:842} WARNING - No viable dags retrieved from /Library/Frameworks/Python.framework/Versions/3.11/lib/python3.11/site-packages/airflow/example_dags/subdags/subdag.py
[2024-02-14T12:14:21.553+0500] {processor.py:183} INFO - Processing /Library/Frameworks/Python.framework/Versions/3.11/lib/python3.11/site-packages/airflow/example_dags/subdags/subdag.py took 0.077 seconds
[2024-02-14T12:14:55.969+0500] {processor.py:161} INFO - Started process (PID=37196) to work on /Library/Frameworks/Python.framework/Versions/3.11/lib/python3.11/site-packages/airflow/example_dags/subdags/subdag.py
[2024-02-14T12:14:55.970+0500] {processor.py:830} INFO - Processing file /Library/Frameworks/Python.framework/Versions/3.11/lib/python3.11/site-packages/airflow/example_dags/subdags/subdag.py for tasks to queue
[2024-02-14T12:14:55.971+0500] {logging_mixin.py:188} INFO - [2024-02-14T12:14:55.970+0500] {dagbag.py:538} INFO - Filling up the DagBag from /Library/Frameworks/Python.framework/Versions/3.11/lib/python3.11/site-packages/airflow/example_dags/subdags/subdag.py
[2024-02-14T12:14:55.972+0500] {processor.py:842} WARNING - No viable dags retrieved from /Library/Frameworks/Python.framework/Versions/3.11/lib/python3.11/site-packages/airflow/example_dags/subdags/subdag.py
[2024-02-14T12:14:56.039+0500] {processor.py:183} INFO - Processing /Library/Frameworks/Python.framework/Versions/3.11/lib/python3.11/site-packages/airflow/example_dags/subdags/subdag.py took 0.071 seconds
[2024-02-14T12:15:32.798+0500] {processor.py:161} INFO - Started process (PID=37294) to work on /Library/Frameworks/Python.framework/Versions/3.11/lib/python3.11/site-packages/airflow/example_dags/subdags/subdag.py
[2024-02-14T12:15:32.799+0500] {processor.py:830} INFO - Processing file /Library/Frameworks/Python.framework/Versions/3.11/lib/python3.11/site-packages/airflow/example_dags/subdags/subdag.py for tasks to queue
[2024-02-14T12:15:32.799+0500] {logging_mixin.py:188} INFO - [2024-02-14T12:15:32.799+0500] {dagbag.py:538} INFO - Filling up the DagBag from /Library/Frameworks/Python.framework/Versions/3.11/lib/python3.11/site-packages/airflow/example_dags/subdags/subdag.py
[2024-02-14T12:15:32.801+0500] {processor.py:842} WARNING - No viable dags retrieved from /Library/Frameworks/Python.framework/Versions/3.11/lib/python3.11/site-packages/airflow/example_dags/subdags/subdag.py
[2024-02-14T12:15:32.871+0500] {processor.py:183} INFO - Processing /Library/Frameworks/Python.framework/Versions/3.11/lib/python3.11/site-packages/airflow/example_dags/subdags/subdag.py took 0.074 seconds
[2024-02-14T12:16:13.951+0500] {processor.py:161} INFO - Started process (PID=37408) to work on /Library/Frameworks/Python.framework/Versions/3.11/lib/python3.11/site-packages/airflow/example_dags/subdags/subdag.py
[2024-02-14T12:16:13.953+0500] {processor.py:830} INFO - Processing file /Library/Frameworks/Python.framework/Versions/3.11/lib/python3.11/site-packages/airflow/example_dags/subdags/subdag.py for tasks to queue
[2024-02-14T12:16:13.953+0500] {logging_mixin.py:188} INFO - [2024-02-14T12:16:13.953+0500] {dagbag.py:538} INFO - Filling up the DagBag from /Library/Frameworks/Python.framework/Versions/3.11/lib/python3.11/site-packages/airflow/example_dags/subdags/subdag.py
[2024-02-14T12:16:13.955+0500] {processor.py:842} WARNING - No viable dags retrieved from /Library/Frameworks/Python.framework/Versions/3.11/lib/python3.11/site-packages/airflow/example_dags/subdags/subdag.py
[2024-02-14T12:16:14.030+0500] {processor.py:183} INFO - Processing /Library/Frameworks/Python.framework/Versions/3.11/lib/python3.11/site-packages/airflow/example_dags/subdags/subdag.py took 0.079 seconds
[2024-02-14T12:16:46.768+0500] {processor.py:161} INFO - Started process (PID=37495) to work on /Library/Frameworks/Python.framework/Versions/3.11/lib/python3.11/site-packages/airflow/example_dags/subdags/subdag.py
[2024-02-14T12:16:46.770+0500] {processor.py:830} INFO - Processing file /Library/Frameworks/Python.framework/Versions/3.11/lib/python3.11/site-packages/airflow/example_dags/subdags/subdag.py for tasks to queue
[2024-02-14T12:16:46.770+0500] {logging_mixin.py:188} INFO - [2024-02-14T12:16:46.770+0500] {dagbag.py:538} INFO - Filling up the DagBag from /Library/Frameworks/Python.framework/Versions/3.11/lib/python3.11/site-packages/airflow/example_dags/subdags/subdag.py
[2024-02-14T12:16:46.772+0500] {processor.py:842} WARNING - No viable dags retrieved from /Library/Frameworks/Python.framework/Versions/3.11/lib/python3.11/site-packages/airflow/example_dags/subdags/subdag.py
[2024-02-14T12:16:46.841+0500] {processor.py:183} INFO - Processing /Library/Frameworks/Python.framework/Versions/3.11/lib/python3.11/site-packages/airflow/example_dags/subdags/subdag.py took 0.074 seconds
[2024-02-14T12:17:23.220+0500] {processor.py:161} INFO - Started process (PID=37603) to work on /Library/Frameworks/Python.framework/Versions/3.11/lib/python3.11/site-packages/airflow/example_dags/subdags/subdag.py
[2024-02-14T12:17:23.221+0500] {processor.py:830} INFO - Processing file /Library/Frameworks/Python.framework/Versions/3.11/lib/python3.11/site-packages/airflow/example_dags/subdags/subdag.py for tasks to queue
[2024-02-14T12:17:23.222+0500] {logging_mixin.py:188} INFO - [2024-02-14T12:17:23.221+0500] {dagbag.py:538} INFO - Filling up the DagBag from /Library/Frameworks/Python.framework/Versions/3.11/lib/python3.11/site-packages/airflow/example_dags/subdags/subdag.py
[2024-02-14T12:17:23.225+0500] {processor.py:842} WARNING - No viable dags retrieved from /Library/Frameworks/Python.framework/Versions/3.11/lib/python3.11/site-packages/airflow/example_dags/subdags/subdag.py
[2024-02-14T12:17:23.299+0500] {processor.py:183} INFO - Processing /Library/Frameworks/Python.framework/Versions/3.11/lib/python3.11/site-packages/airflow/example_dags/subdags/subdag.py took 0.081 seconds
[2024-02-14T12:17:59.327+0500] {processor.py:161} INFO - Started process (PID=37711) to work on /Library/Frameworks/Python.framework/Versions/3.11/lib/python3.11/site-packages/airflow/example_dags/subdags/subdag.py
[2024-02-14T12:17:59.328+0500] {processor.py:830} INFO - Processing file /Library/Frameworks/Python.framework/Versions/3.11/lib/python3.11/site-packages/airflow/example_dags/subdags/subdag.py for tasks to queue
[2024-02-14T12:17:59.329+0500] {logging_mixin.py:188} INFO - [2024-02-14T12:17:59.329+0500] {dagbag.py:538} INFO - Filling up the DagBag from /Library/Frameworks/Python.framework/Versions/3.11/lib/python3.11/site-packages/airflow/example_dags/subdags/subdag.py
[2024-02-14T12:17:59.331+0500] {processor.py:842} WARNING - No viable dags retrieved from /Library/Frameworks/Python.framework/Versions/3.11/lib/python3.11/site-packages/airflow/example_dags/subdags/subdag.py
[2024-02-14T12:17:59.404+0500] {processor.py:183} INFO - Processing /Library/Frameworks/Python.framework/Versions/3.11/lib/python3.11/site-packages/airflow/example_dags/subdags/subdag.py took 0.078 seconds
[2024-02-14T12:18:36.092+0500] {processor.py:161} INFO - Started process (PID=37810) to work on /Library/Frameworks/Python.framework/Versions/3.11/lib/python3.11/site-packages/airflow/example_dags/subdags/subdag.py
[2024-02-14T12:18:36.093+0500] {processor.py:830} INFO - Processing file /Library/Frameworks/Python.framework/Versions/3.11/lib/python3.11/site-packages/airflow/example_dags/subdags/subdag.py for tasks to queue
[2024-02-14T12:18:36.093+0500] {logging_mixin.py:188} INFO - [2024-02-14T12:18:36.093+0500] {dagbag.py:538} INFO - Filling up the DagBag from /Library/Frameworks/Python.framework/Versions/3.11/lib/python3.11/site-packages/airflow/example_dags/subdags/subdag.py
[2024-02-14T12:18:36.095+0500] {processor.py:842} WARNING - No viable dags retrieved from /Library/Frameworks/Python.framework/Versions/3.11/lib/python3.11/site-packages/airflow/example_dags/subdags/subdag.py
[2024-02-14T12:18:36.168+0500] {processor.py:183} INFO - Processing /Library/Frameworks/Python.framework/Versions/3.11/lib/python3.11/site-packages/airflow/example_dags/subdags/subdag.py took 0.077 seconds
[2024-02-14T12:19:14.227+0500] {processor.py:161} INFO - Started process (PID=37934) to work on /Library/Frameworks/Python.framework/Versions/3.11/lib/python3.11/site-packages/airflow/example_dags/subdags/subdag.py
[2024-02-14T12:19:14.228+0500] {processor.py:830} INFO - Processing file /Library/Frameworks/Python.framework/Versions/3.11/lib/python3.11/site-packages/airflow/example_dags/subdags/subdag.py for tasks to queue
[2024-02-14T12:19:14.228+0500] {logging_mixin.py:188} INFO - [2024-02-14T12:19:14.228+0500] {dagbag.py:538} INFO - Filling up the DagBag from /Library/Frameworks/Python.framework/Versions/3.11/lib/python3.11/site-packages/airflow/example_dags/subdags/subdag.py
[2024-02-14T12:19:14.230+0500] {processor.py:842} WARNING - No viable dags retrieved from /Library/Frameworks/Python.framework/Versions/3.11/lib/python3.11/site-packages/airflow/example_dags/subdags/subdag.py
[2024-02-14T12:19:14.309+0500] {processor.py:183} INFO - Processing /Library/Frameworks/Python.framework/Versions/3.11/lib/python3.11/site-packages/airflow/example_dags/subdags/subdag.py took 0.083 seconds
