[2024-02-14T11:25:38.739+0500] {processor.py:161} INFO - Started process (PID=29005) to work on /Library/Frameworks/Python.framework/Versions/3.11/lib/python3.11/site-packages/airflow/example_dags/example_complex.py
[2024-02-14T11:25:38.739+0500] {processor.py:830} INFO - Processing file /Library/Frameworks/Python.framework/Versions/3.11/lib/python3.11/site-packages/airflow/example_dags/example_complex.py for tasks to queue
[2024-02-14T11:25:38.740+0500] {logging_mixin.py:188} INFO - [2024-02-14T11:25:38.740+0500] {dagbag.py:538} INFO - Filling up the DagBag from /Library/Frameworks/Python.framework/Versions/3.11/lib/python3.11/site-packages/airflow/example_dags/example_complex.py
[2024-02-14T11:25:38.749+0500] {processor.py:840} INFO - DAG(s) 'example_complex' retrieved from /Library/Frameworks/Python.framework/Versions/3.11/lib/python3.11/site-packages/airflow/example_dags/example_complex.py
[2024-02-14T11:25:38.920+0500] {logging_mixin.py:188} INFO - [2024-02-14T11:25:38.920+0500] {dag.py:3036} INFO - Sync 1 DAGs
[2024-02-14T11:25:38.931+0500] {logging_mixin.py:188} INFO - [2024-02-14T11:25:38.931+0500] {dag.py:3823} INFO - Setting next_dagrun for example_complex to None, run_after=None
[2024-02-14T11:25:38.950+0500] {processor.py:183} INFO - Processing /Library/Frameworks/Python.framework/Versions/3.11/lib/python3.11/site-packages/airflow/example_dags/example_complex.py took 0.212 seconds
[2024-02-14T11:26:22.763+0500] {processor.py:161} INFO - Started process (PID=29122) to work on /Library/Frameworks/Python.framework/Versions/3.11/lib/python3.11/site-packages/airflow/example_dags/example_complex.py
[2024-02-14T11:26:22.765+0500] {processor.py:830} INFO - Processing file /Library/Frameworks/Python.framework/Versions/3.11/lib/python3.11/site-packages/airflow/example_dags/example_complex.py for tasks to queue
[2024-02-14T11:26:22.765+0500] {logging_mixin.py:188} INFO - [2024-02-14T11:26:22.765+0500] {dagbag.py:538} INFO - Filling up the DagBag from /Library/Frameworks/Python.framework/Versions/3.11/lib/python3.11/site-packages/airflow/example_dags/example_complex.py
[2024-02-14T11:26:22.774+0500] {processor.py:840} INFO - DAG(s) 'example_complex' retrieved from /Library/Frameworks/Python.framework/Versions/3.11/lib/python3.11/site-packages/airflow/example_dags/example_complex.py
[2024-02-14T11:26:22.865+0500] {logging_mixin.py:188} INFO - [2024-02-14T11:26:22.865+0500] {dag.py:3036} INFO - Sync 1 DAGs
[2024-02-14T11:26:22.873+0500] {logging_mixin.py:188} INFO - [2024-02-14T11:26:22.873+0500] {dag.py:3823} INFO - Setting next_dagrun for example_complex to None, run_after=None
[2024-02-14T11:26:22.887+0500] {processor.py:183} INFO - Processing /Library/Frameworks/Python.framework/Versions/3.11/lib/python3.11/site-packages/airflow/example_dags/example_complex.py took 0.124 seconds
[2024-02-14T11:30:44.346+0500] {processor.py:161} INFO - Started process (PID=29486) to work on /Library/Frameworks/Python.framework/Versions/3.11/lib/python3.11/site-packages/airflow/example_dags/example_complex.py
[2024-02-14T11:30:44.347+0500] {processor.py:830} INFO - Processing file /Library/Frameworks/Python.framework/Versions/3.11/lib/python3.11/site-packages/airflow/example_dags/example_complex.py for tasks to queue
[2024-02-14T11:30:44.348+0500] {logging_mixin.py:188} INFO - [2024-02-14T11:30:44.347+0500] {dagbag.py:538} INFO - Filling up the DagBag from /Library/Frameworks/Python.framework/Versions/3.11/lib/python3.11/site-packages/airflow/example_dags/example_complex.py
[2024-02-14T11:30:44.358+0500] {processor.py:840} INFO - DAG(s) 'example_complex' retrieved from /Library/Frameworks/Python.framework/Versions/3.11/lib/python3.11/site-packages/airflow/example_dags/example_complex.py
[2024-02-14T11:30:44.547+0500] {logging_mixin.py:188} INFO - [2024-02-14T11:30:44.547+0500] {dag.py:3036} INFO - Sync 1 DAGs
[2024-02-14T11:30:44.557+0500] {logging_mixin.py:188} INFO - [2024-02-14T11:30:44.556+0500] {dag.py:3823} INFO - Setting next_dagrun for example_complex to None, run_after=None
[2024-02-14T11:30:44.572+0500] {processor.py:183} INFO - Processing /Library/Frameworks/Python.framework/Versions/3.11/lib/python3.11/site-packages/airflow/example_dags/example_complex.py took 0.226 seconds
[2024-02-14T11:31:25.753+0500] {processor.py:161} INFO - Started process (PID=29602) to work on /Library/Frameworks/Python.framework/Versions/3.11/lib/python3.11/site-packages/airflow/example_dags/example_complex.py
[2024-02-14T11:31:25.755+0500] {processor.py:830} INFO - Processing file /Library/Frameworks/Python.framework/Versions/3.11/lib/python3.11/site-packages/airflow/example_dags/example_complex.py for tasks to queue
[2024-02-14T11:31:25.755+0500] {logging_mixin.py:188} INFO - [2024-02-14T11:31:25.755+0500] {dagbag.py:538} INFO - Filling up the DagBag from /Library/Frameworks/Python.framework/Versions/3.11/lib/python3.11/site-packages/airflow/example_dags/example_complex.py
[2024-02-14T11:31:25.764+0500] {processor.py:840} INFO - DAG(s) 'example_complex' retrieved from /Library/Frameworks/Python.framework/Versions/3.11/lib/python3.11/site-packages/airflow/example_dags/example_complex.py
[2024-02-14T11:31:25.858+0500] {logging_mixin.py:188} INFO - [2024-02-14T11:31:25.858+0500] {dag.py:3036} INFO - Sync 1 DAGs
[2024-02-14T11:31:25.869+0500] {logging_mixin.py:188} INFO - [2024-02-14T11:31:25.869+0500] {dag.py:3823} INFO - Setting next_dagrun for example_complex to None, run_after=None
[2024-02-14T11:31:25.896+0500] {processor.py:183} INFO - Processing /Library/Frameworks/Python.framework/Versions/3.11/lib/python3.11/site-packages/airflow/example_dags/example_complex.py took 0.144 seconds
[2024-02-14T11:32:07.249+0500] {processor.py:161} INFO - Started process (PID=29729) to work on /Library/Frameworks/Python.framework/Versions/3.11/lib/python3.11/site-packages/airflow/example_dags/example_complex.py
[2024-02-14T11:32:07.250+0500] {processor.py:830} INFO - Processing file /Library/Frameworks/Python.framework/Versions/3.11/lib/python3.11/site-packages/airflow/example_dags/example_complex.py for tasks to queue
[2024-02-14T11:32:07.251+0500] {logging_mixin.py:188} INFO - [2024-02-14T11:32:07.251+0500] {dagbag.py:538} INFO - Filling up the DagBag from /Library/Frameworks/Python.framework/Versions/3.11/lib/python3.11/site-packages/airflow/example_dags/example_complex.py
[2024-02-14T11:32:07.259+0500] {processor.py:840} INFO - DAG(s) 'example_complex' retrieved from /Library/Frameworks/Python.framework/Versions/3.11/lib/python3.11/site-packages/airflow/example_dags/example_complex.py
[2024-02-14T11:32:07.351+0500] {logging_mixin.py:188} INFO - [2024-02-14T11:32:07.351+0500] {dag.py:3036} INFO - Sync 1 DAGs
[2024-02-14T11:32:07.362+0500] {logging_mixin.py:188} INFO - [2024-02-14T11:32:07.361+0500] {dag.py:3823} INFO - Setting next_dagrun for example_complex to None, run_after=None
[2024-02-14T11:32:07.377+0500] {processor.py:183} INFO - Processing /Library/Frameworks/Python.framework/Versions/3.11/lib/python3.11/site-packages/airflow/example_dags/example_complex.py took 0.129 seconds
[2024-02-14T11:32:47.535+0500] {processor.py:161} INFO - Started process (PID=29849) to work on /Library/Frameworks/Python.framework/Versions/3.11/lib/python3.11/site-packages/airflow/example_dags/example_complex.py
[2024-02-14T11:32:47.536+0500] {processor.py:830} INFO - Processing file /Library/Frameworks/Python.framework/Versions/3.11/lib/python3.11/site-packages/airflow/example_dags/example_complex.py for tasks to queue
[2024-02-14T11:32:47.537+0500] {logging_mixin.py:188} INFO - [2024-02-14T11:32:47.537+0500] {dagbag.py:538} INFO - Filling up the DagBag from /Library/Frameworks/Python.framework/Versions/3.11/lib/python3.11/site-packages/airflow/example_dags/example_complex.py
[2024-02-14T11:32:47.546+0500] {processor.py:840} INFO - DAG(s) 'example_complex' retrieved from /Library/Frameworks/Python.framework/Versions/3.11/lib/python3.11/site-packages/airflow/example_dags/example_complex.py
[2024-02-14T11:32:47.637+0500] {logging_mixin.py:188} INFO - [2024-02-14T11:32:47.637+0500] {dag.py:3036} INFO - Sync 1 DAGs
[2024-02-14T11:32:47.647+0500] {logging_mixin.py:188} INFO - [2024-02-14T11:32:47.647+0500] {dag.py:3823} INFO - Setting next_dagrun for example_complex to None, run_after=None
[2024-02-14T11:32:47.674+0500] {processor.py:183} INFO - Processing /Library/Frameworks/Python.framework/Versions/3.11/lib/python3.11/site-packages/airflow/example_dags/example_complex.py took 0.140 seconds
[2024-02-14T11:33:27.665+0500] {processor.py:161} INFO - Started process (PID=29971) to work on /Library/Frameworks/Python.framework/Versions/3.11/lib/python3.11/site-packages/airflow/example_dags/example_complex.py
[2024-02-14T11:33:27.665+0500] {processor.py:830} INFO - Processing file /Library/Frameworks/Python.framework/Versions/3.11/lib/python3.11/site-packages/airflow/example_dags/example_complex.py for tasks to queue
[2024-02-14T11:33:27.666+0500] {logging_mixin.py:188} INFO - [2024-02-14T11:33:27.666+0500] {dagbag.py:538} INFO - Filling up the DagBag from /Library/Frameworks/Python.framework/Versions/3.11/lib/python3.11/site-packages/airflow/example_dags/example_complex.py
[2024-02-14T11:33:27.674+0500] {processor.py:840} INFO - DAG(s) 'example_complex' retrieved from /Library/Frameworks/Python.framework/Versions/3.11/lib/python3.11/site-packages/airflow/example_dags/example_complex.py
[2024-02-14T11:33:27.767+0500] {logging_mixin.py:188} INFO - [2024-02-14T11:33:27.767+0500] {dag.py:3036} INFO - Sync 1 DAGs
[2024-02-14T11:33:27.776+0500] {logging_mixin.py:188} INFO - [2024-02-14T11:33:27.776+0500] {dag.py:3823} INFO - Setting next_dagrun for example_complex to None, run_after=None
[2024-02-14T11:33:27.789+0500] {processor.py:183} INFO - Processing /Library/Frameworks/Python.framework/Versions/3.11/lib/python3.11/site-packages/airflow/example_dags/example_complex.py took 0.126 seconds
[2024-02-14T11:34:07.845+0500] {processor.py:161} INFO - Started process (PID=30095) to work on /Library/Frameworks/Python.framework/Versions/3.11/lib/python3.11/site-packages/airflow/example_dags/example_complex.py
[2024-02-14T11:34:07.846+0500] {processor.py:830} INFO - Processing file /Library/Frameworks/Python.framework/Versions/3.11/lib/python3.11/site-packages/airflow/example_dags/example_complex.py for tasks to queue
[2024-02-14T11:34:07.846+0500] {logging_mixin.py:188} INFO - [2024-02-14T11:34:07.846+0500] {dagbag.py:538} INFO - Filling up the DagBag from /Library/Frameworks/Python.framework/Versions/3.11/lib/python3.11/site-packages/airflow/example_dags/example_complex.py
[2024-02-14T11:34:07.855+0500] {processor.py:840} INFO - DAG(s) 'example_complex' retrieved from /Library/Frameworks/Python.framework/Versions/3.11/lib/python3.11/site-packages/airflow/example_dags/example_complex.py
[2024-02-14T11:34:07.945+0500] {logging_mixin.py:188} INFO - [2024-02-14T11:34:07.945+0500] {dag.py:3036} INFO - Sync 1 DAGs
[2024-02-14T11:34:07.955+0500] {logging_mixin.py:188} INFO - [2024-02-14T11:34:07.955+0500] {dag.py:3823} INFO - Setting next_dagrun for example_complex to None, run_after=None
[2024-02-14T11:34:07.969+0500] {processor.py:183} INFO - Processing /Library/Frameworks/Python.framework/Versions/3.11/lib/python3.11/site-packages/airflow/example_dags/example_complex.py took 0.125 seconds
[2024-02-14T11:34:51.217+0500] {processor.py:161} INFO - Started process (PID=30251) to work on /Library/Frameworks/Python.framework/Versions/3.11/lib/python3.11/site-packages/airflow/example_dags/example_complex.py
[2024-02-14T11:34:51.219+0500] {processor.py:830} INFO - Processing file /Library/Frameworks/Python.framework/Versions/3.11/lib/python3.11/site-packages/airflow/example_dags/example_complex.py for tasks to queue
[2024-02-14T11:34:51.219+0500] {logging_mixin.py:188} INFO - [2024-02-14T11:34:51.219+0500] {dagbag.py:538} INFO - Filling up the DagBag from /Library/Frameworks/Python.framework/Versions/3.11/lib/python3.11/site-packages/airflow/example_dags/example_complex.py
[2024-02-14T11:34:51.228+0500] {processor.py:840} INFO - DAG(s) 'example_complex' retrieved from /Library/Frameworks/Python.framework/Versions/3.11/lib/python3.11/site-packages/airflow/example_dags/example_complex.py
[2024-02-14T11:34:51.325+0500] {logging_mixin.py:188} INFO - [2024-02-14T11:34:51.325+0500] {dag.py:3036} INFO - Sync 1 DAGs
[2024-02-14T11:34:51.334+0500] {logging_mixin.py:188} INFO - [2024-02-14T11:34:51.334+0500] {dag.py:3823} INFO - Setting next_dagrun for example_complex to None, run_after=None
[2024-02-14T11:34:51.348+0500] {processor.py:183} INFO - Processing /Library/Frameworks/Python.framework/Versions/3.11/lib/python3.11/site-packages/airflow/example_dags/example_complex.py took 0.132 seconds
[2024-02-14T11:35:32.996+0500] {processor.py:161} INFO - Started process (PID=30371) to work on /Library/Frameworks/Python.framework/Versions/3.11/lib/python3.11/site-packages/airflow/example_dags/example_complex.py
[2024-02-14T11:35:32.997+0500] {processor.py:830} INFO - Processing file /Library/Frameworks/Python.framework/Versions/3.11/lib/python3.11/site-packages/airflow/example_dags/example_complex.py for tasks to queue
[2024-02-14T11:35:32.998+0500] {logging_mixin.py:188} INFO - [2024-02-14T11:35:32.998+0500] {dagbag.py:538} INFO - Filling up the DagBag from /Library/Frameworks/Python.framework/Versions/3.11/lib/python3.11/site-packages/airflow/example_dags/example_complex.py
[2024-02-14T11:35:33.007+0500] {processor.py:840} INFO - DAG(s) 'example_complex' retrieved from /Library/Frameworks/Python.framework/Versions/3.11/lib/python3.11/site-packages/airflow/example_dags/example_complex.py
[2024-02-14T11:35:33.101+0500] {logging_mixin.py:188} INFO - [2024-02-14T11:35:33.101+0500] {dag.py:3036} INFO - Sync 1 DAGs
[2024-02-14T11:35:33.111+0500] {logging_mixin.py:188} INFO - [2024-02-14T11:35:33.111+0500] {dag.py:3823} INFO - Setting next_dagrun for example_complex to None, run_after=None
[2024-02-14T11:35:33.125+0500] {processor.py:183} INFO - Processing /Library/Frameworks/Python.framework/Versions/3.11/lib/python3.11/site-packages/airflow/example_dags/example_complex.py took 0.129 seconds
[2024-02-14T11:36:13.198+0500] {processor.py:161} INFO - Started process (PID=30482) to work on /Library/Frameworks/Python.framework/Versions/3.11/lib/python3.11/site-packages/airflow/example_dags/example_complex.py
[2024-02-14T11:36:13.199+0500] {processor.py:830} INFO - Processing file /Library/Frameworks/Python.framework/Versions/3.11/lib/python3.11/site-packages/airflow/example_dags/example_complex.py for tasks to queue
[2024-02-14T11:36:13.200+0500] {logging_mixin.py:188} INFO - [2024-02-14T11:36:13.200+0500] {dagbag.py:538} INFO - Filling up the DagBag from /Library/Frameworks/Python.framework/Versions/3.11/lib/python3.11/site-packages/airflow/example_dags/example_complex.py
[2024-02-14T11:36:13.208+0500] {processor.py:840} INFO - DAG(s) 'example_complex' retrieved from /Library/Frameworks/Python.framework/Versions/3.11/lib/python3.11/site-packages/airflow/example_dags/example_complex.py
[2024-02-14T11:36:13.302+0500] {logging_mixin.py:188} INFO - [2024-02-14T11:36:13.302+0500] {dag.py:3036} INFO - Sync 1 DAGs
[2024-02-14T11:36:13.310+0500] {logging_mixin.py:188} INFO - [2024-02-14T11:36:13.310+0500] {dag.py:3823} INFO - Setting next_dagrun for example_complex to None, run_after=None
[2024-02-14T11:36:13.324+0500] {processor.py:183} INFO - Processing /Library/Frameworks/Python.framework/Versions/3.11/lib/python3.11/site-packages/airflow/example_dags/example_complex.py took 0.126 seconds
[2024-02-14T11:36:53.360+0500] {processor.py:161} INFO - Started process (PID=30594) to work on /Library/Frameworks/Python.framework/Versions/3.11/lib/python3.11/site-packages/airflow/example_dags/example_complex.py
[2024-02-14T11:36:53.362+0500] {processor.py:830} INFO - Processing file /Library/Frameworks/Python.framework/Versions/3.11/lib/python3.11/site-packages/airflow/example_dags/example_complex.py for tasks to queue
[2024-02-14T11:36:53.362+0500] {logging_mixin.py:188} INFO - [2024-02-14T11:36:53.362+0500] {dagbag.py:538} INFO - Filling up the DagBag from /Library/Frameworks/Python.framework/Versions/3.11/lib/python3.11/site-packages/airflow/example_dags/example_complex.py
[2024-02-14T11:36:53.371+0500] {processor.py:840} INFO - DAG(s) 'example_complex' retrieved from /Library/Frameworks/Python.framework/Versions/3.11/lib/python3.11/site-packages/airflow/example_dags/example_complex.py
[2024-02-14T11:36:53.474+0500] {logging_mixin.py:188} INFO - [2024-02-14T11:36:53.474+0500] {dag.py:3036} INFO - Sync 1 DAGs
[2024-02-14T11:36:53.484+0500] {logging_mixin.py:188} INFO - [2024-02-14T11:36:53.484+0500] {dag.py:3823} INFO - Setting next_dagrun for example_complex to None, run_after=None
[2024-02-14T11:36:53.500+0500] {processor.py:183} INFO - Processing /Library/Frameworks/Python.framework/Versions/3.11/lib/python3.11/site-packages/airflow/example_dags/example_complex.py took 0.140 seconds
[2024-02-14T11:37:33.523+0500] {processor.py:161} INFO - Started process (PID=30706) to work on /Library/Frameworks/Python.framework/Versions/3.11/lib/python3.11/site-packages/airflow/example_dags/example_complex.py
[2024-02-14T11:37:33.525+0500] {processor.py:830} INFO - Processing file /Library/Frameworks/Python.framework/Versions/3.11/lib/python3.11/site-packages/airflow/example_dags/example_complex.py for tasks to queue
[2024-02-14T11:37:33.525+0500] {logging_mixin.py:188} INFO - [2024-02-14T11:37:33.525+0500] {dagbag.py:538} INFO - Filling up the DagBag from /Library/Frameworks/Python.framework/Versions/3.11/lib/python3.11/site-packages/airflow/example_dags/example_complex.py
[2024-02-14T11:37:33.534+0500] {processor.py:840} INFO - DAG(s) 'example_complex' retrieved from /Library/Frameworks/Python.framework/Versions/3.11/lib/python3.11/site-packages/airflow/example_dags/example_complex.py
[2024-02-14T11:37:33.630+0500] {logging_mixin.py:188} INFO - [2024-02-14T11:37:33.629+0500] {dag.py:3036} INFO - Sync 1 DAGs
[2024-02-14T11:37:33.639+0500] {logging_mixin.py:188} INFO - [2024-02-14T11:37:33.639+0500] {dag.py:3823} INFO - Setting next_dagrun for example_complex to None, run_after=None
[2024-02-14T11:37:33.659+0500] {processor.py:183} INFO - Processing /Library/Frameworks/Python.framework/Versions/3.11/lib/python3.11/site-packages/airflow/example_dags/example_complex.py took 0.137 seconds
[2024-02-14T11:38:13.654+0500] {processor.py:161} INFO - Started process (PID=30821) to work on /Library/Frameworks/Python.framework/Versions/3.11/lib/python3.11/site-packages/airflow/example_dags/example_complex.py
[2024-02-14T11:38:13.655+0500] {processor.py:830} INFO - Processing file /Library/Frameworks/Python.framework/Versions/3.11/lib/python3.11/site-packages/airflow/example_dags/example_complex.py for tasks to queue
[2024-02-14T11:38:13.656+0500] {logging_mixin.py:188} INFO - [2024-02-14T11:38:13.656+0500] {dagbag.py:538} INFO - Filling up the DagBag from /Library/Frameworks/Python.framework/Versions/3.11/lib/python3.11/site-packages/airflow/example_dags/example_complex.py
[2024-02-14T11:38:13.665+0500] {processor.py:840} INFO - DAG(s) 'example_complex' retrieved from /Library/Frameworks/Python.framework/Versions/3.11/lib/python3.11/site-packages/airflow/example_dags/example_complex.py
[2024-02-14T11:38:13.757+0500] {logging_mixin.py:188} INFO - [2024-02-14T11:38:13.757+0500] {dag.py:3036} INFO - Sync 1 DAGs
[2024-02-14T11:38:13.767+0500] {logging_mixin.py:188} INFO - [2024-02-14T11:38:13.767+0500] {dag.py:3823} INFO - Setting next_dagrun for example_complex to None, run_after=None
[2024-02-14T11:38:13.780+0500] {processor.py:183} INFO - Processing /Library/Frameworks/Python.framework/Versions/3.11/lib/python3.11/site-packages/airflow/example_dags/example_complex.py took 0.126 seconds
[2024-02-14T11:38:53.931+0500] {processor.py:161} INFO - Started process (PID=30931) to work on /Library/Frameworks/Python.framework/Versions/3.11/lib/python3.11/site-packages/airflow/example_dags/example_complex.py
[2024-02-14T11:38:53.932+0500] {processor.py:830} INFO - Processing file /Library/Frameworks/Python.framework/Versions/3.11/lib/python3.11/site-packages/airflow/example_dags/example_complex.py for tasks to queue
[2024-02-14T11:38:53.933+0500] {logging_mixin.py:188} INFO - [2024-02-14T11:38:53.933+0500] {dagbag.py:538} INFO - Filling up the DagBag from /Library/Frameworks/Python.framework/Versions/3.11/lib/python3.11/site-packages/airflow/example_dags/example_complex.py
[2024-02-14T11:38:53.942+0500] {processor.py:840} INFO - DAG(s) 'example_complex' retrieved from /Library/Frameworks/Python.framework/Versions/3.11/lib/python3.11/site-packages/airflow/example_dags/example_complex.py
[2024-02-14T11:38:54.032+0500] {logging_mixin.py:188} INFO - [2024-02-14T11:38:54.032+0500] {dag.py:3036} INFO - Sync 1 DAGs
[2024-02-14T11:38:54.042+0500] {logging_mixin.py:188} INFO - [2024-02-14T11:38:54.042+0500] {dag.py:3823} INFO - Setting next_dagrun for example_complex to None, run_after=None
[2024-02-14T11:38:54.055+0500] {processor.py:183} INFO - Processing /Library/Frameworks/Python.framework/Versions/3.11/lib/python3.11/site-packages/airflow/example_dags/example_complex.py took 0.125 seconds
[2024-02-14T11:39:40.035+0500] {processor.py:161} INFO - Started process (PID=31065) to work on /Library/Frameworks/Python.framework/Versions/3.11/lib/python3.11/site-packages/airflow/example_dags/example_complex.py
[2024-02-14T11:39:40.036+0500] {processor.py:830} INFO - Processing file /Library/Frameworks/Python.framework/Versions/3.11/lib/python3.11/site-packages/airflow/example_dags/example_complex.py for tasks to queue
[2024-02-14T11:39:40.037+0500] {logging_mixin.py:188} INFO - [2024-02-14T11:39:40.037+0500] {dagbag.py:538} INFO - Filling up the DagBag from /Library/Frameworks/Python.framework/Versions/3.11/lib/python3.11/site-packages/airflow/example_dags/example_complex.py
[2024-02-14T11:39:40.045+0500] {processor.py:840} INFO - DAG(s) 'example_complex' retrieved from /Library/Frameworks/Python.framework/Versions/3.11/lib/python3.11/site-packages/airflow/example_dags/example_complex.py
[2024-02-14T11:39:40.141+0500] {logging_mixin.py:188} INFO - [2024-02-14T11:39:40.141+0500] {dag.py:3036} INFO - Sync 1 DAGs
[2024-02-14T11:39:40.153+0500] {logging_mixin.py:188} INFO - [2024-02-14T11:39:40.153+0500] {dag.py:3823} INFO - Setting next_dagrun for example_complex to None, run_after=None
[2024-02-14T11:39:40.185+0500] {processor.py:183} INFO - Processing /Library/Frameworks/Python.framework/Versions/3.11/lib/python3.11/site-packages/airflow/example_dags/example_complex.py took 0.150 seconds
[2024-02-14T11:40:20.262+0500] {processor.py:161} INFO - Started process (PID=31183) to work on /Library/Frameworks/Python.framework/Versions/3.11/lib/python3.11/site-packages/airflow/example_dags/example_complex.py
[2024-02-14T11:40:20.264+0500] {processor.py:830} INFO - Processing file /Library/Frameworks/Python.framework/Versions/3.11/lib/python3.11/site-packages/airflow/example_dags/example_complex.py for tasks to queue
[2024-02-14T11:40:20.264+0500] {logging_mixin.py:188} INFO - [2024-02-14T11:40:20.264+0500] {dagbag.py:538} INFO - Filling up the DagBag from /Library/Frameworks/Python.framework/Versions/3.11/lib/python3.11/site-packages/airflow/example_dags/example_complex.py
[2024-02-14T11:40:20.274+0500] {processor.py:840} INFO - DAG(s) 'example_complex' retrieved from /Library/Frameworks/Python.framework/Versions/3.11/lib/python3.11/site-packages/airflow/example_dags/example_complex.py
[2024-02-14T11:40:20.378+0500] {logging_mixin.py:188} INFO - [2024-02-14T11:40:20.378+0500] {dag.py:3036} INFO - Sync 1 DAGs
[2024-02-14T11:40:20.387+0500] {logging_mixin.py:188} INFO - [2024-02-14T11:40:20.387+0500] {dag.py:3823} INFO - Setting next_dagrun for example_complex to None, run_after=None
[2024-02-14T11:40:20.403+0500] {processor.py:183} INFO - Processing /Library/Frameworks/Python.framework/Versions/3.11/lib/python3.11/site-packages/airflow/example_dags/example_complex.py took 0.142 seconds
[2024-02-14T11:41:00.368+0500] {processor.py:161} INFO - Started process (PID=31293) to work on /Library/Frameworks/Python.framework/Versions/3.11/lib/python3.11/site-packages/airflow/example_dags/example_complex.py
[2024-02-14T11:41:00.369+0500] {processor.py:830} INFO - Processing file /Library/Frameworks/Python.framework/Versions/3.11/lib/python3.11/site-packages/airflow/example_dags/example_complex.py for tasks to queue
[2024-02-14T11:41:00.370+0500] {logging_mixin.py:188} INFO - [2024-02-14T11:41:00.369+0500] {dagbag.py:538} INFO - Filling up the DagBag from /Library/Frameworks/Python.framework/Versions/3.11/lib/python3.11/site-packages/airflow/example_dags/example_complex.py
[2024-02-14T11:41:00.379+0500] {processor.py:840} INFO - DAG(s) 'example_complex' retrieved from /Library/Frameworks/Python.framework/Versions/3.11/lib/python3.11/site-packages/airflow/example_dags/example_complex.py
[2024-02-14T11:41:00.491+0500] {logging_mixin.py:188} INFO - [2024-02-14T11:41:00.491+0500] {dag.py:3036} INFO - Sync 1 DAGs
[2024-02-14T11:41:00.502+0500] {logging_mixin.py:188} INFO - [2024-02-14T11:41:00.502+0500] {dag.py:3823} INFO - Setting next_dagrun for example_complex to None, run_after=None
[2024-02-14T11:41:00.518+0500] {processor.py:183} INFO - Processing /Library/Frameworks/Python.framework/Versions/3.11/lib/python3.11/site-packages/airflow/example_dags/example_complex.py took 0.151 seconds
[2024-02-14T11:41:41.667+0500] {processor.py:161} INFO - Started process (PID=31410) to work on /Library/Frameworks/Python.framework/Versions/3.11/lib/python3.11/site-packages/airflow/example_dags/example_complex.py
[2024-02-14T11:41:41.668+0500] {processor.py:830} INFO - Processing file /Library/Frameworks/Python.framework/Versions/3.11/lib/python3.11/site-packages/airflow/example_dags/example_complex.py for tasks to queue
[2024-02-14T11:41:41.669+0500] {logging_mixin.py:188} INFO - [2024-02-14T11:41:41.669+0500] {dagbag.py:538} INFO - Filling up the DagBag from /Library/Frameworks/Python.framework/Versions/3.11/lib/python3.11/site-packages/airflow/example_dags/example_complex.py
[2024-02-14T11:41:41.677+0500] {processor.py:840} INFO - DAG(s) 'example_complex' retrieved from /Library/Frameworks/Python.framework/Versions/3.11/lib/python3.11/site-packages/airflow/example_dags/example_complex.py
[2024-02-14T11:41:41.779+0500] {logging_mixin.py:188} INFO - [2024-02-14T11:41:41.779+0500] {dag.py:3036} INFO - Sync 1 DAGs
[2024-02-14T11:41:41.790+0500] {logging_mixin.py:188} INFO - [2024-02-14T11:41:41.790+0500] {dag.py:3823} INFO - Setting next_dagrun for example_complex to None, run_after=None
[2024-02-14T11:41:41.807+0500] {processor.py:183} INFO - Processing /Library/Frameworks/Python.framework/Versions/3.11/lib/python3.11/site-packages/airflow/example_dags/example_complex.py took 0.140 seconds
[2024-02-14T11:42:28.357+0500] {processor.py:161} INFO - Started process (PID=31539) to work on /Library/Frameworks/Python.framework/Versions/3.11/lib/python3.11/site-packages/airflow/example_dags/example_complex.py
[2024-02-14T11:42:28.358+0500] {processor.py:830} INFO - Processing file /Library/Frameworks/Python.framework/Versions/3.11/lib/python3.11/site-packages/airflow/example_dags/example_complex.py for tasks to queue
[2024-02-14T11:42:28.359+0500] {logging_mixin.py:188} INFO - [2024-02-14T11:42:28.359+0500] {dagbag.py:538} INFO - Filling up the DagBag from /Library/Frameworks/Python.framework/Versions/3.11/lib/python3.11/site-packages/airflow/example_dags/example_complex.py
[2024-02-14T11:42:28.368+0500] {processor.py:840} INFO - DAG(s) 'example_complex' retrieved from /Library/Frameworks/Python.framework/Versions/3.11/lib/python3.11/site-packages/airflow/example_dags/example_complex.py
[2024-02-14T11:42:28.461+0500] {logging_mixin.py:188} INFO - [2024-02-14T11:42:28.461+0500] {dag.py:3036} INFO - Sync 1 DAGs
[2024-02-14T11:42:28.471+0500] {logging_mixin.py:188} INFO - [2024-02-14T11:42:28.471+0500] {dag.py:3823} INFO - Setting next_dagrun for example_complex to None, run_after=None
[2024-02-14T11:42:28.495+0500] {processor.py:183} INFO - Processing /Library/Frameworks/Python.framework/Versions/3.11/lib/python3.11/site-packages/airflow/example_dags/example_complex.py took 0.138 seconds
[2024-02-14T11:43:14.561+0500] {processor.py:161} INFO - Started process (PID=31661) to work on /Library/Frameworks/Python.framework/Versions/3.11/lib/python3.11/site-packages/airflow/example_dags/example_complex.py
[2024-02-14T11:43:14.561+0500] {processor.py:830} INFO - Processing file /Library/Frameworks/Python.framework/Versions/3.11/lib/python3.11/site-packages/airflow/example_dags/example_complex.py for tasks to queue
[2024-02-14T11:43:14.562+0500] {logging_mixin.py:188} INFO - [2024-02-14T11:43:14.562+0500] {dagbag.py:538} INFO - Filling up the DagBag from /Library/Frameworks/Python.framework/Versions/3.11/lib/python3.11/site-packages/airflow/example_dags/example_complex.py
[2024-02-14T11:43:14.571+0500] {processor.py:840} INFO - DAG(s) 'example_complex' retrieved from /Library/Frameworks/Python.framework/Versions/3.11/lib/python3.11/site-packages/airflow/example_dags/example_complex.py
[2024-02-14T11:43:14.666+0500] {logging_mixin.py:188} INFO - [2024-02-14T11:43:14.666+0500] {dag.py:3036} INFO - Sync 1 DAGs
[2024-02-14T11:43:14.674+0500] {logging_mixin.py:188} INFO - [2024-02-14T11:43:14.674+0500] {dag.py:3823} INFO - Setting next_dagrun for example_complex to None, run_after=None
[2024-02-14T11:43:14.695+0500] {processor.py:183} INFO - Processing /Library/Frameworks/Python.framework/Versions/3.11/lib/python3.11/site-packages/airflow/example_dags/example_complex.py took 0.135 seconds
[2024-02-14T11:43:59.694+0500] {processor.py:161} INFO - Started process (PID=31785) to work on /Library/Frameworks/Python.framework/Versions/3.11/lib/python3.11/site-packages/airflow/example_dags/example_complex.py
[2024-02-14T11:43:59.694+0500] {processor.py:830} INFO - Processing file /Library/Frameworks/Python.framework/Versions/3.11/lib/python3.11/site-packages/airflow/example_dags/example_complex.py for tasks to queue
[2024-02-14T11:43:59.695+0500] {logging_mixin.py:188} INFO - [2024-02-14T11:43:59.694+0500] {dagbag.py:538} INFO - Filling up the DagBag from /Library/Frameworks/Python.framework/Versions/3.11/lib/python3.11/site-packages/airflow/example_dags/example_complex.py
[2024-02-14T11:43:59.703+0500] {processor.py:840} INFO - DAG(s) 'example_complex' retrieved from /Library/Frameworks/Python.framework/Versions/3.11/lib/python3.11/site-packages/airflow/example_dags/example_complex.py
[2024-02-14T11:43:59.801+0500] {logging_mixin.py:188} INFO - [2024-02-14T11:43:59.801+0500] {dag.py:3036} INFO - Sync 1 DAGs
[2024-02-14T11:43:59.812+0500] {logging_mixin.py:188} INFO - [2024-02-14T11:43:59.812+0500] {dag.py:3823} INFO - Setting next_dagrun for example_complex to None, run_after=None
[2024-02-14T11:43:59.851+0500] {processor.py:183} INFO - Processing /Library/Frameworks/Python.framework/Versions/3.11/lib/python3.11/site-packages/airflow/example_dags/example_complex.py took 0.158 seconds
[2024-02-14T11:44:47.933+0500] {processor.py:161} INFO - Started process (PID=31923) to work on /Library/Frameworks/Python.framework/Versions/3.11/lib/python3.11/site-packages/airflow/example_dags/example_complex.py
[2024-02-14T11:44:47.934+0500] {processor.py:830} INFO - Processing file /Library/Frameworks/Python.framework/Versions/3.11/lib/python3.11/site-packages/airflow/example_dags/example_complex.py for tasks to queue
[2024-02-14T11:44:47.934+0500] {logging_mixin.py:188} INFO - [2024-02-14T11:44:47.934+0500] {dagbag.py:538} INFO - Filling up the DagBag from /Library/Frameworks/Python.framework/Versions/3.11/lib/python3.11/site-packages/airflow/example_dags/example_complex.py
[2024-02-14T11:44:47.943+0500] {processor.py:840} INFO - DAG(s) 'example_complex' retrieved from /Library/Frameworks/Python.framework/Versions/3.11/lib/python3.11/site-packages/airflow/example_dags/example_complex.py
[2024-02-14T11:44:48.039+0500] {logging_mixin.py:188} INFO - [2024-02-14T11:44:48.038+0500] {dag.py:3036} INFO - Sync 1 DAGs
[2024-02-14T11:44:48.054+0500] {logging_mixin.py:188} INFO - [2024-02-14T11:44:48.054+0500] {dag.py:3823} INFO - Setting next_dagrun for example_complex to None, run_after=None
[2024-02-14T11:44:48.079+0500] {processor.py:183} INFO - Processing /Library/Frameworks/Python.framework/Versions/3.11/lib/python3.11/site-packages/airflow/example_dags/example_complex.py took 0.146 seconds
[2024-02-14T11:45:34.233+0500] {processor.py:161} INFO - Started process (PID=32043) to work on /Library/Frameworks/Python.framework/Versions/3.11/lib/python3.11/site-packages/airflow/example_dags/example_complex.py
[2024-02-14T11:45:34.235+0500] {processor.py:830} INFO - Processing file /Library/Frameworks/Python.framework/Versions/3.11/lib/python3.11/site-packages/airflow/example_dags/example_complex.py for tasks to queue
[2024-02-14T11:45:34.235+0500] {logging_mixin.py:188} INFO - [2024-02-14T11:45:34.235+0500] {dagbag.py:538} INFO - Filling up the DagBag from /Library/Frameworks/Python.framework/Versions/3.11/lib/python3.11/site-packages/airflow/example_dags/example_complex.py
[2024-02-14T11:45:34.244+0500] {processor.py:840} INFO - DAG(s) 'example_complex' retrieved from /Library/Frameworks/Python.framework/Versions/3.11/lib/python3.11/site-packages/airflow/example_dags/example_complex.py
[2024-02-14T11:45:34.348+0500] {logging_mixin.py:188} INFO - [2024-02-14T11:45:34.348+0500] {dag.py:3036} INFO - Sync 1 DAGs
[2024-02-14T11:45:34.364+0500] {logging_mixin.py:188} INFO - [2024-02-14T11:45:34.364+0500] {dag.py:3823} INFO - Setting next_dagrun for example_complex to None, run_after=None
[2024-02-14T11:45:34.382+0500] {processor.py:183} INFO - Processing /Library/Frameworks/Python.framework/Versions/3.11/lib/python3.11/site-packages/airflow/example_dags/example_complex.py took 0.149 seconds
[2024-02-14T11:46:22.654+0500] {processor.py:161} INFO - Started process (PID=32178) to work on /Library/Frameworks/Python.framework/Versions/3.11/lib/python3.11/site-packages/airflow/example_dags/example_complex.py
[2024-02-14T11:46:22.656+0500] {processor.py:830} INFO - Processing file /Library/Frameworks/Python.framework/Versions/3.11/lib/python3.11/site-packages/airflow/example_dags/example_complex.py for tasks to queue
[2024-02-14T11:46:22.656+0500] {logging_mixin.py:188} INFO - [2024-02-14T11:46:22.656+0500] {dagbag.py:538} INFO - Filling up the DagBag from /Library/Frameworks/Python.framework/Versions/3.11/lib/python3.11/site-packages/airflow/example_dags/example_complex.py
[2024-02-14T11:46:22.665+0500] {processor.py:840} INFO - DAG(s) 'example_complex' retrieved from /Library/Frameworks/Python.framework/Versions/3.11/lib/python3.11/site-packages/airflow/example_dags/example_complex.py
[2024-02-14T11:46:22.760+0500] {logging_mixin.py:188} INFO - [2024-02-14T11:46:22.760+0500] {dag.py:3036} INFO - Sync 1 DAGs
[2024-02-14T11:46:22.768+0500] {logging_mixin.py:188} INFO - [2024-02-14T11:46:22.768+0500] {dag.py:3823} INFO - Setting next_dagrun for example_complex to None, run_after=None
[2024-02-14T11:46:22.792+0500] {processor.py:183} INFO - Processing /Library/Frameworks/Python.framework/Versions/3.11/lib/python3.11/site-packages/airflow/example_dags/example_complex.py took 0.139 seconds
[2024-02-14T11:47:11.118+0500] {processor.py:161} INFO - Started process (PID=32308) to work on /Library/Frameworks/Python.framework/Versions/3.11/lib/python3.11/site-packages/airflow/example_dags/example_complex.py
[2024-02-14T11:47:11.119+0500] {processor.py:830} INFO - Processing file /Library/Frameworks/Python.framework/Versions/3.11/lib/python3.11/site-packages/airflow/example_dags/example_complex.py for tasks to queue
[2024-02-14T11:47:11.119+0500] {logging_mixin.py:188} INFO - [2024-02-14T11:47:11.119+0500] {dagbag.py:538} INFO - Filling up the DagBag from /Library/Frameworks/Python.framework/Versions/3.11/lib/python3.11/site-packages/airflow/example_dags/example_complex.py
[2024-02-14T11:47:11.128+0500] {processor.py:840} INFO - DAG(s) 'example_complex' retrieved from /Library/Frameworks/Python.framework/Versions/3.11/lib/python3.11/site-packages/airflow/example_dags/example_complex.py
[2024-02-14T11:47:11.227+0500] {logging_mixin.py:188} INFO - [2024-02-14T11:47:11.226+0500] {dag.py:3036} INFO - Sync 1 DAGs
[2024-02-14T11:47:11.238+0500] {logging_mixin.py:188} INFO - [2024-02-14T11:47:11.238+0500] {dag.py:3823} INFO - Setting next_dagrun for example_complex to None, run_after=None
[2024-02-14T11:47:11.258+0500] {processor.py:183} INFO - Processing /Library/Frameworks/Python.framework/Versions/3.11/lib/python3.11/site-packages/airflow/example_dags/example_complex.py took 0.141 seconds
[2024-02-14T11:47:56.615+0500] {processor.py:161} INFO - Started process (PID=32447) to work on /Library/Frameworks/Python.framework/Versions/3.11/lib/python3.11/site-packages/airflow/example_dags/example_complex.py
[2024-02-14T11:47:56.616+0500] {processor.py:830} INFO - Processing file /Library/Frameworks/Python.framework/Versions/3.11/lib/python3.11/site-packages/airflow/example_dags/example_complex.py for tasks to queue
[2024-02-14T11:47:56.617+0500] {logging_mixin.py:188} INFO - [2024-02-14T11:47:56.616+0500] {dagbag.py:538} INFO - Filling up the DagBag from /Library/Frameworks/Python.framework/Versions/3.11/lib/python3.11/site-packages/airflow/example_dags/example_complex.py
[2024-02-14T11:47:56.625+0500] {processor.py:840} INFO - DAG(s) 'example_complex' retrieved from /Library/Frameworks/Python.framework/Versions/3.11/lib/python3.11/site-packages/airflow/example_dags/example_complex.py
[2024-02-14T11:47:56.723+0500] {logging_mixin.py:188} INFO - [2024-02-14T11:47:56.723+0500] {dag.py:3036} INFO - Sync 1 DAGs
[2024-02-14T11:47:56.734+0500] {logging_mixin.py:188} INFO - [2024-02-14T11:47:56.734+0500] {dag.py:3823} INFO - Setting next_dagrun for example_complex to None, run_after=None
[2024-02-14T11:47:56.750+0500] {processor.py:183} INFO - Processing /Library/Frameworks/Python.framework/Versions/3.11/lib/python3.11/site-packages/airflow/example_dags/example_complex.py took 0.136 seconds
[2024-02-14T11:48:42.505+0500] {processor.py:161} INFO - Started process (PID=32586) to work on /Library/Frameworks/Python.framework/Versions/3.11/lib/python3.11/site-packages/airflow/example_dags/example_complex.py
[2024-02-14T11:48:42.506+0500] {processor.py:830} INFO - Processing file /Library/Frameworks/Python.framework/Versions/3.11/lib/python3.11/site-packages/airflow/example_dags/example_complex.py for tasks to queue
[2024-02-14T11:48:42.507+0500] {logging_mixin.py:188} INFO - [2024-02-14T11:48:42.507+0500] {dagbag.py:538} INFO - Filling up the DagBag from /Library/Frameworks/Python.framework/Versions/3.11/lib/python3.11/site-packages/airflow/example_dags/example_complex.py
[2024-02-14T11:48:42.516+0500] {processor.py:840} INFO - DAG(s) 'example_complex' retrieved from /Library/Frameworks/Python.framework/Versions/3.11/lib/python3.11/site-packages/airflow/example_dags/example_complex.py
[2024-02-14T11:48:42.610+0500] {logging_mixin.py:188} INFO - [2024-02-14T11:48:42.610+0500] {dag.py:3036} INFO - Sync 1 DAGs
[2024-02-14T11:48:42.620+0500] {logging_mixin.py:188} INFO - [2024-02-14T11:48:42.620+0500] {dag.py:3823} INFO - Setting next_dagrun for example_complex to None, run_after=None
[2024-02-14T11:48:42.635+0500] {processor.py:183} INFO - Processing /Library/Frameworks/Python.framework/Versions/3.11/lib/python3.11/site-packages/airflow/example_dags/example_complex.py took 0.130 seconds
[2024-02-14T11:49:26.014+0500] {processor.py:161} INFO - Started process (PID=32717) to work on /Library/Frameworks/Python.framework/Versions/3.11/lib/python3.11/site-packages/airflow/example_dags/example_complex.py
[2024-02-14T11:49:26.016+0500] {processor.py:830} INFO - Processing file /Library/Frameworks/Python.framework/Versions/3.11/lib/python3.11/site-packages/airflow/example_dags/example_complex.py for tasks to queue
[2024-02-14T11:49:26.017+0500] {logging_mixin.py:188} INFO - [2024-02-14T11:49:26.016+0500] {dagbag.py:538} INFO - Filling up the DagBag from /Library/Frameworks/Python.framework/Versions/3.11/lib/python3.11/site-packages/airflow/example_dags/example_complex.py
[2024-02-14T11:49:26.026+0500] {processor.py:840} INFO - DAG(s) 'example_complex' retrieved from /Library/Frameworks/Python.framework/Versions/3.11/lib/python3.11/site-packages/airflow/example_dags/example_complex.py
[2024-02-14T11:49:26.135+0500] {logging_mixin.py:188} INFO - [2024-02-14T11:49:26.135+0500] {dag.py:3036} INFO - Sync 1 DAGs
[2024-02-14T11:49:26.145+0500] {logging_mixin.py:188} INFO - [2024-02-14T11:49:26.145+0500] {dag.py:3823} INFO - Setting next_dagrun for example_complex to None, run_after=None
[2024-02-14T11:49:26.161+0500] {processor.py:183} INFO - Processing /Library/Frameworks/Python.framework/Versions/3.11/lib/python3.11/site-packages/airflow/example_dags/example_complex.py took 0.148 seconds
[2024-02-14T11:50:11.427+0500] {processor.py:161} INFO - Started process (PID=32866) to work on /Library/Frameworks/Python.framework/Versions/3.11/lib/python3.11/site-packages/airflow/example_dags/example_complex.py
[2024-02-14T11:50:11.428+0500] {processor.py:830} INFO - Processing file /Library/Frameworks/Python.framework/Versions/3.11/lib/python3.11/site-packages/airflow/example_dags/example_complex.py for tasks to queue
[2024-02-14T11:50:11.429+0500] {logging_mixin.py:188} INFO - [2024-02-14T11:50:11.429+0500] {dagbag.py:538} INFO - Filling up the DagBag from /Library/Frameworks/Python.framework/Versions/3.11/lib/python3.11/site-packages/airflow/example_dags/example_complex.py
[2024-02-14T11:50:11.437+0500] {processor.py:840} INFO - DAG(s) 'example_complex' retrieved from /Library/Frameworks/Python.framework/Versions/3.11/lib/python3.11/site-packages/airflow/example_dags/example_complex.py
[2024-02-14T11:50:11.474+0500] {logging_mixin.py:188} INFO - [2024-02-14T11:50:11.474+0500] {dag.py:3036} INFO - Sync 1 DAGs
[2024-02-14T11:50:11.532+0500] {logging_mixin.py:188} INFO - [2024-02-14T11:50:11.532+0500] {dag.py:3823} INFO - Setting next_dagrun for example_complex to None, run_after=None
[2024-02-14T11:50:11.556+0500] {processor.py:183} INFO - Processing /Library/Frameworks/Python.framework/Versions/3.11/lib/python3.11/site-packages/airflow/example_dags/example_complex.py took 0.130 seconds
[2024-02-14T11:51:00.336+0500] {processor.py:161} INFO - Started process (PID=33012) to work on /Library/Frameworks/Python.framework/Versions/3.11/lib/python3.11/site-packages/airflow/example_dags/example_complex.py
[2024-02-14T11:51:00.338+0500] {processor.py:830} INFO - Processing file /Library/Frameworks/Python.framework/Versions/3.11/lib/python3.11/site-packages/airflow/example_dags/example_complex.py for tasks to queue
[2024-02-14T11:51:00.338+0500] {logging_mixin.py:188} INFO - [2024-02-14T11:51:00.338+0500] {dagbag.py:538} INFO - Filling up the DagBag from /Library/Frameworks/Python.framework/Versions/3.11/lib/python3.11/site-packages/airflow/example_dags/example_complex.py
[2024-02-14T11:51:00.347+0500] {processor.py:840} INFO - DAG(s) 'example_complex' retrieved from /Library/Frameworks/Python.framework/Versions/3.11/lib/python3.11/site-packages/airflow/example_dags/example_complex.py
[2024-02-14T11:51:00.508+0500] {logging_mixin.py:188} INFO - [2024-02-14T11:51:00.508+0500] {dag.py:3036} INFO - Sync 1 DAGs
[2024-02-14T11:51:00.517+0500] {logging_mixin.py:188} INFO - [2024-02-14T11:51:00.516+0500] {dag.py:3823} INFO - Setting next_dagrun for example_complex to None, run_after=None
[2024-02-14T11:51:00.530+0500] {processor.py:183} INFO - Processing /Library/Frameworks/Python.framework/Versions/3.11/lib/python3.11/site-packages/airflow/example_dags/example_complex.py took 0.195 seconds
[2024-02-14T11:51:49.150+0500] {processor.py:161} INFO - Started process (PID=33173) to work on /Library/Frameworks/Python.framework/Versions/3.11/lib/python3.11/site-packages/airflow/example_dags/example_complex.py
[2024-02-14T11:51:49.151+0500] {processor.py:830} INFO - Processing file /Library/Frameworks/Python.framework/Versions/3.11/lib/python3.11/site-packages/airflow/example_dags/example_complex.py for tasks to queue
[2024-02-14T11:51:49.152+0500] {logging_mixin.py:188} INFO - [2024-02-14T11:51:49.152+0500] {dagbag.py:538} INFO - Filling up the DagBag from /Library/Frameworks/Python.framework/Versions/3.11/lib/python3.11/site-packages/airflow/example_dags/example_complex.py
[2024-02-14T11:51:49.161+0500] {processor.py:840} INFO - DAG(s) 'example_complex' retrieved from /Library/Frameworks/Python.framework/Versions/3.11/lib/python3.11/site-packages/airflow/example_dags/example_complex.py
[2024-02-14T11:51:49.257+0500] {logging_mixin.py:188} INFO - [2024-02-14T11:51:49.257+0500] {dag.py:3036} INFO - Sync 1 DAGs
[2024-02-14T11:51:49.266+0500] {logging_mixin.py:188} INFO - [2024-02-14T11:51:49.266+0500] {dag.py:3823} INFO - Setting next_dagrun for example_complex to None, run_after=None
[2024-02-14T11:51:49.289+0500] {processor.py:183} INFO - Processing /Library/Frameworks/Python.framework/Versions/3.11/lib/python3.11/site-packages/airflow/example_dags/example_complex.py took 0.140 seconds
[2024-02-14T11:52:31.854+0500] {processor.py:161} INFO - Started process (PID=33302) to work on /Library/Frameworks/Python.framework/Versions/3.11/lib/python3.11/site-packages/airflow/example_dags/example_complex.py
[2024-02-14T11:52:31.856+0500] {processor.py:830} INFO - Processing file /Library/Frameworks/Python.framework/Versions/3.11/lib/python3.11/site-packages/airflow/example_dags/example_complex.py for tasks to queue
[2024-02-14T11:52:31.856+0500] {logging_mixin.py:188} INFO - [2024-02-14T11:52:31.856+0500] {dagbag.py:538} INFO - Filling up the DagBag from /Library/Frameworks/Python.framework/Versions/3.11/lib/python3.11/site-packages/airflow/example_dags/example_complex.py
[2024-02-14T11:52:31.872+0500] {processor.py:840} INFO - DAG(s) 'example_complex' retrieved from /Library/Frameworks/Python.framework/Versions/3.11/lib/python3.11/site-packages/airflow/example_dags/example_complex.py
[2024-02-14T11:52:31.982+0500] {logging_mixin.py:188} INFO - [2024-02-14T11:52:31.982+0500] {dag.py:3036} INFO - Sync 1 DAGs
[2024-02-14T11:52:31.991+0500] {logging_mixin.py:188} INFO - [2024-02-14T11:52:31.991+0500] {dag.py:3823} INFO - Setting next_dagrun for example_complex to None, run_after=None
[2024-02-14T11:52:32.006+0500] {processor.py:183} INFO - Processing /Library/Frameworks/Python.framework/Versions/3.11/lib/python3.11/site-packages/airflow/example_dags/example_complex.py took 0.153 seconds
[2024-02-14T11:53:13.170+0500] {processor.py:161} INFO - Started process (PID=33440) to work on /Library/Frameworks/Python.framework/Versions/3.11/lib/python3.11/site-packages/airflow/example_dags/example_complex.py
[2024-02-14T11:53:13.171+0500] {processor.py:830} INFO - Processing file /Library/Frameworks/Python.framework/Versions/3.11/lib/python3.11/site-packages/airflow/example_dags/example_complex.py for tasks to queue
[2024-02-14T11:53:13.171+0500] {logging_mixin.py:188} INFO - [2024-02-14T11:53:13.171+0500] {dagbag.py:538} INFO - Filling up the DagBag from /Library/Frameworks/Python.framework/Versions/3.11/lib/python3.11/site-packages/airflow/example_dags/example_complex.py
[2024-02-14T11:53:13.181+0500] {processor.py:840} INFO - DAG(s) 'example_complex' retrieved from /Library/Frameworks/Python.framework/Versions/3.11/lib/python3.11/site-packages/airflow/example_dags/example_complex.py
[2024-02-14T11:53:13.284+0500] {logging_mixin.py:188} INFO - [2024-02-14T11:53:13.284+0500] {dag.py:3036} INFO - Sync 1 DAGs
[2024-02-14T11:53:13.294+0500] {logging_mixin.py:188} INFO - [2024-02-14T11:53:13.293+0500] {dag.py:3823} INFO - Setting next_dagrun for example_complex to None, run_after=None
[2024-02-14T11:53:13.310+0500] {processor.py:183} INFO - Processing /Library/Frameworks/Python.framework/Versions/3.11/lib/python3.11/site-packages/airflow/example_dags/example_complex.py took 0.141 seconds
[2024-02-14T11:53:54.556+0500] {processor.py:161} INFO - Started process (PID=33559) to work on /Library/Frameworks/Python.framework/Versions/3.11/lib/python3.11/site-packages/airflow/example_dags/example_complex.py
[2024-02-14T11:53:54.558+0500] {processor.py:830} INFO - Processing file /Library/Frameworks/Python.framework/Versions/3.11/lib/python3.11/site-packages/airflow/example_dags/example_complex.py for tasks to queue
[2024-02-14T11:53:54.559+0500] {logging_mixin.py:188} INFO - [2024-02-14T11:53:54.558+0500] {dagbag.py:538} INFO - Filling up the DagBag from /Library/Frameworks/Python.framework/Versions/3.11/lib/python3.11/site-packages/airflow/example_dags/example_complex.py
[2024-02-14T11:53:54.568+0500] {processor.py:840} INFO - DAG(s) 'example_complex' retrieved from /Library/Frameworks/Python.framework/Versions/3.11/lib/python3.11/site-packages/airflow/example_dags/example_complex.py
[2024-02-14T11:53:54.665+0500] {logging_mixin.py:188} INFO - [2024-02-14T11:53:54.665+0500] {dag.py:3036} INFO - Sync 1 DAGs
[2024-02-14T11:53:54.675+0500] {logging_mixin.py:188} INFO - [2024-02-14T11:53:54.675+0500] {dag.py:3823} INFO - Setting next_dagrun for example_complex to None, run_after=None
[2024-02-14T11:53:54.690+0500] {processor.py:183} INFO - Processing /Library/Frameworks/Python.framework/Versions/3.11/lib/python3.11/site-packages/airflow/example_dags/example_complex.py took 0.134 seconds
[2024-02-14T11:54:38.827+0500] {processor.py:161} INFO - Started process (PID=33733) to work on /Library/Frameworks/Python.framework/Versions/3.11/lib/python3.11/site-packages/airflow/example_dags/example_complex.py
[2024-02-14T11:54:38.829+0500] {processor.py:830} INFO - Processing file /Library/Frameworks/Python.framework/Versions/3.11/lib/python3.11/site-packages/airflow/example_dags/example_complex.py for tasks to queue
[2024-02-14T11:54:38.829+0500] {logging_mixin.py:188} INFO - [2024-02-14T11:54:38.829+0500] {dagbag.py:538} INFO - Filling up the DagBag from /Library/Frameworks/Python.framework/Versions/3.11/lib/python3.11/site-packages/airflow/example_dags/example_complex.py
[2024-02-14T11:54:38.838+0500] {processor.py:840} INFO - DAG(s) 'example_complex' retrieved from /Library/Frameworks/Python.framework/Versions/3.11/lib/python3.11/site-packages/airflow/example_dags/example_complex.py
[2024-02-14T11:54:38.930+0500] {logging_mixin.py:188} INFO - [2024-02-14T11:54:38.930+0500] {dag.py:3036} INFO - Sync 1 DAGs
[2024-02-14T11:54:38.941+0500] {logging_mixin.py:188} INFO - [2024-02-14T11:54:38.940+0500] {dag.py:3823} INFO - Setting next_dagrun for example_complex to None, run_after=None
[2024-02-14T11:54:38.955+0500] {processor.py:183} INFO - Processing /Library/Frameworks/Python.framework/Versions/3.11/lib/python3.11/site-packages/airflow/example_dags/example_complex.py took 0.128 seconds
[2024-02-14T11:55:25.452+0500] {processor.py:161} INFO - Started process (PID=33869) to work on /Library/Frameworks/Python.framework/Versions/3.11/lib/python3.11/site-packages/airflow/example_dags/example_complex.py
[2024-02-14T11:55:25.453+0500] {processor.py:830} INFO - Processing file /Library/Frameworks/Python.framework/Versions/3.11/lib/python3.11/site-packages/airflow/example_dags/example_complex.py for tasks to queue
[2024-02-14T11:55:25.453+0500] {logging_mixin.py:188} INFO - [2024-02-14T11:55:25.453+0500] {dagbag.py:538} INFO - Filling up the DagBag from /Library/Frameworks/Python.framework/Versions/3.11/lib/python3.11/site-packages/airflow/example_dags/example_complex.py
[2024-02-14T11:55:25.477+0500] {processor.py:840} INFO - DAG(s) 'example_complex' retrieved from /Library/Frameworks/Python.framework/Versions/3.11/lib/python3.11/site-packages/airflow/example_dags/example_complex.py
[2024-02-14T11:55:25.588+0500] {logging_mixin.py:188} INFO - [2024-02-14T11:55:25.588+0500] {dag.py:3036} INFO - Sync 1 DAGs
[2024-02-14T11:55:25.599+0500] {logging_mixin.py:188} INFO - [2024-02-14T11:55:25.599+0500] {dag.py:3823} INFO - Setting next_dagrun for example_complex to None, run_after=None
[2024-02-14T11:55:25.617+0500] {processor.py:183} INFO - Processing /Library/Frameworks/Python.framework/Versions/3.11/lib/python3.11/site-packages/airflow/example_dags/example_complex.py took 0.166 seconds
[2024-02-14T11:56:05.987+0500] {processor.py:161} INFO - Started process (PID=33984) to work on /Library/Frameworks/Python.framework/Versions/3.11/lib/python3.11/site-packages/airflow/example_dags/example_complex.py
[2024-02-14T11:56:05.988+0500] {processor.py:830} INFO - Processing file /Library/Frameworks/Python.framework/Versions/3.11/lib/python3.11/site-packages/airflow/example_dags/example_complex.py for tasks to queue
[2024-02-14T11:56:05.989+0500] {logging_mixin.py:188} INFO - [2024-02-14T11:56:05.989+0500] {dagbag.py:538} INFO - Filling up the DagBag from /Library/Frameworks/Python.framework/Versions/3.11/lib/python3.11/site-packages/airflow/example_dags/example_complex.py
[2024-02-14T11:56:06.008+0500] {processor.py:840} INFO - DAG(s) 'example_complex' retrieved from /Library/Frameworks/Python.framework/Versions/3.11/lib/python3.11/site-packages/airflow/example_dags/example_complex.py
[2024-02-14T11:56:06.121+0500] {logging_mixin.py:188} INFO - [2024-02-14T11:56:06.121+0500] {dag.py:3036} INFO - Sync 1 DAGs
[2024-02-14T11:56:06.168+0500] {logging_mixin.py:188} INFO - [2024-02-14T11:56:06.167+0500] {dag.py:3823} INFO - Setting next_dagrun for example_complex to None, run_after=None
[2024-02-14T11:56:06.209+0500] {processor.py:183} INFO - Processing /Library/Frameworks/Python.framework/Versions/3.11/lib/python3.11/site-packages/airflow/example_dags/example_complex.py took 0.222 seconds
[2024-02-14T11:56:47.716+0500] {processor.py:161} INFO - Started process (PID=34098) to work on /Library/Frameworks/Python.framework/Versions/3.11/lib/python3.11/site-packages/airflow/example_dags/example_complex.py
[2024-02-14T11:56:47.718+0500] {processor.py:830} INFO - Processing file /Library/Frameworks/Python.framework/Versions/3.11/lib/python3.11/site-packages/airflow/example_dags/example_complex.py for tasks to queue
[2024-02-14T11:56:47.718+0500] {logging_mixin.py:188} INFO - [2024-02-14T11:56:47.718+0500] {dagbag.py:538} INFO - Filling up the DagBag from /Library/Frameworks/Python.framework/Versions/3.11/lib/python3.11/site-packages/airflow/example_dags/example_complex.py
[2024-02-14T11:56:47.728+0500] {processor.py:840} INFO - DAG(s) 'example_complex' retrieved from /Library/Frameworks/Python.framework/Versions/3.11/lib/python3.11/site-packages/airflow/example_dags/example_complex.py
[2024-02-14T11:56:47.829+0500] {logging_mixin.py:188} INFO - [2024-02-14T11:56:47.829+0500] {dag.py:3036} INFO - Sync 1 DAGs
[2024-02-14T11:56:47.838+0500] {logging_mixin.py:188} INFO - [2024-02-14T11:56:47.838+0500] {dag.py:3823} INFO - Setting next_dagrun for example_complex to None, run_after=None
[2024-02-14T11:56:47.862+0500] {processor.py:183} INFO - Processing /Library/Frameworks/Python.framework/Versions/3.11/lib/python3.11/site-packages/airflow/example_dags/example_complex.py took 0.147 seconds
[2024-02-14T11:57:33.525+0500] {processor.py:161} INFO - Started process (PID=34253) to work on /Library/Frameworks/Python.framework/Versions/3.11/lib/python3.11/site-packages/airflow/example_dags/example_complex.py
[2024-02-14T11:57:33.526+0500] {processor.py:830} INFO - Processing file /Library/Frameworks/Python.framework/Versions/3.11/lib/python3.11/site-packages/airflow/example_dags/example_complex.py for tasks to queue
[2024-02-14T11:57:33.527+0500] {logging_mixin.py:188} INFO - [2024-02-14T11:57:33.527+0500] {dagbag.py:538} INFO - Filling up the DagBag from /Library/Frameworks/Python.framework/Versions/3.11/lib/python3.11/site-packages/airflow/example_dags/example_complex.py
[2024-02-14T11:57:33.535+0500] {processor.py:840} INFO - DAG(s) 'example_complex' retrieved from /Library/Frameworks/Python.framework/Versions/3.11/lib/python3.11/site-packages/airflow/example_dags/example_complex.py
[2024-02-14T11:57:33.627+0500] {logging_mixin.py:188} INFO - [2024-02-14T11:57:33.627+0500] {dag.py:3036} INFO - Sync 1 DAGs
[2024-02-14T11:57:33.637+0500] {logging_mixin.py:188} INFO - [2024-02-14T11:57:33.637+0500] {dag.py:3823} INFO - Setting next_dagrun for example_complex to None, run_after=None
[2024-02-14T11:57:33.651+0500] {processor.py:183} INFO - Processing /Library/Frameworks/Python.framework/Versions/3.11/lib/python3.11/site-packages/airflow/example_dags/example_complex.py took 0.127 seconds
[2024-02-14T11:58:14.613+0500] {processor.py:161} INFO - Started process (PID=34364) to work on /Library/Frameworks/Python.framework/Versions/3.11/lib/python3.11/site-packages/airflow/example_dags/example_complex.py
[2024-02-14T11:58:14.614+0500] {processor.py:830} INFO - Processing file /Library/Frameworks/Python.framework/Versions/3.11/lib/python3.11/site-packages/airflow/example_dags/example_complex.py for tasks to queue
[2024-02-14T11:58:14.615+0500] {logging_mixin.py:188} INFO - [2024-02-14T11:58:14.615+0500] {dagbag.py:538} INFO - Filling up the DagBag from /Library/Frameworks/Python.framework/Versions/3.11/lib/python3.11/site-packages/airflow/example_dags/example_complex.py
[2024-02-14T11:58:14.623+0500] {processor.py:840} INFO - DAG(s) 'example_complex' retrieved from /Library/Frameworks/Python.framework/Versions/3.11/lib/python3.11/site-packages/airflow/example_dags/example_complex.py
[2024-02-14T11:58:14.721+0500] {logging_mixin.py:188} INFO - [2024-02-14T11:58:14.721+0500] {dag.py:3036} INFO - Sync 1 DAGs
[2024-02-14T11:58:14.733+0500] {logging_mixin.py:188} INFO - [2024-02-14T11:58:14.733+0500] {dag.py:3823} INFO - Setting next_dagrun for example_complex to None, run_after=None
[2024-02-14T11:58:14.749+0500] {processor.py:183} INFO - Processing /Library/Frameworks/Python.framework/Versions/3.11/lib/python3.11/site-packages/airflow/example_dags/example_complex.py took 0.138 seconds
[2024-02-14T11:58:55.012+0500] {processor.py:161} INFO - Started process (PID=34483) to work on /Library/Frameworks/Python.framework/Versions/3.11/lib/python3.11/site-packages/airflow/example_dags/example_complex.py
[2024-02-14T11:58:55.014+0500] {processor.py:830} INFO - Processing file /Library/Frameworks/Python.framework/Versions/3.11/lib/python3.11/site-packages/airflow/example_dags/example_complex.py for tasks to queue
[2024-02-14T11:58:55.014+0500] {logging_mixin.py:188} INFO - [2024-02-14T11:58:55.014+0500] {dagbag.py:538} INFO - Filling up the DagBag from /Library/Frameworks/Python.framework/Versions/3.11/lib/python3.11/site-packages/airflow/example_dags/example_complex.py
[2024-02-14T11:58:55.023+0500] {processor.py:840} INFO - DAG(s) 'example_complex' retrieved from /Library/Frameworks/Python.framework/Versions/3.11/lib/python3.11/site-packages/airflow/example_dags/example_complex.py
[2024-02-14T11:58:55.115+0500] {logging_mixin.py:188} INFO - [2024-02-14T11:58:55.115+0500] {dag.py:3036} INFO - Sync 1 DAGs
[2024-02-14T11:58:55.125+0500] {logging_mixin.py:188} INFO - [2024-02-14T11:58:55.125+0500] {dag.py:3823} INFO - Setting next_dagrun for example_complex to None, run_after=None
[2024-02-14T11:58:55.139+0500] {processor.py:183} INFO - Processing /Library/Frameworks/Python.framework/Versions/3.11/lib/python3.11/site-packages/airflow/example_dags/example_complex.py took 0.128 seconds
[2024-02-14T11:59:34.840+0500] {processor.py:161} INFO - Started process (PID=34595) to work on /Library/Frameworks/Python.framework/Versions/3.11/lib/python3.11/site-packages/airflow/example_dags/example_complex.py
[2024-02-14T11:59:34.843+0500] {processor.py:830} INFO - Processing file /Library/Frameworks/Python.framework/Versions/3.11/lib/python3.11/site-packages/airflow/example_dags/example_complex.py for tasks to queue
[2024-02-14T11:59:34.843+0500] {logging_mixin.py:188} INFO - [2024-02-14T11:59:34.843+0500] {dagbag.py:538} INFO - Filling up the DagBag from /Library/Frameworks/Python.framework/Versions/3.11/lib/python3.11/site-packages/airflow/example_dags/example_complex.py
[2024-02-14T11:59:34.852+0500] {processor.py:840} INFO - DAG(s) 'example_complex' retrieved from /Library/Frameworks/Python.framework/Versions/3.11/lib/python3.11/site-packages/airflow/example_dags/example_complex.py
[2024-02-14T11:59:34.951+0500] {logging_mixin.py:188} INFO - [2024-02-14T11:59:34.951+0500] {dag.py:3036} INFO - Sync 1 DAGs
[2024-02-14T11:59:34.962+0500] {logging_mixin.py:188} INFO - [2024-02-14T11:59:34.962+0500] {dag.py:3823} INFO - Setting next_dagrun for example_complex to None, run_after=None
[2024-02-14T11:59:34.977+0500] {processor.py:183} INFO - Processing /Library/Frameworks/Python.framework/Versions/3.11/lib/python3.11/site-packages/airflow/example_dags/example_complex.py took 0.138 seconds
[2024-02-14T12:00:14.498+0500] {processor.py:161} INFO - Started process (PID=34707) to work on /Library/Frameworks/Python.framework/Versions/3.11/lib/python3.11/site-packages/airflow/example_dags/example_complex.py
[2024-02-14T12:00:14.499+0500] {processor.py:830} INFO - Processing file /Library/Frameworks/Python.framework/Versions/3.11/lib/python3.11/site-packages/airflow/example_dags/example_complex.py for tasks to queue
[2024-02-14T12:00:14.500+0500] {logging_mixin.py:188} INFO - [2024-02-14T12:00:14.500+0500] {dagbag.py:538} INFO - Filling up the DagBag from /Library/Frameworks/Python.framework/Versions/3.11/lib/python3.11/site-packages/airflow/example_dags/example_complex.py
[2024-02-14T12:00:14.508+0500] {processor.py:840} INFO - DAG(s) 'example_complex' retrieved from /Library/Frameworks/Python.framework/Versions/3.11/lib/python3.11/site-packages/airflow/example_dags/example_complex.py
[2024-02-14T12:00:14.610+0500] {logging_mixin.py:188} INFO - [2024-02-14T12:00:14.610+0500] {dag.py:3036} INFO - Sync 1 DAGs
[2024-02-14T12:00:14.620+0500] {logging_mixin.py:188} INFO - [2024-02-14T12:00:14.620+0500] {dag.py:3823} INFO - Setting next_dagrun for example_complex to None, run_after=None
[2024-02-14T12:00:14.652+0500] {processor.py:183} INFO - Processing /Library/Frameworks/Python.framework/Versions/3.11/lib/python3.11/site-packages/airflow/example_dags/example_complex.py took 0.154 seconds
[2024-02-14T12:00:54.871+0500] {processor.py:161} INFO - Started process (PID=34819) to work on /Library/Frameworks/Python.framework/Versions/3.11/lib/python3.11/site-packages/airflow/example_dags/example_complex.py
[2024-02-14T12:00:54.872+0500] {processor.py:830} INFO - Processing file /Library/Frameworks/Python.framework/Versions/3.11/lib/python3.11/site-packages/airflow/example_dags/example_complex.py for tasks to queue
[2024-02-14T12:00:54.872+0500] {logging_mixin.py:188} INFO - [2024-02-14T12:00:54.872+0500] {dagbag.py:538} INFO - Filling up the DagBag from /Library/Frameworks/Python.framework/Versions/3.11/lib/python3.11/site-packages/airflow/example_dags/example_complex.py
[2024-02-14T12:00:54.881+0500] {processor.py:840} INFO - DAG(s) 'example_complex' retrieved from /Library/Frameworks/Python.framework/Versions/3.11/lib/python3.11/site-packages/airflow/example_dags/example_complex.py
[2024-02-14T12:00:54.977+0500] {logging_mixin.py:188} INFO - [2024-02-14T12:00:54.976+0500] {dag.py:3036} INFO - Sync 1 DAGs
[2024-02-14T12:00:54.989+0500] {logging_mixin.py:188} INFO - [2024-02-14T12:00:54.989+0500] {dag.py:3823} INFO - Setting next_dagrun for example_complex to None, run_after=None
[2024-02-14T12:00:55.007+0500] {processor.py:183} INFO - Processing /Library/Frameworks/Python.framework/Versions/3.11/lib/python3.11/site-packages/airflow/example_dags/example_complex.py took 0.136 seconds
[2024-02-14T12:01:35.419+0500] {processor.py:161} INFO - Started process (PID=34935) to work on /Library/Frameworks/Python.framework/Versions/3.11/lib/python3.11/site-packages/airflow/example_dags/example_complex.py
[2024-02-14T12:01:35.420+0500] {processor.py:830} INFO - Processing file /Library/Frameworks/Python.framework/Versions/3.11/lib/python3.11/site-packages/airflow/example_dags/example_complex.py for tasks to queue
[2024-02-14T12:01:35.420+0500] {logging_mixin.py:188} INFO - [2024-02-14T12:01:35.420+0500] {dagbag.py:538} INFO - Filling up the DagBag from /Library/Frameworks/Python.framework/Versions/3.11/lib/python3.11/site-packages/airflow/example_dags/example_complex.py
[2024-02-14T12:01:35.429+0500] {processor.py:840} INFO - DAG(s) 'example_complex' retrieved from /Library/Frameworks/Python.framework/Versions/3.11/lib/python3.11/site-packages/airflow/example_dags/example_complex.py
[2024-02-14T12:01:35.524+0500] {logging_mixin.py:188} INFO - [2024-02-14T12:01:35.523+0500] {dag.py:3036} INFO - Sync 1 DAGs
[2024-02-14T12:01:35.535+0500] {logging_mixin.py:188} INFO - [2024-02-14T12:01:35.535+0500] {dag.py:3823} INFO - Setting next_dagrun for example_complex to None, run_after=None
[2024-02-14T12:01:35.550+0500] {processor.py:183} INFO - Processing /Library/Frameworks/Python.framework/Versions/3.11/lib/python3.11/site-packages/airflow/example_dags/example_complex.py took 0.132 seconds
[2024-02-14T12:02:15.573+0500] {processor.py:161} INFO - Started process (PID=35055) to work on /Library/Frameworks/Python.framework/Versions/3.11/lib/python3.11/site-packages/airflow/example_dags/example_complex.py
[2024-02-14T12:02:15.574+0500] {processor.py:830} INFO - Processing file /Library/Frameworks/Python.framework/Versions/3.11/lib/python3.11/site-packages/airflow/example_dags/example_complex.py for tasks to queue
[2024-02-14T12:02:15.574+0500] {logging_mixin.py:188} INFO - [2024-02-14T12:02:15.574+0500] {dagbag.py:538} INFO - Filling up the DagBag from /Library/Frameworks/Python.framework/Versions/3.11/lib/python3.11/site-packages/airflow/example_dags/example_complex.py
[2024-02-14T12:02:15.582+0500] {processor.py:840} INFO - DAG(s) 'example_complex' retrieved from /Library/Frameworks/Python.framework/Versions/3.11/lib/python3.11/site-packages/airflow/example_dags/example_complex.py
[2024-02-14T12:02:15.674+0500] {logging_mixin.py:188} INFO - [2024-02-14T12:02:15.674+0500] {dag.py:3036} INFO - Sync 1 DAGs
[2024-02-14T12:02:15.682+0500] {logging_mixin.py:188} INFO - [2024-02-14T12:02:15.682+0500] {dag.py:3823} INFO - Setting next_dagrun for example_complex to None, run_after=None
[2024-02-14T12:02:15.698+0500] {processor.py:183} INFO - Processing /Library/Frameworks/Python.framework/Versions/3.11/lib/python3.11/site-packages/airflow/example_dags/example_complex.py took 0.125 seconds
[2024-02-14T12:02:55.689+0500] {processor.py:161} INFO - Started process (PID=35168) to work on /Library/Frameworks/Python.framework/Versions/3.11/lib/python3.11/site-packages/airflow/example_dags/example_complex.py
[2024-02-14T12:02:55.691+0500] {processor.py:830} INFO - Processing file /Library/Frameworks/Python.framework/Versions/3.11/lib/python3.11/site-packages/airflow/example_dags/example_complex.py for tasks to queue
[2024-02-14T12:02:55.691+0500] {logging_mixin.py:188} INFO - [2024-02-14T12:02:55.691+0500] {dagbag.py:538} INFO - Filling up the DagBag from /Library/Frameworks/Python.framework/Versions/3.11/lib/python3.11/site-packages/airflow/example_dags/example_complex.py
[2024-02-14T12:02:55.700+0500] {processor.py:840} INFO - DAG(s) 'example_complex' retrieved from /Library/Frameworks/Python.framework/Versions/3.11/lib/python3.11/site-packages/airflow/example_dags/example_complex.py
[2024-02-14T12:02:55.800+0500] {logging_mixin.py:188} INFO - [2024-02-14T12:02:55.799+0500] {dag.py:3036} INFO - Sync 1 DAGs
[2024-02-14T12:02:55.810+0500] {logging_mixin.py:188} INFO - [2024-02-14T12:02:55.810+0500] {dag.py:3823} INFO - Setting next_dagrun for example_complex to None, run_after=None
[2024-02-14T12:02:55.826+0500] {processor.py:183} INFO - Processing /Library/Frameworks/Python.framework/Versions/3.11/lib/python3.11/site-packages/airflow/example_dags/example_complex.py took 0.138 seconds
[2024-02-14T12:03:36.130+0500] {processor.py:161} INFO - Started process (PID=35278) to work on /Library/Frameworks/Python.framework/Versions/3.11/lib/python3.11/site-packages/airflow/example_dags/example_complex.py
[2024-02-14T12:03:36.131+0500] {processor.py:830} INFO - Processing file /Library/Frameworks/Python.framework/Versions/3.11/lib/python3.11/site-packages/airflow/example_dags/example_complex.py for tasks to queue
[2024-02-14T12:03:36.131+0500] {logging_mixin.py:188} INFO - [2024-02-14T12:03:36.131+0500] {dagbag.py:538} INFO - Filling up the DagBag from /Library/Frameworks/Python.framework/Versions/3.11/lib/python3.11/site-packages/airflow/example_dags/example_complex.py
[2024-02-14T12:03:36.140+0500] {processor.py:840} INFO - DAG(s) 'example_complex' retrieved from /Library/Frameworks/Python.framework/Versions/3.11/lib/python3.11/site-packages/airflow/example_dags/example_complex.py
[2024-02-14T12:03:36.235+0500] {logging_mixin.py:188} INFO - [2024-02-14T12:03:36.235+0500] {dag.py:3036} INFO - Sync 1 DAGs
[2024-02-14T12:03:36.258+0500] {logging_mixin.py:188} INFO - [2024-02-14T12:03:36.258+0500] {dag.py:3823} INFO - Setting next_dagrun for example_complex to None, run_after=None
[2024-02-14T12:03:36.273+0500] {processor.py:183} INFO - Processing /Library/Frameworks/Python.framework/Versions/3.11/lib/python3.11/site-packages/airflow/example_dags/example_complex.py took 0.144 seconds
[2024-02-14T12:04:16.348+0500] {processor.py:161} INFO - Started process (PID=35389) to work on /Library/Frameworks/Python.framework/Versions/3.11/lib/python3.11/site-packages/airflow/example_dags/example_complex.py
[2024-02-14T12:04:16.349+0500] {processor.py:830} INFO - Processing file /Library/Frameworks/Python.framework/Versions/3.11/lib/python3.11/site-packages/airflow/example_dags/example_complex.py for tasks to queue
[2024-02-14T12:04:16.349+0500] {logging_mixin.py:188} INFO - [2024-02-14T12:04:16.349+0500] {dagbag.py:538} INFO - Filling up the DagBag from /Library/Frameworks/Python.framework/Versions/3.11/lib/python3.11/site-packages/airflow/example_dags/example_complex.py
[2024-02-14T12:04:16.358+0500] {processor.py:840} INFO - DAG(s) 'example_complex' retrieved from /Library/Frameworks/Python.framework/Versions/3.11/lib/python3.11/site-packages/airflow/example_dags/example_complex.py
[2024-02-14T12:04:16.456+0500] {logging_mixin.py:188} INFO - [2024-02-14T12:04:16.456+0500] {dag.py:3036} INFO - Sync 1 DAGs
[2024-02-14T12:04:16.466+0500] {logging_mixin.py:188} INFO - [2024-02-14T12:04:16.466+0500] {dag.py:3823} INFO - Setting next_dagrun for example_complex to None, run_after=None
[2024-02-14T12:04:16.484+0500] {processor.py:183} INFO - Processing /Library/Frameworks/Python.framework/Versions/3.11/lib/python3.11/site-packages/airflow/example_dags/example_complex.py took 0.137 seconds
[2024-02-14T12:04:56.458+0500] {processor.py:161} INFO - Started process (PID=35499) to work on /Library/Frameworks/Python.framework/Versions/3.11/lib/python3.11/site-packages/airflow/example_dags/example_complex.py
[2024-02-14T12:04:56.459+0500] {processor.py:830} INFO - Processing file /Library/Frameworks/Python.framework/Versions/3.11/lib/python3.11/site-packages/airflow/example_dags/example_complex.py for tasks to queue
[2024-02-14T12:04:56.459+0500] {logging_mixin.py:188} INFO - [2024-02-14T12:04:56.459+0500] {dagbag.py:538} INFO - Filling up the DagBag from /Library/Frameworks/Python.framework/Versions/3.11/lib/python3.11/site-packages/airflow/example_dags/example_complex.py
[2024-02-14T12:04:56.468+0500] {processor.py:840} INFO - DAG(s) 'example_complex' retrieved from /Library/Frameworks/Python.framework/Versions/3.11/lib/python3.11/site-packages/airflow/example_dags/example_complex.py
[2024-02-14T12:04:56.564+0500] {logging_mixin.py:188} INFO - [2024-02-14T12:04:56.564+0500] {dag.py:3036} INFO - Sync 1 DAGs
[2024-02-14T12:04:56.574+0500] {logging_mixin.py:188} INFO - [2024-02-14T12:04:56.574+0500] {dag.py:3823} INFO - Setting next_dagrun for example_complex to None, run_after=None
[2024-02-14T12:04:56.603+0500] {processor.py:183} INFO - Processing /Library/Frameworks/Python.framework/Versions/3.11/lib/python3.11/site-packages/airflow/example_dags/example_complex.py took 0.145 seconds
[2024-02-14T12:05:36.622+0500] {processor.py:161} INFO - Started process (PID=35618) to work on /Library/Frameworks/Python.framework/Versions/3.11/lib/python3.11/site-packages/airflow/example_dags/example_complex.py
[2024-02-14T12:05:36.623+0500] {processor.py:830} INFO - Processing file /Library/Frameworks/Python.framework/Versions/3.11/lib/python3.11/site-packages/airflow/example_dags/example_complex.py for tasks to queue
[2024-02-14T12:05:36.623+0500] {logging_mixin.py:188} INFO - [2024-02-14T12:05:36.623+0500] {dagbag.py:538} INFO - Filling up the DagBag from /Library/Frameworks/Python.framework/Versions/3.11/lib/python3.11/site-packages/airflow/example_dags/example_complex.py
[2024-02-14T12:05:36.633+0500] {processor.py:840} INFO - DAG(s) 'example_complex' retrieved from /Library/Frameworks/Python.framework/Versions/3.11/lib/python3.11/site-packages/airflow/example_dags/example_complex.py
[2024-02-14T12:05:36.731+0500] {logging_mixin.py:188} INFO - [2024-02-14T12:05:36.731+0500] {dag.py:3036} INFO - Sync 1 DAGs
[2024-02-14T12:05:36.741+0500] {logging_mixin.py:188} INFO - [2024-02-14T12:05:36.740+0500] {dag.py:3823} INFO - Setting next_dagrun for example_complex to None, run_after=None
[2024-02-14T12:05:36.757+0500] {processor.py:183} INFO - Processing /Library/Frameworks/Python.framework/Versions/3.11/lib/python3.11/site-packages/airflow/example_dags/example_complex.py took 0.136 seconds
[2024-02-14T12:06:16.799+0500] {processor.py:161} INFO - Started process (PID=35731) to work on /Library/Frameworks/Python.framework/Versions/3.11/lib/python3.11/site-packages/airflow/example_dags/example_complex.py
[2024-02-14T12:06:16.801+0500] {processor.py:830} INFO - Processing file /Library/Frameworks/Python.framework/Versions/3.11/lib/python3.11/site-packages/airflow/example_dags/example_complex.py for tasks to queue
[2024-02-14T12:06:16.801+0500] {logging_mixin.py:188} INFO - [2024-02-14T12:06:16.801+0500] {dagbag.py:538} INFO - Filling up the DagBag from /Library/Frameworks/Python.framework/Versions/3.11/lib/python3.11/site-packages/airflow/example_dags/example_complex.py
[2024-02-14T12:06:16.810+0500] {processor.py:840} INFO - DAG(s) 'example_complex' retrieved from /Library/Frameworks/Python.framework/Versions/3.11/lib/python3.11/site-packages/airflow/example_dags/example_complex.py
[2024-02-14T12:06:16.907+0500] {logging_mixin.py:188} INFO - [2024-02-14T12:06:16.907+0500] {dag.py:3036} INFO - Sync 1 DAGs
[2024-02-14T12:06:16.916+0500] {logging_mixin.py:188} INFO - [2024-02-14T12:06:16.916+0500] {dag.py:3823} INFO - Setting next_dagrun for example_complex to None, run_after=None
[2024-02-14T12:06:16.932+0500] {processor.py:183} INFO - Processing /Library/Frameworks/Python.framework/Versions/3.11/lib/python3.11/site-packages/airflow/example_dags/example_complex.py took 0.134 seconds
[2024-02-14T12:06:56.959+0500] {processor.py:161} INFO - Started process (PID=35847) to work on /Library/Frameworks/Python.framework/Versions/3.11/lib/python3.11/site-packages/airflow/example_dags/example_complex.py
[2024-02-14T12:06:56.960+0500] {processor.py:830} INFO - Processing file /Library/Frameworks/Python.framework/Versions/3.11/lib/python3.11/site-packages/airflow/example_dags/example_complex.py for tasks to queue
[2024-02-14T12:06:56.961+0500] {logging_mixin.py:188} INFO - [2024-02-14T12:06:56.960+0500] {dagbag.py:538} INFO - Filling up the DagBag from /Library/Frameworks/Python.framework/Versions/3.11/lib/python3.11/site-packages/airflow/example_dags/example_complex.py
[2024-02-14T12:06:56.970+0500] {processor.py:840} INFO - DAG(s) 'example_complex' retrieved from /Library/Frameworks/Python.framework/Versions/3.11/lib/python3.11/site-packages/airflow/example_dags/example_complex.py
[2024-02-14T12:06:57.069+0500] {logging_mixin.py:188} INFO - [2024-02-14T12:06:57.069+0500] {dag.py:3036} INFO - Sync 1 DAGs
[2024-02-14T12:06:57.080+0500] {logging_mixin.py:188} INFO - [2024-02-14T12:06:57.080+0500] {dag.py:3823} INFO - Setting next_dagrun for example_complex to None, run_after=None
[2024-02-14T12:06:57.098+0500] {processor.py:183} INFO - Processing /Library/Frameworks/Python.framework/Versions/3.11/lib/python3.11/site-packages/airflow/example_dags/example_complex.py took 0.139 seconds
[2024-02-14T12:07:40.292+0500] {processor.py:161} INFO - Started process (PID=35997) to work on /Library/Frameworks/Python.framework/Versions/3.11/lib/python3.11/site-packages/airflow/example_dags/example_complex.py
[2024-02-14T12:07:40.293+0500] {processor.py:830} INFO - Processing file /Library/Frameworks/Python.framework/Versions/3.11/lib/python3.11/site-packages/airflow/example_dags/example_complex.py for tasks to queue
[2024-02-14T12:07:40.293+0500] {logging_mixin.py:188} INFO - [2024-02-14T12:07:40.293+0500] {dagbag.py:538} INFO - Filling up the DagBag from /Library/Frameworks/Python.framework/Versions/3.11/lib/python3.11/site-packages/airflow/example_dags/example_complex.py
[2024-02-14T12:07:40.302+0500] {processor.py:840} INFO - DAG(s) 'example_complex' retrieved from /Library/Frameworks/Python.framework/Versions/3.11/lib/python3.11/site-packages/airflow/example_dags/example_complex.py
[2024-02-14T12:07:40.405+0500] {logging_mixin.py:188} INFO - [2024-02-14T12:07:40.405+0500] {dag.py:3036} INFO - Sync 1 DAGs
[2024-02-14T12:07:40.415+0500] {logging_mixin.py:188} INFO - [2024-02-14T12:07:40.415+0500] {dag.py:3823} INFO - Setting next_dagrun for example_complex to None, run_after=None
[2024-02-14T12:07:40.453+0500] {processor.py:183} INFO - Processing /Library/Frameworks/Python.framework/Versions/3.11/lib/python3.11/site-packages/airflow/example_dags/example_complex.py took 0.161 seconds
[2024-02-14T12:08:20.424+0500] {processor.py:161} INFO - Started process (PID=36104) to work on /Library/Frameworks/Python.framework/Versions/3.11/lib/python3.11/site-packages/airflow/example_dags/example_complex.py
[2024-02-14T12:08:20.425+0500] {processor.py:830} INFO - Processing file /Library/Frameworks/Python.framework/Versions/3.11/lib/python3.11/site-packages/airflow/example_dags/example_complex.py for tasks to queue
[2024-02-14T12:08:20.425+0500] {logging_mixin.py:188} INFO - [2024-02-14T12:08:20.425+0500] {dagbag.py:538} INFO - Filling up the DagBag from /Library/Frameworks/Python.framework/Versions/3.11/lib/python3.11/site-packages/airflow/example_dags/example_complex.py
[2024-02-14T12:08:20.434+0500] {processor.py:840} INFO - DAG(s) 'example_complex' retrieved from /Library/Frameworks/Python.framework/Versions/3.11/lib/python3.11/site-packages/airflow/example_dags/example_complex.py
[2024-02-14T12:08:20.532+0500] {logging_mixin.py:188} INFO - [2024-02-14T12:08:20.531+0500] {dag.py:3036} INFO - Sync 1 DAGs
[2024-02-14T12:08:20.541+0500] {logging_mixin.py:188} INFO - [2024-02-14T12:08:20.540+0500] {dag.py:3823} INFO - Setting next_dagrun for example_complex to None, run_after=None
[2024-02-14T12:08:20.564+0500] {processor.py:183} INFO - Processing /Library/Frameworks/Python.framework/Versions/3.11/lib/python3.11/site-packages/airflow/example_dags/example_complex.py took 0.141 seconds
[2024-02-14T12:09:06.376+0500] {processor.py:161} INFO - Started process (PID=36225) to work on /Library/Frameworks/Python.framework/Versions/3.11/lib/python3.11/site-packages/airflow/example_dags/example_complex.py
[2024-02-14T12:09:06.378+0500] {processor.py:830} INFO - Processing file /Library/Frameworks/Python.framework/Versions/3.11/lib/python3.11/site-packages/airflow/example_dags/example_complex.py for tasks to queue
[2024-02-14T12:09:06.379+0500] {logging_mixin.py:188} INFO - [2024-02-14T12:09:06.378+0500] {dagbag.py:538} INFO - Filling up the DagBag from /Library/Frameworks/Python.framework/Versions/3.11/lib/python3.11/site-packages/airflow/example_dags/example_complex.py
[2024-02-14T12:09:06.388+0500] {processor.py:840} INFO - DAG(s) 'example_complex' retrieved from /Library/Frameworks/Python.framework/Versions/3.11/lib/python3.11/site-packages/airflow/example_dags/example_complex.py
[2024-02-14T12:09:06.484+0500] {logging_mixin.py:188} INFO - [2024-02-14T12:09:06.484+0500] {dag.py:3036} INFO - Sync 1 DAGs
[2024-02-14T12:09:06.492+0500] {logging_mixin.py:188} INFO - [2024-02-14T12:09:06.492+0500] {dag.py:3823} INFO - Setting next_dagrun for example_complex to None, run_after=None
[2024-02-14T12:09:06.510+0500] {processor.py:183} INFO - Processing /Library/Frameworks/Python.framework/Versions/3.11/lib/python3.11/site-packages/airflow/example_dags/example_complex.py took 0.134 seconds
[2024-02-14T12:09:51.075+0500] {processor.py:161} INFO - Started process (PID=36347) to work on /Library/Frameworks/Python.framework/Versions/3.11/lib/python3.11/site-packages/airflow/example_dags/example_complex.py
[2024-02-14T12:09:51.076+0500] {processor.py:830} INFO - Processing file /Library/Frameworks/Python.framework/Versions/3.11/lib/python3.11/site-packages/airflow/example_dags/example_complex.py for tasks to queue
[2024-02-14T12:09:51.077+0500] {logging_mixin.py:188} INFO - [2024-02-14T12:09:51.076+0500] {dagbag.py:538} INFO - Filling up the DagBag from /Library/Frameworks/Python.framework/Versions/3.11/lib/python3.11/site-packages/airflow/example_dags/example_complex.py
[2024-02-14T12:09:51.086+0500] {processor.py:840} INFO - DAG(s) 'example_complex' retrieved from /Library/Frameworks/Python.framework/Versions/3.11/lib/python3.11/site-packages/airflow/example_dags/example_complex.py
[2024-02-14T12:09:51.189+0500] {logging_mixin.py:188} INFO - [2024-02-14T12:09:51.188+0500] {dag.py:3036} INFO - Sync 1 DAGs
[2024-02-14T12:09:51.197+0500] {logging_mixin.py:188} INFO - [2024-02-14T12:09:51.197+0500] {dag.py:3823} INFO - Setting next_dagrun for example_complex to None, run_after=None
[2024-02-14T12:09:51.213+0500] {processor.py:183} INFO - Processing /Library/Frameworks/Python.framework/Versions/3.11/lib/python3.11/site-packages/airflow/example_dags/example_complex.py took 0.139 seconds
[2024-02-14T12:10:37.312+0500] {processor.py:161} INFO - Started process (PID=36488) to work on /Library/Frameworks/Python.framework/Versions/3.11/lib/python3.11/site-packages/airflow/example_dags/example_complex.py
[2024-02-14T12:10:37.313+0500] {processor.py:830} INFO - Processing file /Library/Frameworks/Python.framework/Versions/3.11/lib/python3.11/site-packages/airflow/example_dags/example_complex.py for tasks to queue
[2024-02-14T12:10:37.313+0500] {logging_mixin.py:188} INFO - [2024-02-14T12:10:37.313+0500] {dagbag.py:538} INFO - Filling up the DagBag from /Library/Frameworks/Python.framework/Versions/3.11/lib/python3.11/site-packages/airflow/example_dags/example_complex.py
[2024-02-14T12:10:37.322+0500] {processor.py:840} INFO - DAG(s) 'example_complex' retrieved from /Library/Frameworks/Python.framework/Versions/3.11/lib/python3.11/site-packages/airflow/example_dags/example_complex.py
[2024-02-14T12:10:37.420+0500] {logging_mixin.py:188} INFO - [2024-02-14T12:10:37.420+0500] {dag.py:3036} INFO - Sync 1 DAGs
[2024-02-14T12:10:37.428+0500] {logging_mixin.py:188} INFO - [2024-02-14T12:10:37.428+0500] {dag.py:3823} INFO - Setting next_dagrun for example_complex to None, run_after=None
[2024-02-14T12:10:37.446+0500] {processor.py:183} INFO - Processing /Library/Frameworks/Python.framework/Versions/3.11/lib/python3.11/site-packages/airflow/example_dags/example_complex.py took 0.135 seconds
[2024-02-14T12:11:20.527+0500] {processor.py:161} INFO - Started process (PID=36608) to work on /Library/Frameworks/Python.framework/Versions/3.11/lib/python3.11/site-packages/airflow/example_dags/example_complex.py
[2024-02-14T12:11:20.528+0500] {processor.py:830} INFO - Processing file /Library/Frameworks/Python.framework/Versions/3.11/lib/python3.11/site-packages/airflow/example_dags/example_complex.py for tasks to queue
[2024-02-14T12:11:20.528+0500] {logging_mixin.py:188} INFO - [2024-02-14T12:11:20.528+0500] {dagbag.py:538} INFO - Filling up the DagBag from /Library/Frameworks/Python.framework/Versions/3.11/lib/python3.11/site-packages/airflow/example_dags/example_complex.py
[2024-02-14T12:11:20.538+0500] {processor.py:840} INFO - DAG(s) 'example_complex' retrieved from /Library/Frameworks/Python.framework/Versions/3.11/lib/python3.11/site-packages/airflow/example_dags/example_complex.py
[2024-02-14T12:11:20.633+0500] {logging_mixin.py:188} INFO - [2024-02-14T12:11:20.633+0500] {dag.py:3036} INFO - Sync 1 DAGs
[2024-02-14T12:11:20.643+0500] {logging_mixin.py:188} INFO - [2024-02-14T12:11:20.643+0500] {dag.py:3823} INFO - Setting next_dagrun for example_complex to None, run_after=None
[2024-02-14T12:11:20.664+0500] {processor.py:183} INFO - Processing /Library/Frameworks/Python.framework/Versions/3.11/lib/python3.11/site-packages/airflow/example_dags/example_complex.py took 0.139 seconds
[2024-02-14T12:12:04.654+0500] {processor.py:161} INFO - Started process (PID=36728) to work on /Library/Frameworks/Python.framework/Versions/3.11/lib/python3.11/site-packages/airflow/example_dags/example_complex.py
[2024-02-14T12:12:04.655+0500] {processor.py:830} INFO - Processing file /Library/Frameworks/Python.framework/Versions/3.11/lib/python3.11/site-packages/airflow/example_dags/example_complex.py for tasks to queue
[2024-02-14T12:12:04.656+0500] {logging_mixin.py:188} INFO - [2024-02-14T12:12:04.655+0500] {dagbag.py:538} INFO - Filling up the DagBag from /Library/Frameworks/Python.framework/Versions/3.11/lib/python3.11/site-packages/airflow/example_dags/example_complex.py
[2024-02-14T12:12:04.664+0500] {processor.py:840} INFO - DAG(s) 'example_complex' retrieved from /Library/Frameworks/Python.framework/Versions/3.11/lib/python3.11/site-packages/airflow/example_dags/example_complex.py
[2024-02-14T12:12:04.759+0500] {logging_mixin.py:188} INFO - [2024-02-14T12:12:04.759+0500] {dag.py:3036} INFO - Sync 1 DAGs
[2024-02-14T12:12:04.775+0500] {logging_mixin.py:188} INFO - [2024-02-14T12:12:04.775+0500] {dag.py:3823} INFO - Setting next_dagrun for example_complex to None, run_after=None
[2024-02-14T12:12:04.792+0500] {processor.py:183} INFO - Processing /Library/Frameworks/Python.framework/Versions/3.11/lib/python3.11/site-packages/airflow/example_dags/example_complex.py took 0.138 seconds
[2024-02-14T12:12:52.472+0500] {processor.py:161} INFO - Started process (PID=36856) to work on /Library/Frameworks/Python.framework/Versions/3.11/lib/python3.11/site-packages/airflow/example_dags/example_complex.py
[2024-02-14T12:12:52.473+0500] {processor.py:830} INFO - Processing file /Library/Frameworks/Python.framework/Versions/3.11/lib/python3.11/site-packages/airflow/example_dags/example_complex.py for tasks to queue
[2024-02-14T12:12:52.474+0500] {logging_mixin.py:188} INFO - [2024-02-14T12:12:52.474+0500] {dagbag.py:538} INFO - Filling up the DagBag from /Library/Frameworks/Python.framework/Versions/3.11/lib/python3.11/site-packages/airflow/example_dags/example_complex.py
[2024-02-14T12:12:52.482+0500] {processor.py:840} INFO - DAG(s) 'example_complex' retrieved from /Library/Frameworks/Python.framework/Versions/3.11/lib/python3.11/site-packages/airflow/example_dags/example_complex.py
[2024-02-14T12:12:52.581+0500] {logging_mixin.py:188} INFO - [2024-02-14T12:12:52.580+0500] {dag.py:3036} INFO - Sync 1 DAGs
[2024-02-14T12:12:52.590+0500] {logging_mixin.py:188} INFO - [2024-02-14T12:12:52.590+0500] {dag.py:3823} INFO - Setting next_dagrun for example_complex to None, run_after=None
[2024-02-14T12:12:52.608+0500] {processor.py:183} INFO - Processing /Library/Frameworks/Python.framework/Versions/3.11/lib/python3.11/site-packages/airflow/example_dags/example_complex.py took 0.137 seconds
[2024-02-14T12:13:37.001+0500] {processor.py:161} INFO - Started process (PID=36976) to work on /Library/Frameworks/Python.framework/Versions/3.11/lib/python3.11/site-packages/airflow/example_dags/example_complex.py
[2024-02-14T12:13:37.002+0500] {processor.py:830} INFO - Processing file /Library/Frameworks/Python.framework/Versions/3.11/lib/python3.11/site-packages/airflow/example_dags/example_complex.py for tasks to queue
[2024-02-14T12:13:37.003+0500] {logging_mixin.py:188} INFO - [2024-02-14T12:13:37.003+0500] {dagbag.py:538} INFO - Filling up the DagBag from /Library/Frameworks/Python.framework/Versions/3.11/lib/python3.11/site-packages/airflow/example_dags/example_complex.py
[2024-02-14T12:13:37.012+0500] {processor.py:840} INFO - DAG(s) 'example_complex' retrieved from /Library/Frameworks/Python.framework/Versions/3.11/lib/python3.11/site-packages/airflow/example_dags/example_complex.py
[2024-02-14T12:13:37.110+0500] {logging_mixin.py:188} INFO - [2024-02-14T12:13:37.109+0500] {dag.py:3036} INFO - Sync 1 DAGs
[2024-02-14T12:13:37.122+0500] {logging_mixin.py:188} INFO - [2024-02-14T12:13:37.122+0500] {dag.py:3823} INFO - Setting next_dagrun for example_complex to None, run_after=None
[2024-02-14T12:13:37.140+0500] {processor.py:183} INFO - Processing /Library/Frameworks/Python.framework/Versions/3.11/lib/python3.11/site-packages/airflow/example_dags/example_complex.py took 0.139 seconds
[2024-02-14T12:14:19.869+0500] {processor.py:161} INFO - Started process (PID=37100) to work on /Library/Frameworks/Python.framework/Versions/3.11/lib/python3.11/site-packages/airflow/example_dags/example_complex.py
[2024-02-14T12:14:19.870+0500] {processor.py:830} INFO - Processing file /Library/Frameworks/Python.framework/Versions/3.11/lib/python3.11/site-packages/airflow/example_dags/example_complex.py for tasks to queue
[2024-02-14T12:14:19.871+0500] {logging_mixin.py:188} INFO - [2024-02-14T12:14:19.871+0500] {dagbag.py:538} INFO - Filling up the DagBag from /Library/Frameworks/Python.framework/Versions/3.11/lib/python3.11/site-packages/airflow/example_dags/example_complex.py
[2024-02-14T12:14:19.880+0500] {processor.py:840} INFO - DAG(s) 'example_complex' retrieved from /Library/Frameworks/Python.framework/Versions/3.11/lib/python3.11/site-packages/airflow/example_dags/example_complex.py
[2024-02-14T12:14:19.973+0500] {logging_mixin.py:188} INFO - [2024-02-14T12:14:19.973+0500] {dag.py:3036} INFO - Sync 1 DAGs
[2024-02-14T12:14:19.986+0500] {logging_mixin.py:188} INFO - [2024-02-14T12:14:19.986+0500] {dag.py:3823} INFO - Setting next_dagrun for example_complex to None, run_after=None
[2024-02-14T12:14:20.004+0500] {processor.py:183} INFO - Processing /Library/Frameworks/Python.framework/Versions/3.11/lib/python3.11/site-packages/airflow/example_dags/example_complex.py took 0.135 seconds
[2024-02-14T12:15:02.494+0500] {processor.py:161} INFO - Started process (PID=37215) to work on /Library/Frameworks/Python.framework/Versions/3.11/lib/python3.11/site-packages/airflow/example_dags/example_complex.py
[2024-02-14T12:15:02.495+0500] {processor.py:830} INFO - Processing file /Library/Frameworks/Python.framework/Versions/3.11/lib/python3.11/site-packages/airflow/example_dags/example_complex.py for tasks to queue
[2024-02-14T12:15:02.496+0500] {logging_mixin.py:188} INFO - [2024-02-14T12:15:02.496+0500] {dagbag.py:538} INFO - Filling up the DagBag from /Library/Frameworks/Python.framework/Versions/3.11/lib/python3.11/site-packages/airflow/example_dags/example_complex.py
[2024-02-14T12:15:02.505+0500] {processor.py:840} INFO - DAG(s) 'example_complex' retrieved from /Library/Frameworks/Python.framework/Versions/3.11/lib/python3.11/site-packages/airflow/example_dags/example_complex.py
[2024-02-14T12:15:02.627+0500] {logging_mixin.py:188} INFO - [2024-02-14T12:15:02.627+0500] {dag.py:3036} INFO - Sync 1 DAGs
[2024-02-14T12:15:02.637+0500] {logging_mixin.py:188} INFO - [2024-02-14T12:15:02.637+0500] {dag.py:3823} INFO - Setting next_dagrun for example_complex to None, run_after=None
[2024-02-14T12:15:02.657+0500] {processor.py:183} INFO - Processing /Library/Frameworks/Python.framework/Versions/3.11/lib/python3.11/site-packages/airflow/example_dags/example_complex.py took 0.163 seconds
[2024-02-14T12:15:50.487+0500] {processor.py:161} INFO - Started process (PID=37342) to work on /Library/Frameworks/Python.framework/Versions/3.11/lib/python3.11/site-packages/airflow/example_dags/example_complex.py
[2024-02-14T12:15:50.488+0500] {processor.py:830} INFO - Processing file /Library/Frameworks/Python.framework/Versions/3.11/lib/python3.11/site-packages/airflow/example_dags/example_complex.py for tasks to queue
[2024-02-14T12:15:50.489+0500] {logging_mixin.py:188} INFO - [2024-02-14T12:15:50.489+0500] {dagbag.py:538} INFO - Filling up the DagBag from /Library/Frameworks/Python.framework/Versions/3.11/lib/python3.11/site-packages/airflow/example_dags/example_complex.py
[2024-02-14T12:15:50.498+0500] {processor.py:840} INFO - DAG(s) 'example_complex' retrieved from /Library/Frameworks/Python.framework/Versions/3.11/lib/python3.11/site-packages/airflow/example_dags/example_complex.py
[2024-02-14T12:15:50.602+0500] {logging_mixin.py:188} INFO - [2024-02-14T12:15:50.601+0500] {dag.py:3036} INFO - Sync 1 DAGs
[2024-02-14T12:15:50.610+0500] {logging_mixin.py:188} INFO - [2024-02-14T12:15:50.610+0500] {dag.py:3823} INFO - Setting next_dagrun for example_complex to None, run_after=None
[2024-02-14T12:15:50.632+0500] {processor.py:183} INFO - Processing /Library/Frameworks/Python.framework/Versions/3.11/lib/python3.11/site-packages/airflow/example_dags/example_complex.py took 0.146 seconds
[2024-02-14T12:16:34.868+0500] {processor.py:161} INFO - Started process (PID=37462) to work on /Library/Frameworks/Python.framework/Versions/3.11/lib/python3.11/site-packages/airflow/example_dags/example_complex.py
[2024-02-14T12:16:34.868+0500] {processor.py:830} INFO - Processing file /Library/Frameworks/Python.framework/Versions/3.11/lib/python3.11/site-packages/airflow/example_dags/example_complex.py for tasks to queue
[2024-02-14T12:16:34.869+0500] {logging_mixin.py:188} INFO - [2024-02-14T12:16:34.869+0500] {dagbag.py:538} INFO - Filling up the DagBag from /Library/Frameworks/Python.framework/Versions/3.11/lib/python3.11/site-packages/airflow/example_dags/example_complex.py
[2024-02-14T12:16:34.878+0500] {processor.py:840} INFO - DAG(s) 'example_complex' retrieved from /Library/Frameworks/Python.framework/Versions/3.11/lib/python3.11/site-packages/airflow/example_dags/example_complex.py
[2024-02-14T12:16:34.980+0500] {logging_mixin.py:188} INFO - [2024-02-14T12:16:34.980+0500] {dag.py:3036} INFO - Sync 1 DAGs
[2024-02-14T12:16:35.001+0500] {logging_mixin.py:188} INFO - [2024-02-14T12:16:35.001+0500] {dag.py:3823} INFO - Setting next_dagrun for example_complex to None, run_after=None
[2024-02-14T12:16:35.017+0500] {processor.py:183} INFO - Processing /Library/Frameworks/Python.framework/Versions/3.11/lib/python3.11/site-packages/airflow/example_dags/example_complex.py took 0.150 seconds
[2024-02-14T12:17:21.039+0500] {processor.py:161} INFO - Started process (PID=37598) to work on /Library/Frameworks/Python.framework/Versions/3.11/lib/python3.11/site-packages/airflow/example_dags/example_complex.py
[2024-02-14T12:17:21.040+0500] {processor.py:830} INFO - Processing file /Library/Frameworks/Python.framework/Versions/3.11/lib/python3.11/site-packages/airflow/example_dags/example_complex.py for tasks to queue
[2024-02-14T12:17:21.040+0500] {logging_mixin.py:188} INFO - [2024-02-14T12:17:21.040+0500] {dagbag.py:538} INFO - Filling up the DagBag from /Library/Frameworks/Python.framework/Versions/3.11/lib/python3.11/site-packages/airflow/example_dags/example_complex.py
[2024-02-14T12:17:21.049+0500] {processor.py:840} INFO - DAG(s) 'example_complex' retrieved from /Library/Frameworks/Python.framework/Versions/3.11/lib/python3.11/site-packages/airflow/example_dags/example_complex.py
[2024-02-14T12:17:21.143+0500] {logging_mixin.py:188} INFO - [2024-02-14T12:17:21.143+0500] {dag.py:3036} INFO - Sync 1 DAGs
[2024-02-14T12:17:21.153+0500] {logging_mixin.py:188} INFO - [2024-02-14T12:17:21.153+0500] {dag.py:3823} INFO - Setting next_dagrun for example_complex to None, run_after=None
[2024-02-14T12:17:21.169+0500] {processor.py:183} INFO - Processing /Library/Frameworks/Python.framework/Versions/3.11/lib/python3.11/site-packages/airflow/example_dags/example_complex.py took 0.131 seconds
[2024-02-14T12:18:05.612+0500] {processor.py:161} INFO - Started process (PID=37730) to work on /Library/Frameworks/Python.framework/Versions/3.11/lib/python3.11/site-packages/airflow/example_dags/example_complex.py
[2024-02-14T12:18:05.613+0500] {processor.py:830} INFO - Processing file /Library/Frameworks/Python.framework/Versions/3.11/lib/python3.11/site-packages/airflow/example_dags/example_complex.py for tasks to queue
[2024-02-14T12:18:05.614+0500] {logging_mixin.py:188} INFO - [2024-02-14T12:18:05.613+0500] {dagbag.py:538} INFO - Filling up the DagBag from /Library/Frameworks/Python.framework/Versions/3.11/lib/python3.11/site-packages/airflow/example_dags/example_complex.py
[2024-02-14T12:18:05.623+0500] {processor.py:840} INFO - DAG(s) 'example_complex' retrieved from /Library/Frameworks/Python.framework/Versions/3.11/lib/python3.11/site-packages/airflow/example_dags/example_complex.py
[2024-02-14T12:18:05.728+0500] {logging_mixin.py:188} INFO - [2024-02-14T12:18:05.728+0500] {dag.py:3036} INFO - Sync 1 DAGs
[2024-02-14T12:18:05.737+0500] {logging_mixin.py:188} INFO - [2024-02-14T12:18:05.737+0500] {dag.py:3823} INFO - Setting next_dagrun for example_complex to None, run_after=None
[2024-02-14T12:18:05.753+0500] {processor.py:183} INFO - Processing /Library/Frameworks/Python.framework/Versions/3.11/lib/python3.11/site-packages/airflow/example_dags/example_complex.py took 0.141 seconds
[2024-02-14T12:18:52.792+0500] {processor.py:161} INFO - Started process (PID=37858) to work on /Library/Frameworks/Python.framework/Versions/3.11/lib/python3.11/site-packages/airflow/example_dags/example_complex.py
[2024-02-14T12:18:52.793+0500] {processor.py:830} INFO - Processing file /Library/Frameworks/Python.framework/Versions/3.11/lib/python3.11/site-packages/airflow/example_dags/example_complex.py for tasks to queue
[2024-02-14T12:18:52.794+0500] {logging_mixin.py:188} INFO - [2024-02-14T12:18:52.794+0500] {dagbag.py:538} INFO - Filling up the DagBag from /Library/Frameworks/Python.framework/Versions/3.11/lib/python3.11/site-packages/airflow/example_dags/example_complex.py
[2024-02-14T12:18:52.803+0500] {processor.py:840} INFO - DAG(s) 'example_complex' retrieved from /Library/Frameworks/Python.framework/Versions/3.11/lib/python3.11/site-packages/airflow/example_dags/example_complex.py
[2024-02-14T12:18:52.916+0500] {logging_mixin.py:188} INFO - [2024-02-14T12:18:52.916+0500] {dag.py:3036} INFO - Sync 1 DAGs
[2024-02-14T12:18:52.926+0500] {logging_mixin.py:188} INFO - [2024-02-14T12:18:52.926+0500] {dag.py:3823} INFO - Setting next_dagrun for example_complex to None, run_after=None
[2024-02-14T12:18:52.941+0500] {processor.py:183} INFO - Processing /Library/Frameworks/Python.framework/Versions/3.11/lib/python3.11/site-packages/airflow/example_dags/example_complex.py took 0.149 seconds
